<?xml version="1.0" encoding="UTF-8"?>
<testsuites>
  <testsuite name="" tests="77" assertions="113" errors="0" warnings="0" failures="0" skipped="5" time="1.716092">
    <testsuite name="Project Test Suite" tests="77" assertions="113" errors="0" warnings="0" failures="0" skipped="5" time="1.716092">
      <testsuite name="App\Card\CardTest" file="/Users/alex/dbwebb-kurser/mvc/me/report/tests/Card/CardTest.php" tests="5" assertions="5" errors="0" warnings="0" failures="0" skipped="0" time="0.029751">
        <testcase name="testCreateCard" class="App\Card\CardTest" classname="App.Card.CardTest" file="/Users/alex/dbwebb-kurser/mvc/me/report/tests/Card/CardTest.php" line="16" assertions="1" time="0.025758"/>
        <testcase name="testGetRank" class="App\Card\CardTest" classname="App.Card.CardTest" file="/Users/alex/dbwebb-kurser/mvc/me/report/tests/Card/CardTest.php" line="28" assertions="1" time="0.001815"/>
        <testcase name="testGetSuit" class="App\Card\CardTest" classname="App.Card.CardTest" file="/Users/alex/dbwebb-kurser/mvc/me/report/tests/Card/CardTest.php" line="39" assertions="1" time="0.000744"/>
        <testcase name="testCardToString" class="App\Card\CardTest" classname="App.Card.CardTest" file="/Users/alex/dbwebb-kurser/mvc/me/report/tests/Card/CardTest.php" line="50" assertions="1" time="0.000685"/>
        <testcase name="testCardGraphicToString" class="App\Card\CardTest" classname="App.Card.CardTest" file="/Users/alex/dbwebb-kurser/mvc/me/report/tests/Card/CardTest.php" line="61" assertions="1" time="0.000750"/>
      </testsuite>
      <testsuite name="App\Card\DeckOfCardsTest" file="/Users/alex/dbwebb-kurser/mvc/me/report/tests/Card/DeckOfCardsTest.php" tests="11" assertions="14" errors="0" warnings="0" failures="0" skipped="0" time="0.081005">
        <testcase name="testCreateDeckNoArgument" class="App\Card\DeckOfCardsTest" classname="App.Card.DeckOfCardsTest" file="/Users/alex/dbwebb-kurser/mvc/me/report/tests/Card/DeckOfCardsTest.php" line="15" assertions="2" time="0.007831"/>
        <testcase name="testCreateDeckWithArgument" class="App\Card\DeckOfCardsTest" classname="App.Card.DeckOfCardsTest" file="/Users/alex/dbwebb-kurser/mvc/me/report/tests/Card/DeckOfCardsTest.php" line="27" assertions="1" time="0.027745"/>
        <testcase name="testCreateEmptyDeck" class="App\Card\DeckOfCardsTest" classname="App.Card.DeckOfCardsTest" file="/Users/alex/dbwebb-kurser/mvc/me/report/tests/Card/DeckOfCardsTest.php" line="42" assertions="1" time="0.002874"/>
        <testcase name="testAddCard" class="App\Card\DeckOfCardsTest" classname="App.Card.DeckOfCardsTest" file="/Users/alex/dbwebb-kurser/mvc/me/report/tests/Card/DeckOfCardsTest.php" line="52" assertions="1" time="0.001303"/>
        <testcase name="testGetCardsAsString" class="App\Card\DeckOfCardsTest" classname="App.Card.DeckOfCardsTest" file="/Users/alex/dbwebb-kurser/mvc/me/report/tests/Card/DeckOfCardsTest.php" line="71" assertions="1" time="0.024248"/>
        <testcase name="testGetCardValues" class="App\Card\DeckOfCardsTest" classname="App.Card.DeckOfCardsTest" file="/Users/alex/dbwebb-kurser/mvc/me/report/tests/Card/DeckOfCardsTest.php" line="90" assertions="1" time="0.001950"/>
        <testcase name="testGetCardCount" class="App\Card\DeckOfCardsTest" classname="App.Card.DeckOfCardsTest" file="/Users/alex/dbwebb-kurser/mvc/me/report/tests/Card/DeckOfCardsTest.php" line="108" assertions="1" time="0.001298"/>
        <testcase name="testDrawSingleCardIsSame" class="App\Card\DeckOfCardsTest" classname="App.Card.DeckOfCardsTest" file="/Users/alex/dbwebb-kurser/mvc/me/report/tests/Card/DeckOfCardsTest.php" line="121" assertions="2" time="0.001448"/>
        <testcase name="testDrawMultipleCardsCountOk" class="App\Card\DeckOfCardsTest" classname="App.Card.DeckOfCardsTest" file="/Users/alex/dbwebb-kurser/mvc/me/report/tests/Card/DeckOfCardsTest.php" line="134" assertions="2" time="0.001545"/>
        <testcase name="testDrawMultipleCardsOrderIsOk" class="App\Card\DeckOfCardsTest" classname="App.Card.DeckOfCardsTest" file="/Users/alex/dbwebb-kurser/mvc/me/report/tests/Card/DeckOfCardsTest.php" line="148" assertions="1" time="0.002758"/>
        <testcase name="testShuffleCards" class="App\Card\DeckOfCardsTest" classname="App.Card.DeckOfCardsTest" file="/Users/alex/dbwebb-kurser/mvc/me/report/tests/Card/DeckOfCardsTest.php" line="164" assertions="1" time="0.008005"/>
      </testsuite>
      <testsuite name="App\Tests\Controller\TwentyOneGameControllerTest" file="/Users/alex/dbwebb-kurser/mvc/me/report/tests/Controller/TwentyOneGameControllerTest.php" tests="9" assertions="8" errors="0" warnings="0" failures="0" skipped="5" time="1.221849">
        <testcase name="testIndex" class="App\Tests\Controller\TwentyOneGameControllerTest" classname="App.Tests.Controller.TwentyOneGameControllerTest" file="/Users/alex/dbwebb-kurser/mvc/me/report/tests/Controller/TwentyOneGameControllerTest.php" line="18" assertions="0" time="0.008249">
          <skipped/>
        </testcase>
        <testsuite name="App\Tests\Controller\TwentyOneGameControllerTest::testInitBankerSuccess" tests="3" assertions="0" errors="0" warnings="0" failures="0" skipped="3" time="0.004001">
          <testcase name="testInitBankerSuccess with data set &quot;Easy Banker&quot;" class="App\Tests\Controller\TwentyOneGameControllerTest" classname="App.Tests.Controller.TwentyOneGameControllerTest" file="/Users/alex/dbwebb-kurser/mvc/me/report/tests/Controller/TwentyOneGameControllerTest.php" line="50" assertions="0" time="0.001202">
            <skipped/>
          </testcase>
          <testcase name="testInitBankerSuccess with data set &quot;Medium Banker&quot;" class="App\Tests\Controller\TwentyOneGameControllerTest" classname="App.Tests.Controller.TwentyOneGameControllerTest" file="/Users/alex/dbwebb-kurser/mvc/me/report/tests/Controller/TwentyOneGameControllerTest.php" line="50" assertions="0" time="0.001652">
            <skipped/>
          </testcase>
          <testcase name="testInitBankerSuccess with data set &quot;Hard Banker&quot;" class="App\Tests\Controller\TwentyOneGameControllerTest" classname="App.Tests.Controller.TwentyOneGameControllerTest" file="/Users/alex/dbwebb-kurser/mvc/me/report/tests/Controller/TwentyOneGameControllerTest.php" line="50" assertions="0" time="0.001147">
            <skipped/>
          </testcase>
        </testsuite>
        <testcase name="testInitBankerFail" class="App\Tests\Controller\TwentyOneGameControllerTest" classname="App.Tests.Controller.TwentyOneGameControllerTest" file="/Users/alex/dbwebb-kurser/mvc/me/report/tests/Controller/TwentyOneGameControllerTest.php" line="71" assertions="0" time="0.001191">
          <skipped/>
        </testcase>
        <testsuite name="App\Tests\Controller\TwentyOneGameControllerTest::testStay" tests="2" assertions="4" errors="0" warnings="0" failures="0" skipped="0" time="1.146366">
          <testcase name="testStay with data set &quot;Banker wins&quot;" class="App\Tests\Controller\TwentyOneGameControllerTest" classname="App.Tests.Controller.TwentyOneGameControllerTest" file="/Users/alex/dbwebb-kurser/mvc/me/report/tests/Controller/TwentyOneGameControllerTest.php" line="105" assertions="2" time="1.122662"/>
          <testcase name="testStay with data set &quot;Player wins&quot;" class="App\Tests\Controller\TwentyOneGameControllerTest" classname="App.Tests.Controller.TwentyOneGameControllerTest" file="/Users/alex/dbwebb-kurser/mvc/me/report/tests/Controller/TwentyOneGameControllerTest.php" line="105" assertions="2" time="0.023704"/>
        </testsuite>
        <testsuite name="App\Tests\Controller\TwentyOneGameControllerTest::testHit" tests="2" assertions="4" errors="0" warnings="0" failures="0" skipped="0" time="0.062042">
          <testcase name="testHit with data set &quot;Banker wins&quot;" class="App\Tests\Controller\TwentyOneGameControllerTest" classname="App.Tests.Controller.TwentyOneGameControllerTest" file="/Users/alex/dbwebb-kurser/mvc/me/report/tests/Controller/TwentyOneGameControllerTest.php" line="152" assertions="2" time="0.026874"/>
          <testcase name="testHit with data set &quot;Player wins&quot;" class="App\Tests\Controller\TwentyOneGameControllerTest" classname="App.Tests.Controller.TwentyOneGameControllerTest" file="/Users/alex/dbwebb-kurser/mvc/me/report/tests/Controller/TwentyOneGameControllerTest.php" line="152" assertions="2" time="0.035168"/>
        </testsuite>
      </testsuite>
      <testsuite name="App\Game\BettingManagerTest" file="/Users/alex/dbwebb-kurser/mvc/me/report/tests/Game/BettingManagerTest.php" tests="7" assertions="11" errors="0" warnings="0" failures="0" skipped="0" time="0.026531">
        <testcase name="testCreateBettingManagerNoArguments" class="App\Game\BettingManagerTest" classname="App.Game.BettingManagerTest" file="/Users/alex/dbwebb-kurser/mvc/me/report/tests/Game/BettingManagerTest.php" line="15" assertions="3" time="0.001175"/>
        <testcase name="testCreateBettingManagerWithArgumentsOk" class="App\Game\BettingManagerTest" classname="App.Game.BettingManagerTest" file="/Users/alex/dbwebb-kurser/mvc/me/report/tests/Game/BettingManagerTest.php" line="27" assertions="3" time="0.002598"/>
        <testsuite name="App\Game\BettingManagerTest::testCreateBettingManagerWithArgumentsRaisesException" tests="3" assertions="3" errors="0" warnings="0" failures="0" skipped="0" time="0.011497">
          <testcase name="testCreateBettingManagerWithArgumentsRaisesException with data set &quot;step larger than max&quot;" class="App\Game\BettingManagerTest" classname="App.Game.BettingManagerTest" file="/Users/alex/dbwebb-kurser/mvc/me/report/tests/Game/BettingManagerTest.php" line="55" assertions="1" time="0.006260"/>
          <testcase name="testCreateBettingManagerWithArgumentsRaisesException with data set &quot;step smaller than 1&quot;" class="App\Game\BettingManagerTest" classname="App.Game.BettingManagerTest" file="/Users/alex/dbwebb-kurser/mvc/me/report/tests/Game/BettingManagerTest.php" line="55" assertions="1" time="0.001136"/>
          <testcase name="testCreateBettingManagerWithArgumentsRaisesException with data set &quot;max not divisible by step&quot;" class="App\Game\BettingManagerTest" classname="App.Game.BettingManagerTest" file="/Users/alex/dbwebb-kurser/mvc/me/report/tests/Game/BettingManagerTest.php" line="55" assertions="1" time="0.004100"/>
        </testsuite>
        <testcase name="testIsBettingFalse" class="App\Game\BettingManagerTest" classname="App.Game.BettingManagerTest" file="/Users/alex/dbwebb-kurser/mvc/me/report/tests/Game/BettingManagerTest.php" line="64" assertions="1" time="0.006057"/>
        <testcase name="testSetBettingTrue" class="App\Game\BettingManagerTest" classname="App.Game.BettingManagerTest" file="/Users/alex/dbwebb-kurser/mvc/me/report/tests/Game/BettingManagerTest.php" line="73" assertions="1" time="0.005204"/>
      </testsuite>
      <testsuite name="App\Game\EasyBankerTest" file="/Users/alex/dbwebb-kurser/mvc/me/report/tests/Game/EasyBankerTest.php" tests="3" assertions="3" errors="0" warnings="0" failures="0" skipped="0" time="0.035916">
        <testsuite name="App\Game\EasyBankerTest::testKeepHitting" tests="3" assertions="3" errors="0" warnings="0" failures="0" skipped="0" time="0.035916">
          <testcase name="testKeepHitting with data set &quot;add 5 and 7 (under 17)&quot;" class="App\Game\EasyBankerTest" classname="App.Game.EasyBankerTest" file="/Users/alex/dbwebb-kurser/mvc/me/report/tests/Game/EasyBankerTest.php" line="31" assertions="1" time="0.030224"/>
          <testcase name="testKeepHitting with data set &quot;add 10 and 7 (exactly 17)&quot;" class="App\Game\EasyBankerTest" classname="App.Game.EasyBankerTest" file="/Users/alex/dbwebb-kurser/mvc/me/report/tests/Game/EasyBankerTest.php" line="31" assertions="1" time="0.002360"/>
          <testcase name="testKeepHitting with data set &quot;add 10, 5 and 7 (over 17)&quot;" class="App\Game\EasyBankerTest" classname="App.Game.EasyBankerTest" file="/Users/alex/dbwebb-kurser/mvc/me/report/tests/Game/EasyBankerTest.php" line="31" assertions="1" time="0.003331"/>
        </testsuite>
      </testsuite>
      <testsuite name="App\Game\GameHasWonTest" file="/Users/alex/dbwebb-kurser/mvc/me/report/tests/Game/GameHasWonTest.php" tests="7" assertions="7" errors="0" warnings="0" failures="0" skipped="0" time="0.039630">
        <testsuite name="App\Game\GameHasWonTest::testHasWon" tests="7" assertions="7" errors="0" warnings="0" failures="0" skipped="0" time="0.039630">
          <testcase name="testHasWon with data set &quot;Player over 21 — Banker wins&quot;" class="App\Game\GameHasWonTest" classname="App.Game.GameHasWonTest" file="/Users/alex/dbwebb-kurser/mvc/me/report/tests/Game/GameHasWonTest.php" line="35" assertions="1" time="0.020018"/>
          <testcase name="testHasWon with data set &quot;Player scores 21 — Player wins&quot;" class="App\Game\GameHasWonTest" classname="App.Game.GameHasWonTest" file="/Users/alex/dbwebb-kurser/mvc/me/report/tests/Game/GameHasWonTest.php" line="35" assertions="1" time="0.001890"/>
          <testcase name="testHasWon with data set &quot;Player over banker — Player wins&quot;" class="App\Game\GameHasWonTest" classname="App.Game.GameHasWonTest" file="/Users/alex/dbwebb-kurser/mvc/me/report/tests/Game/GameHasWonTest.php" line="35" assertions="1" time="0.003302"/>
          <testcase name="testHasWon with data set &quot;Banker over 21 — Player wins&quot;" class="App\Game\GameHasWonTest" classname="App.Game.GameHasWonTest" file="/Users/alex/dbwebb-kurser/mvc/me/report/tests/Game/GameHasWonTest.php" line="35" assertions="1" time="0.005027"/>
          <testcase name="testHasWon with data set &quot;Banker over player — Banker wins&quot;" class="App\Game\GameHasWonTest" classname="App.Game.GameHasWonTest" file="/Users/alex/dbwebb-kurser/mvc/me/report/tests/Game/GameHasWonTest.php" line="35" assertions="1" time="0.005038"/>
          <testcase name="testHasWon with data set &quot;Same score — Banker wins&quot;" class="App\Game\GameHasWonTest" classname="App.Game.GameHasWonTest" file="/Users/alex/dbwebb-kurser/mvc/me/report/tests/Game/GameHasWonTest.php" line="35" assertions="1" time="0.002030"/>
          <testcase name="testHasWon with data set &quot;Only player score — No winner&quot;" class="App\Game\GameHasWonTest" classname="App.Game.GameHasWonTest" file="/Users/alex/dbwebb-kurser/mvc/me/report/tests/Game/GameHasWonTest.php" line="35" assertions="1" time="0.002325"/>
        </testsuite>
      </testsuite>
      <testsuite name="App\Game\GameManagerBankerTest" file="/Users/alex/dbwebb-kurser/mvc/me/report/tests/Game/GameManagerBankerTest.php" tests="1" assertions="3" errors="0" warnings="0" failures="0" skipped="0" time="0.002858">
        <testcase name="testDealBanker" class="App\Game\GameManagerBankerTest" classname="App.Game.GameManagerBankerTest" file="/Users/alex/dbwebb-kurser/mvc/me/report/tests/Game/GameManagerBankerTest.php" line="29" assertions="3" time="0.002858"/>
      </testsuite>
      <testsuite name="App\Game\GameManagerPlayerTest" file="/Users/alex/dbwebb-kurser/mvc/me/report/tests/Game/GameManagerPlayerTest.php" tests="8" assertions="15" errors="0" warnings="0" failures="0" skipped="0" time="0.036992">
        <testsuite name="App\Game\GameManagerPlayerTest::testDealPlayer" tests="3" assertions="9" errors="0" warnings="0" failures="0" skipped="0" time="0.014739">
          <testcase name="testDealPlayer with data set &quot;Deal 1 card (sum 13)&quot;" class="App\Game\GameManagerPlayerTest" classname="App.Game.GameManagerPlayerTest" file="/Users/alex/dbwebb-kurser/mvc/me/report/tests/Game/GameManagerPlayerTest.php" line="45" assertions="3" time="0.006789"/>
          <testcase name="testDealPlayer with data set &quot;Deal 2 cards (sum 25)&quot;" class="App\Game\GameManagerPlayerTest" classname="App.Game.GameManagerPlayerTest" file="/Users/alex/dbwebb-kurser/mvc/me/report/tests/Game/GameManagerPlayerTest.php" line="45" assertions="3" time="0.004496"/>
          <testcase name="testDealPlayer with data set &quot;Deal 3 cards (sum 36)&quot;" class="App\Game\GameManagerPlayerTest" classname="App.Game.GameManagerPlayerTest" file="/Users/alex/dbwebb-kurser/mvc/me/report/tests/Game/GameManagerPlayerTest.php" line="45" assertions="3" time="0.003455"/>
        </testsuite>
        <testsuite name="App\Game\GameManagerPlayerTest::testGetPlayerBurstRisk" tests="4" assertions="4" errors="0" warnings="0" failures="0" skipped="0" time="0.020019">
          <testcase name="testGetPlayerBurstRisk with data set &quot;No card will put the player over 21 — 0% risk&quot;" class="App\Game\GameManagerPlayerTest" classname="App.Game.GameManagerPlayerTest" file="/Users/alex/dbwebb-kurser/mvc/me/report/tests/Game/GameManagerPlayerTest.php" line="91" assertions="1" time="0.006695"/>
          <testcase name="testGetPlayerBurstRisk with data set &quot;1 of 4 cards will put player over 21 - 25% risk&quot;" class="App\Game\GameManagerPlayerTest" classname="App.Game.GameManagerPlayerTest" file="/Users/alex/dbwebb-kurser/mvc/me/report/tests/Game/GameManagerPlayerTest.php" line="91" assertions="1" time="0.006228"/>
          <testcase name="testGetPlayerBurstRisk with data set &quot;1 of 2 cards will put player over 21 - 50% risk&quot;" class="App\Game\GameManagerPlayerTest" classname="App.Game.GameManagerPlayerTest" file="/Users/alex/dbwebb-kurser/mvc/me/report/tests/Game/GameManagerPlayerTest.php" line="91" assertions="1" time="0.004299"/>
          <testcase name="testGetPlayerBurstRisk with data set &quot;All cards will put player over 21 - 100% risk&quot;" class="App\Game\GameManagerPlayerTest" classname="App.Game.GameManagerPlayerTest" file="/Users/alex/dbwebb-kurser/mvc/me/report/tests/Game/GameManagerPlayerTest.php" line="91" assertions="1" time="0.002798"/>
        </testsuite>
        <testcase name="testSetAssistanceMode" class="App\Game\GameManagerPlayerTest" classname="App.Game.GameManagerPlayerTest" file="/Users/alex/dbwebb-kurser/mvc/me/report/tests/Game/GameManagerPlayerTest.php" line="116" assertions="2" time="0.002233"/>
      </testsuite>
      <testsuite name="App\Game\HardBankerTest" file="/Users/alex/dbwebb-kurser/mvc/me/report/tests/Game/HardBankerTest.php" tests="3" assertions="3" errors="0" warnings="0" failures="0" skipped="0" time="0.016068">
        <testsuite name="App\Game\HardBankerTest::testKeepHitting" tests="3" assertions="3" errors="0" warnings="0" failures="0" skipped="0" time="0.016068">
          <testcase name="testKeepHitting with data set &quot;add 5 and 7 (less than player)&quot;" class="App\Game\HardBankerTest" classname="App.Game.HardBankerTest" file="/Users/alex/dbwebb-kurser/mvc/me/report/tests/Game/HardBankerTest.php" line="32" assertions="1" time="0.008962"/>
          <testcase name="testKeepHitting with data set &quot;add 10 and 8 (same as player)&quot;" class="App\Game\HardBankerTest" classname="App.Game.HardBankerTest" file="/Users/alex/dbwebb-kurser/mvc/me/report/tests/Game/HardBankerTest.php" line="32" assertions="1" time="0.002751"/>
          <testcase name="testKeepHitting with data set &quot;add 7, 3 and 6 (more than player)&quot;" class="App\Game\HardBankerTest" classname="App.Game.HardBankerTest" file="/Users/alex/dbwebb-kurser/mvc/me/report/tests/Game/HardBankerTest.php" line="32" assertions="1" time="0.004355"/>
        </testsuite>
      </testsuite>
      <testsuite name="App\Game\MediumBankerTest" file="/Users/alex/dbwebb-kurser/mvc/me/report/tests/Game/MediumBankerTest.php" tests="8" assertions="8" errors="0" warnings="0" failures="0" skipped="0" time="0.053222">
        <testsuite name="App\Game\MediumBankerTest::testKeepHitting" tests="6" assertions="6" errors="0" warnings="0" failures="0" skipped="0" time="0.033548">
          <testcase name="testKeepHitting with data set &quot;add 3 and 4 (no risk of bursting)&quot;" class="App\Game\MediumBankerTest" classname="App.Game.MediumBankerTest" file="/Users/alex/dbwebb-kurser/mvc/me/report/tests/Game/MediumBankerTest.php" line="34" assertions="1" time="0.007391"/>
          <testcase name="testKeepHitting with data set &quot;add 4, 4 and 3 (low (≈ 24%) risk of bursting)&quot;" class="App\Game\MediumBankerTest" classname="App.Game.MediumBankerTest" file="/Users/alex/dbwebb-kurser/mvc/me/report/tests/Game/MediumBankerTest.php" line="34" assertions="1" time="0.005885"/>
          <testcase name="testKeepHitting with data set &quot;add 5, 5, and 4 (≈ 49% risk of bursting)&quot;" class="App\Game\MediumBankerTest" classname="App.Game.MediumBankerTest" file="/Users/alex/dbwebb-kurser/mvc/me/report/tests/Game/MediumBankerTest.php" line="34" assertions="1" time="0.004904"/>
          <testcase name="testKeepHitting with data set &quot;add 2, 3, 4 and 5 (50% risk of bursting)&quot;" class="App\Game\MediumBankerTest" classname="App.Game.MediumBankerTest" file="/Users/alex/dbwebb-kurser/mvc/me/report/tests/Game/MediumBankerTest.php" line="34" assertions="1" time="0.006242"/>
          <testcase name="testKeepHitting with data set &quot;add 3, 3, 3, 4 and 1 (≈ 51% risk of bursting)&quot;" class="App\Game\MediumBankerTest" classname="App.Game.MediumBankerTest" file="/Users/alex/dbwebb-kurser/mvc/me/report/tests/Game/MediumBankerTest.php" line="34" assertions="1" time="0.005670"/>
          <testcase name="testKeepHitting with data set &quot;add 10 and 9 (high (84 %) risk of bursting)&quot;" class="App\Game\MediumBankerTest" classname="App.Game.MediumBankerTest" file="/Users/alex/dbwebb-kurser/mvc/me/report/tests/Game/MediumBankerTest.php" line="34" assertions="1" time="0.003456"/>
        </testsuite>
        <testsuite name="App\Game\MediumBankerTest::testKeepHittingCardsRemoved" tests="2" assertions="2" errors="0" warnings="0" failures="0" skipped="0" time="0.019674">
          <testcase name="testKeepHittingCardsRemoved with data set &quot;remove 10 and 5, add 6 and 8 (≈ 46% risk of bursting)&quot;" class="App\Game\MediumBankerTest" classname="App.Game.MediumBankerTest" file="/Users/alex/dbwebb-kurser/mvc/me/report/tests/Game/MediumBankerTest.php" line="69" assertions="1" time="0.004166"/>
          <testcase name="testKeepHittingCardsRemoved with data set &quot;remove 7, 8 and 9, add 4, 5 and 6 (≈ 54% risk of bursting)&quot;" class="App\Game\MediumBankerTest" classname="App.Game.MediumBankerTest" file="/Users/alex/dbwebb-kurser/mvc/me/report/tests/Game/MediumBankerTest.php" line="69" assertions="1" time="0.015508"/>
        </testsuite>
      </testsuite>
      <testsuite name="App\Game\PlaceBetTest" file="/Users/alex/dbwebb-kurser/mvc/me/report/tests/Game/PlaceBetTest.php" tests="6" assertions="12" errors="0" warnings="0" failures="0" skipped="0" time="0.015991">
        <testsuite name="App\Game\PlaceBetTest::testPlaceBet" tests="3" assertions="9" errors="0" warnings="0" failures="0" skipped="0" time="0.006462">
          <testcase name="testPlaceBet with data set &quot;bet ok&quot;" class="App\Game\PlaceBetTest" classname="App.Game.PlaceBetTest" file="/Users/alex/dbwebb-kurser/mvc/me/report/tests/Game/PlaceBetTest.php" line="33" assertions="3" time="0.001175"/>
          <testcase name="testPlaceBet with data set &quot;bet not ok — not enough coins&quot;" class="App\Game\PlaceBetTest" classname="App.Game.PlaceBetTest" file="/Users/alex/dbwebb-kurser/mvc/me/report/tests/Game/PlaceBetTest.php" line="33" assertions="3" time="0.001163"/>
          <testcase name="testPlaceBet with data set &quot;bet not ok — incorrect step&quot;" class="App\Game\PlaceBetTest" classname="App.Game.PlaceBetTest" file="/Users/alex/dbwebb-kurser/mvc/me/report/tests/Game/PlaceBetTest.php" line="33" assertions="3" time="0.004125"/>
        </testsuite>
        <testsuite name="App\Game\PlaceBetTest::testPlaceBetGetStake" tests="2" assertions="2" errors="0" warnings="0" failures="0" skipped="0" time="0.008107">
          <testcase name="testPlaceBetGetStake with data set &quot;bet ok - update stake &quot;" class="App\Game\PlaceBetTest" classname="App.Game.PlaceBetTest" file="/Users/alex/dbwebb-kurser/mvc/me/report/tests/Game/PlaceBetTest.php" line="64" assertions="1" time="0.003858"/>
          <testcase name="testPlaceBetGetStake with data set &quot;bet not ok — do not update stake&quot;" class="App\Game\PlaceBetTest" classname="App.Game.PlaceBetTest" file="/Users/alex/dbwebb-kurser/mvc/me/report/tests/Game/PlaceBetTest.php" line="64" assertions="1" time="0.004248"/>
        </testsuite>
        <testcase name="testBankerCannotMatchBet" class="App\Game\PlaceBetTest" classname="App.Game.PlaceBetTest" file="/Users/alex/dbwebb-kurser/mvc/me/report/tests/Game/PlaceBetTest.php" line="75" assertions="1" time="0.001422"/>
      </testsuite>
      <testsuite name="App\Game\ReceiverTest" file="/Users/alex/dbwebb-kurser/mvc/me/report/tests/Game/ReceiverTest.php" tests="5" assertions="8" errors="0" warnings="0" failures="0" skipped="0" time="0.148867">
        <testsuite name="App\Game\ReceiverTest::testReceiveCardsScoreOk" tests="3" assertions="3" errors="0" warnings="0" failures="0" skipped="0" time="0.127942">
          <testcase name="testReceiveCardsScoreOk with data set &quot;add 5, 2 and 3&quot;" class="App\Game\ReceiverTest" classname="App.Game.ReceiverTest" file="/Users/alex/dbwebb-kurser/mvc/me/report/tests/Game/ReceiverTest.php" line="31" assertions="1" time="0.010499"/>
          <testcase name="testReceiveCardsScoreOk with data set &quot;add 8 and Ace (worth 1)&quot;" class="App\Game\ReceiverTest" classname="App.Game.ReceiverTest" file="/Users/alex/dbwebb-kurser/mvc/me/report/tests/Game/ReceiverTest.php" line="31" assertions="1" time="0.002731"/>
          <testcase name="testReceiveCardsScoreOk with data set &quot;add 7 and Ace (worth 14)&quot;" class="App\Game\ReceiverTest" classname="App.Game.ReceiverTest" file="/Users/alex/dbwebb-kurser/mvc/me/report/tests/Game/ReceiverTest.php" line="31" assertions="1" time="0.114712"/>
        </testsuite>
        <testcase name="testGetCards" class="App\Game\ReceiverTest" classname="App.Game.ReceiverTest" file="/Users/alex/dbwebb-kurser/mvc/me/report/tests/Game/ReceiverTest.php" line="51" assertions="1" time="0.003656"/>
        <testcase name="testReset" class="App\Game\ReceiverTest" classname="App.Game.ReceiverTest" file="/Users/alex/dbwebb-kurser/mvc/me/report/tests/Game/ReceiverTest.php" line="64" assertions="4" time="0.017269"/>
      </testsuite>
      <testsuite name="App\Game\WinsStakeTest" file="/Users/alex/dbwebb-kurser/mvc/me/report/tests/Game/WinsStakeTest.php" tests="4" assertions="16" errors="0" warnings="0" failures="0" skipped="0" time="0.007413">
        <testsuite name="App\Game\WinsStakeTest::testPlayerWinsStake" tests="2" assertions="8" errors="0" warnings="0" failures="0" skipped="0" time="0.004646">
          <testcase name="testPlayerWinsStake with data set &quot;win — game not over&quot;" class="App\Game\WinsStakeTest" classname="App.Game.WinsStakeTest" file="/Users/alex/dbwebb-kurser/mvc/me/report/tests/Game/WinsStakeTest.php" line="31" assertions="4" time="0.001884"/>
          <testcase name="testPlayerWinsStake with data set &quot;win — game over&quot;" class="App\Game\WinsStakeTest" classname="App.Game.WinsStakeTest" file="/Users/alex/dbwebb-kurser/mvc/me/report/tests/Game/WinsStakeTest.php" line="31" assertions="4" time="0.002762"/>
        </testsuite>
        <testsuite name="App\Game\WinsStakeTest::testBankerWinsStake" tests="2" assertions="8" errors="0" warnings="0" failures="0" skipped="0" time="0.002767">
          <testcase name="testBankerWinsStake with data set &quot;win — game not over&quot;" class="App\Game\WinsStakeTest" classname="App.Game.WinsStakeTest" file="/Users/alex/dbwebb-kurser/mvc/me/report/tests/Game/WinsStakeTest.php" line="51" assertions="4" time="0.001273"/>
          <testcase name="testBankerWinsStake with data set &quot;win — game over&quot;" class="App\Game\WinsStakeTest" classname="App.Game.WinsStakeTest" file="/Users/alex/dbwebb-kurser/mvc/me/report/tests/Game/WinsStakeTest.php" line="51" assertions="4" time="0.001494"/>
        </testsuite>
      </testsuite>
    </testsuite>
  </testsuite>
</testsuites>
