<?xml version="1.0" encoding="UTF-8"?>
<testsuites>
  <testsuite name="" tests="76" assertions="112" errors="0" warnings="0" failures="0" skipped="5" time="1.386451">
    <testsuite name="Project Test Suite" tests="76" assertions="112" errors="0" warnings="0" failures="0" skipped="5" time="1.386451">
      <testsuite name="App\Card\CardTest" file="/Users/alex/dbwebb-kurser/mvc/me/report/tests/Card/CardTest.php" tests="5" assertions="5" errors="0" warnings="0" failures="0" skipped="0" time="0.074135">
        <testcase name="testCreateCard" class="App\Card\CardTest" classname="App.Card.CardTest" file="/Users/alex/dbwebb-kurser/mvc/me/report/tests/Card/CardTest.php" line="16" assertions="1" time="0.059271"/>
        <testcase name="testGetRank" class="App\Card\CardTest" classname="App.Card.CardTest" file="/Users/alex/dbwebb-kurser/mvc/me/report/tests/Card/CardTest.php" line="28" assertions="1" time="0.010824"/>
        <testcase name="testGetSuit" class="App\Card\CardTest" classname="App.Card.CardTest" file="/Users/alex/dbwebb-kurser/mvc/me/report/tests/Card/CardTest.php" line="39" assertions="1" time="0.001520"/>
        <testcase name="testCardToString" class="App\Card\CardTest" classname="App.Card.CardTest" file="/Users/alex/dbwebb-kurser/mvc/me/report/tests/Card/CardTest.php" line="50" assertions="1" time="0.001246"/>
        <testcase name="testCardGraphicToString" class="App\Card\CardTest" classname="App.Card.CardTest" file="/Users/alex/dbwebb-kurser/mvc/me/report/tests/Card/CardTest.php" line="61" assertions="1" time="0.001273"/>
      </testsuite>
      <testsuite name="App\Card\DeckOfCardsTest" file="/Users/alex/dbwebb-kurser/mvc/me/report/tests/Card/DeckOfCardsTest.php" tests="11" assertions="14" errors="0" warnings="0" failures="0" skipped="0" time="0.087500">
        <testcase name="testCreateDeckNoArgument" class="App\Card\DeckOfCardsTest" classname="App.Card.DeckOfCardsTest" file="/Users/alex/dbwebb-kurser/mvc/me/report/tests/Card/DeckOfCardsTest.php" line="15" assertions="2" time="0.025498"/>
        <testcase name="testCreateDeckWithArgument" class="App\Card\DeckOfCardsTest" classname="App.Card.DeckOfCardsTest" file="/Users/alex/dbwebb-kurser/mvc/me/report/tests/Card/DeckOfCardsTest.php" line="27" assertions="1" time="0.020162"/>
        <testcase name="testCreateEmptyDeck" class="App\Card\DeckOfCardsTest" classname="App.Card.DeckOfCardsTest" file="/Users/alex/dbwebb-kurser/mvc/me/report/tests/Card/DeckOfCardsTest.php" line="42" assertions="1" time="0.002548"/>
        <testcase name="testAddCard" class="App\Card\DeckOfCardsTest" classname="App.Card.DeckOfCardsTest" file="/Users/alex/dbwebb-kurser/mvc/me/report/tests/Card/DeckOfCardsTest.php" line="52" assertions="1" time="0.001202"/>
        <testcase name="testGetCardsAsString" class="App\Card\DeckOfCardsTest" classname="App.Card.DeckOfCardsTest" file="/Users/alex/dbwebb-kurser/mvc/me/report/tests/Card/DeckOfCardsTest.php" line="71" assertions="1" time="0.022931"/>
        <testcase name="testGetCardValues" class="App\Card\DeckOfCardsTest" classname="App.Card.DeckOfCardsTest" file="/Users/alex/dbwebb-kurser/mvc/me/report/tests/Card/DeckOfCardsTest.php" line="90" assertions="1" time="0.002277"/>
        <testcase name="testGetCardCount" class="App\Card\DeckOfCardsTest" classname="App.Card.DeckOfCardsTest" file="/Users/alex/dbwebb-kurser/mvc/me/report/tests/Card/DeckOfCardsTest.php" line="108" assertions="1" time="0.001390"/>
        <testcase name="testDrawSingleCardIsSame" class="App\Card\DeckOfCardsTest" classname="App.Card.DeckOfCardsTest" file="/Users/alex/dbwebb-kurser/mvc/me/report/tests/Card/DeckOfCardsTest.php" line="121" assertions="2" time="0.001619"/>
        <testcase name="testDrawMultipleCardsCountOk" class="App\Card\DeckOfCardsTest" classname="App.Card.DeckOfCardsTest" file="/Users/alex/dbwebb-kurser/mvc/me/report/tests/Card/DeckOfCardsTest.php" line="134" assertions="2" time="0.002321"/>
        <testcase name="testDrawMultipleCardsOrderIsOk" class="App\Card\DeckOfCardsTest" classname="App.Card.DeckOfCardsTest" file="/Users/alex/dbwebb-kurser/mvc/me/report/tests/Card/DeckOfCardsTest.php" line="148" assertions="1" time="0.001601"/>
        <testcase name="testShuffleCards" class="App\Card\DeckOfCardsTest" classname="App.Card.DeckOfCardsTest" file="/Users/alex/dbwebb-kurser/mvc/me/report/tests/Card/DeckOfCardsTest.php" line="164" assertions="1" time="0.005952"/>
      </testsuite>
      <testsuite name="App\Tests\Controller\TwentyOneGameControllerTest" file="/Users/alex/dbwebb-kurser/mvc/me/report/tests/Controller/TwentyOneGameControllerTest.php" tests="9" assertions="8" errors="0" warnings="0" failures="0" skipped="5" time="1.002533">
        <testcase name="testIndex" class="App\Tests\Controller\TwentyOneGameControllerTest" classname="App.Tests.Controller.TwentyOneGameControllerTest" file="/Users/alex/dbwebb-kurser/mvc/me/report/tests/Controller/TwentyOneGameControllerTest.php" line="18" assertions="0" time="0.004215">
          <skipped/>
        </testcase>
        <testsuite name="App\Tests\Controller\TwentyOneGameControllerTest::testInitBankerSuccess" tests="3" assertions="0" errors="0" warnings="0" failures="0" skipped="3" time="0.003226">
          <testcase name="testInitBankerSuccess with data set &quot;Easy Banker&quot;" class="App\Tests\Controller\TwentyOneGameControllerTest" classname="App.Tests.Controller.TwentyOneGameControllerTest" file="/Users/alex/dbwebb-kurser/mvc/me/report/tests/Controller/TwentyOneGameControllerTest.php" line="50" assertions="0" time="0.001010">
            <skipped/>
          </testcase>
          <testcase name="testInitBankerSuccess with data set &quot;Medium Banker&quot;" class="App\Tests\Controller\TwentyOneGameControllerTest" classname="App.Tests.Controller.TwentyOneGameControllerTest" file="/Users/alex/dbwebb-kurser/mvc/me/report/tests/Controller/TwentyOneGameControllerTest.php" line="50" assertions="0" time="0.001066">
            <skipped/>
          </testcase>
          <testcase name="testInitBankerSuccess with data set &quot;Hard Banker&quot;" class="App\Tests\Controller\TwentyOneGameControllerTest" classname="App.Tests.Controller.TwentyOneGameControllerTest" file="/Users/alex/dbwebb-kurser/mvc/me/report/tests/Controller/TwentyOneGameControllerTest.php" line="50" assertions="0" time="0.001150">
            <skipped/>
          </testcase>
        </testsuite>
        <testcase name="testInitBankerFail" class="App\Tests\Controller\TwentyOneGameControllerTest" classname="App.Tests.Controller.TwentyOneGameControllerTest" file="/Users/alex/dbwebb-kurser/mvc/me/report/tests/Controller/TwentyOneGameControllerTest.php" line="71" assertions="0" time="0.001137">
          <skipped/>
        </testcase>
        <testsuite name="App\Tests\Controller\TwentyOneGameControllerTest::testStay" tests="2" assertions="4" errors="0" warnings="0" failures="0" skipped="0" time="0.927965">
          <testcase name="testStay with data set &quot;Banker wins&quot;" class="App\Tests\Controller\TwentyOneGameControllerTest" classname="App.Tests.Controller.TwentyOneGameControllerTest" file="/Users/alex/dbwebb-kurser/mvc/me/report/tests/Controller/TwentyOneGameControllerTest.php" line="105" assertions="2" time="0.903743"/>
          <testcase name="testStay with data set &quot;Player wins&quot;" class="App\Tests\Controller\TwentyOneGameControllerTest" classname="App.Tests.Controller.TwentyOneGameControllerTest" file="/Users/alex/dbwebb-kurser/mvc/me/report/tests/Controller/TwentyOneGameControllerTest.php" line="105" assertions="2" time="0.024223"/>
        </testsuite>
        <testsuite name="App\Tests\Controller\TwentyOneGameControllerTest::testHit" tests="2" assertions="4" errors="0" warnings="0" failures="0" skipped="0" time="0.065990">
          <testcase name="testHit with data set &quot;Banker wins&quot;" class="App\Tests\Controller\TwentyOneGameControllerTest" classname="App.Tests.Controller.TwentyOneGameControllerTest" file="/Users/alex/dbwebb-kurser/mvc/me/report/tests/Controller/TwentyOneGameControllerTest.php" line="152" assertions="2" time="0.032192"/>
          <testcase name="testHit with data set &quot;Player wins&quot;" class="App\Tests\Controller\TwentyOneGameControllerTest" classname="App.Tests.Controller.TwentyOneGameControllerTest" file="/Users/alex/dbwebb-kurser/mvc/me/report/tests/Controller/TwentyOneGameControllerTest.php" line="152" assertions="2" time="0.033798"/>
        </testsuite>
      </testsuite>
      <testsuite name="App\Game\BettingManagerTest" file="/Users/alex/dbwebb-kurser/mvc/me/report/tests/Game/BettingManagerTest.php" tests="7" assertions="11" errors="0" warnings="0" failures="0" skipped="0" time="0.021571">
        <testcase name="testCreateBettingManagerNoArguments" class="App\Game\BettingManagerTest" classname="App.Game.BettingManagerTest" file="/Users/alex/dbwebb-kurser/mvc/me/report/tests/Game/BettingManagerTest.php" line="15" assertions="3" time="0.001102"/>
        <testcase name="testCreateBettingManagerWithArgumentsOk" class="App\Game\BettingManagerTest" classname="App.Game.BettingManagerTest" file="/Users/alex/dbwebb-kurser/mvc/me/report/tests/Game/BettingManagerTest.php" line="27" assertions="3" time="0.001131"/>
        <testsuite name="App\Game\BettingManagerTest::testCreateBettingManagerWithArgumentsRaisesException" tests="3" assertions="3" errors="0" warnings="0" failures="0" skipped="0" time="0.011336">
          <testcase name="testCreateBettingManagerWithArgumentsRaisesException with data set &quot;step larger than max&quot;" class="App\Game\BettingManagerTest" classname="App.Game.BettingManagerTest" file="/Users/alex/dbwebb-kurser/mvc/me/report/tests/Game/BettingManagerTest.php" line="55" assertions="1" time="0.008891"/>
          <testcase name="testCreateBettingManagerWithArgumentsRaisesException with data set &quot;step smaller than 1&quot;" class="App\Game\BettingManagerTest" classname="App.Game.BettingManagerTest" file="/Users/alex/dbwebb-kurser/mvc/me/report/tests/Game/BettingManagerTest.php" line="55" assertions="1" time="0.001231"/>
          <testcase name="testCreateBettingManagerWithArgumentsRaisesException with data set &quot;max not divisible by step&quot;" class="App\Game\BettingManagerTest" classname="App.Game.BettingManagerTest" file="/Users/alex/dbwebb-kurser/mvc/me/report/tests/Game/BettingManagerTest.php" line="55" assertions="1" time="0.001214"/>
        </testsuite>
        <testcase name="testIsBettingFalse" class="App\Game\BettingManagerTest" classname="App.Game.BettingManagerTest" file="/Users/alex/dbwebb-kurser/mvc/me/report/tests/Game/BettingManagerTest.php" line="64" assertions="1" time="0.003190"/>
        <testcase name="testSetBettingTrue" class="App\Game\BettingManagerTest" classname="App.Game.BettingManagerTest" file="/Users/alex/dbwebb-kurser/mvc/me/report/tests/Game/BettingManagerTest.php" line="73" assertions="1" time="0.004812"/>
      </testsuite>
      <testsuite name="App\Game\EasyBankerTest" file="/Users/alex/dbwebb-kurser/mvc/me/report/tests/Game/EasyBankerTest.php" tests="3" assertions="3" errors="0" warnings="0" failures="0" skipped="0" time="0.019507">
        <testsuite name="App\Game\EasyBankerTest::testKeepHitting" tests="3" assertions="3" errors="0" warnings="0" failures="0" skipped="0" time="0.019507">
          <testcase name="testKeepHitting with data set &quot;add 5 and 7 (under 17)&quot;" class="App\Game\EasyBankerTest" classname="App.Game.EasyBankerTest" file="/Users/alex/dbwebb-kurser/mvc/me/report/tests/Game/EasyBankerTest.php" line="31" assertions="1" time="0.015742"/>
          <testcase name="testKeepHitting with data set &quot;add 10 and 7 (exactly 17)&quot;" class="App\Game\EasyBankerTest" classname="App.Game.EasyBankerTest" file="/Users/alex/dbwebb-kurser/mvc/me/report/tests/Game/EasyBankerTest.php" line="31" assertions="1" time="0.001760"/>
          <testcase name="testKeepHitting with data set &quot;add 10, 5 and 7 (over 17)&quot;" class="App\Game\EasyBankerTest" classname="App.Game.EasyBankerTest" file="/Users/alex/dbwebb-kurser/mvc/me/report/tests/Game/EasyBankerTest.php" line="31" assertions="1" time="0.002005"/>
        </testsuite>
      </testsuite>
      <testsuite name="App\Game\GameHasWonTest" file="/Users/alex/dbwebb-kurser/mvc/me/report/tests/Game/GameHasWonTest.php" tests="6" assertions="6" errors="0" warnings="0" failures="0" skipped="0" time="0.017248">
        <testsuite name="App\Game\GameHasWonTest::testCheckPlayerWon" tests="2" assertions="2" errors="0" warnings="0" failures="0" skipped="0" time="0.007237">
          <testcase name="testCheckPlayerWon with data set &quot;Player over 21 — Banker wins&quot;" class="App\Game\GameHasWonTest" classname="App.Game.GameHasWonTest" file="/Users/alex/dbwebb-kurser/mvc/me/report/tests/Game/GameHasWonTest.php" line="75" assertions="1" time="0.005321"/>
          <testcase name="testCheckPlayerWon with data set &quot;Player scores 21 — Player wins&quot;" class="App\Game\GameHasWonTest" classname="App.Game.GameHasWonTest" file="/Users/alex/dbwebb-kurser/mvc/me/report/tests/Game/GameHasWonTest.php" line="75" assertions="1" time="0.001916"/>
        </testsuite>
        <testsuite name="App\Game\GameHasWonTest::testCheckBankerWon" tests="4" assertions="4" errors="0" warnings="0" failures="0" skipped="0" time="0.010011">
          <testcase name="testCheckBankerWon with data set &quot;Banker over 21 — Player wins&quot;" class="App\Game\GameHasWonTest" classname="App.Game.GameHasWonTest" file="/Users/alex/dbwebb-kurser/mvc/me/report/tests/Game/GameHasWonTest.php" line="116" assertions="1" time="0.002034"/>
          <testcase name="testCheckBankerWon with data set &quot;Player over banker — Player wins&quot;" class="App\Game\GameHasWonTest" classname="App.Game.GameHasWonTest" file="/Users/alex/dbwebb-kurser/mvc/me/report/tests/Game/GameHasWonTest.php" line="116" assertions="1" time="0.002180"/>
          <testcase name="testCheckBankerWon with data set &quot;Banker over player — Banker wins&quot;" class="App\Game\GameHasWonTest" classname="App.Game.GameHasWonTest" file="/Users/alex/dbwebb-kurser/mvc/me/report/tests/Game/GameHasWonTest.php" line="116" assertions="1" time="0.002327"/>
          <testcase name="testCheckBankerWon with data set &quot;Banker equal player — Banker wins&quot;" class="App\Game\GameHasWonTest" classname="App.Game.GameHasWonTest" file="/Users/alex/dbwebb-kurser/mvc/me/report/tests/Game/GameHasWonTest.php" line="116" assertions="1" time="0.003470"/>
        </testsuite>
      </testsuite>
      <testsuite name="App\Game\GameManagerBankerTest" file="/Users/alex/dbwebb-kurser/mvc/me/report/tests/Game/GameManagerBankerTest.php" tests="1" assertions="3" errors="0" warnings="0" failures="0" skipped="0" time="0.002004">
        <testcase name="testDealBanker" class="App\Game\GameManagerBankerTest" classname="App.Game.GameManagerBankerTest" file="/Users/alex/dbwebb-kurser/mvc/me/report/tests/Game/GameManagerBankerTest.php" line="29" assertions="3" time="0.002004"/>
      </testsuite>
      <testsuite name="App\Game\GameManagerPlayerTest" file="/Users/alex/dbwebb-kurser/mvc/me/report/tests/Game/GameManagerPlayerTest.php" tests="8" assertions="15" errors="0" warnings="0" failures="0" skipped="0" time="0.025439">
        <testsuite name="App\Game\GameManagerPlayerTest::testDealPlayer" tests="3" assertions="9" errors="0" warnings="0" failures="0" skipped="0" time="0.011787">
          <testcase name="testDealPlayer with data set &quot;Deal 1 card (sum 13)&quot;" class="App\Game\GameManagerPlayerTest" classname="App.Game.GameManagerPlayerTest" file="/Users/alex/dbwebb-kurser/mvc/me/report/tests/Game/GameManagerPlayerTest.php" line="45" assertions="3" time="0.006685"/>
          <testcase name="testDealPlayer with data set &quot;Deal 2 cards (sum 25)&quot;" class="App\Game\GameManagerPlayerTest" classname="App.Game.GameManagerPlayerTest" file="/Users/alex/dbwebb-kurser/mvc/me/report/tests/Game/GameManagerPlayerTest.php" line="45" assertions="3" time="0.002409"/>
          <testcase name="testDealPlayer with data set &quot;Deal 3 cards (sum 36)&quot;" class="App\Game\GameManagerPlayerTest" classname="App.Game.GameManagerPlayerTest" file="/Users/alex/dbwebb-kurser/mvc/me/report/tests/Game/GameManagerPlayerTest.php" line="45" assertions="3" time="0.002693"/>
        </testsuite>
        <testsuite name="App\Game\GameManagerPlayerTest::testGetPlayerBurstRisk" tests="4" assertions="4" errors="0" warnings="0" failures="0" skipped="0" time="0.012140">
          <testcase name="testGetPlayerBurstRisk with data set &quot;No card will put the player over 21 — 0% risk&quot;" class="App\Game\GameManagerPlayerTest" classname="App.Game.GameManagerPlayerTest" file="/Users/alex/dbwebb-kurser/mvc/me/report/tests/Game/GameManagerPlayerTest.php" line="91" assertions="1" time="0.004720"/>
          <testcase name="testGetPlayerBurstRisk with data set &quot;1 of 4 cards will put player over 21 - 25% risk&quot;" class="App\Game\GameManagerPlayerTest" classname="App.Game.GameManagerPlayerTest" file="/Users/alex/dbwebb-kurser/mvc/me/report/tests/Game/GameManagerPlayerTest.php" line="91" assertions="1" time="0.002352"/>
          <testcase name="testGetPlayerBurstRisk with data set &quot;1 of 2 cards will put player over 21 - 50% risk&quot;" class="App\Game\GameManagerPlayerTest" classname="App.Game.GameManagerPlayerTest" file="/Users/alex/dbwebb-kurser/mvc/me/report/tests/Game/GameManagerPlayerTest.php" line="91" assertions="1" time="0.002645"/>
          <testcase name="testGetPlayerBurstRisk with data set &quot;All cards will put player over 21 - 100% risk&quot;" class="App\Game\GameManagerPlayerTest" classname="App.Game.GameManagerPlayerTest" file="/Users/alex/dbwebb-kurser/mvc/me/report/tests/Game/GameManagerPlayerTest.php" line="91" assertions="1" time="0.002423"/>
        </testsuite>
        <testcase name="testSetAssistanceMode" class="App\Game\GameManagerPlayerTest" classname="App.Game.GameManagerPlayerTest" file="/Users/alex/dbwebb-kurser/mvc/me/report/tests/Game/GameManagerPlayerTest.php" line="116" assertions="2" time="0.001512"/>
      </testsuite>
      <testsuite name="App\Game\HardBankerTest" file="/Users/alex/dbwebb-kurser/mvc/me/report/tests/Game/HardBankerTest.php" tests="3" assertions="3" errors="0" warnings="0" failures="0" skipped="0" time="0.013164">
        <testsuite name="App\Game\HardBankerTest::testKeepHitting" tests="3" assertions="3" errors="0" warnings="0" failures="0" skipped="0" time="0.013164">
          <testcase name="testKeepHitting with data set &quot;add 5 and 7 (less than player)&quot;" class="App\Game\HardBankerTest" classname="App.Game.HardBankerTest" file="/Users/alex/dbwebb-kurser/mvc/me/report/tests/Game/HardBankerTest.php" line="32" assertions="1" time="0.007544"/>
          <testcase name="testKeepHitting with data set &quot;add 10 and 8 (same as player)&quot;" class="App\Game\HardBankerTest" classname="App.Game.HardBankerTest" file="/Users/alex/dbwebb-kurser/mvc/me/report/tests/Game/HardBankerTest.php" line="32" assertions="1" time="0.003084"/>
          <testcase name="testKeepHitting with data set &quot;add 7, 3 and 6 (more than player)&quot;" class="App\Game\HardBankerTest" classname="App.Game.HardBankerTest" file="/Users/alex/dbwebb-kurser/mvc/me/report/tests/Game/HardBankerTest.php" line="32" assertions="1" time="0.002536"/>
        </testsuite>
      </testsuite>
      <testsuite name="App\Game\MediumBankerTest" file="/Users/alex/dbwebb-kurser/mvc/me/report/tests/Game/MediumBankerTest.php" tests="8" assertions="8" errors="0" warnings="0" failures="0" skipped="0" time="0.055950">
        <testsuite name="App\Game\MediumBankerTest::testKeepHitting" tests="6" assertions="6" errors="0" warnings="0" failures="0" skipped="0" time="0.042654">
          <testcase name="testKeepHitting with data set &quot;add 3 and 4 (no risk of bursting)&quot;" class="App\Game\MediumBankerTest" classname="App.Game.MediumBankerTest" file="/Users/alex/dbwebb-kurser/mvc/me/report/tests/Game/MediumBankerTest.php" line="34" assertions="1" time="0.012274"/>
          <testcase name="testKeepHitting with data set &quot;add 4, 4 and 3 (low (≈ 24%) risk of bursting)&quot;" class="App\Game\MediumBankerTest" classname="App.Game.MediumBankerTest" file="/Users/alex/dbwebb-kurser/mvc/me/report/tests/Game/MediumBankerTest.php" line="34" assertions="1" time="0.003838"/>
          <testcase name="testKeepHitting with data set &quot;add 5, 5, and 4 (≈ 49% risk of bursting)&quot;" class="App\Game\MediumBankerTest" classname="App.Game.MediumBankerTest" file="/Users/alex/dbwebb-kurser/mvc/me/report/tests/Game/MediumBankerTest.php" line="34" assertions="1" time="0.006108"/>
          <testcase name="testKeepHitting with data set &quot;add 2, 3, 4 and 5 (50% risk of bursting)&quot;" class="App\Game\MediumBankerTest" classname="App.Game.MediumBankerTest" file="/Users/alex/dbwebb-kurser/mvc/me/report/tests/Game/MediumBankerTest.php" line="34" assertions="1" time="0.005736"/>
          <testcase name="testKeepHitting with data set &quot;add 3, 3, 3, 4 and 1 (≈ 51% risk of bursting)&quot;" class="App\Game\MediumBankerTest" classname="App.Game.MediumBankerTest" file="/Users/alex/dbwebb-kurser/mvc/me/report/tests/Game/MediumBankerTest.php" line="34" assertions="1" time="0.008443"/>
          <testcase name="testKeepHitting with data set &quot;add 10 and 9 (high (84 %) risk of bursting)&quot;" class="App\Game\MediumBankerTest" classname="App.Game.MediumBankerTest" file="/Users/alex/dbwebb-kurser/mvc/me/report/tests/Game/MediumBankerTest.php" line="34" assertions="1" time="0.006256"/>
        </testsuite>
        <testsuite name="App\Game\MediumBankerTest::testKeepHittingCardsRemoved" tests="2" assertions="2" errors="0" warnings="0" failures="0" skipped="0" time="0.013296">
          <testcase name="testKeepHittingCardsRemoved with data set &quot;remove 10 and 5, add 6 and 8 (≈ 46% risk of bursting)&quot;" class="App\Game\MediumBankerTest" classname="App.Game.MediumBankerTest" file="/Users/alex/dbwebb-kurser/mvc/me/report/tests/Game/MediumBankerTest.php" line="69" assertions="1" time="0.006845"/>
          <testcase name="testKeepHittingCardsRemoved with data set &quot;remove 7, 8 and 9, add 4, 5 and 6 (≈ 54% risk of bursting)&quot;" class="App\Game\MediumBankerTest" classname="App.Game.MediumBankerTest" file="/Users/alex/dbwebb-kurser/mvc/me/report/tests/Game/MediumBankerTest.php" line="69" assertions="1" time="0.006450"/>
        </testsuite>
      </testsuite>
      <testsuite name="App\Game\PlaceBetTest" file="/Users/alex/dbwebb-kurser/mvc/me/report/tests/Game/PlaceBetTest.php" tests="6" assertions="12" errors="0" warnings="0" failures="0" skipped="0" time="0.012146">
        <testsuite name="App\Game\PlaceBetTest::testPlaceBet" tests="3" assertions="9" errors="0" warnings="0" failures="0" skipped="0" time="0.005453">
          <testcase name="testPlaceBet with data set &quot;bet ok&quot;" class="App\Game\PlaceBetTest" classname="App.Game.PlaceBetTest" file="/Users/alex/dbwebb-kurser/mvc/me/report/tests/Game/PlaceBetTest.php" line="33" assertions="3" time="0.002384"/>
          <testcase name="testPlaceBet with data set &quot;bet not ok — not enough coins&quot;" class="App\Game\PlaceBetTest" classname="App.Game.PlaceBetTest" file="/Users/alex/dbwebb-kurser/mvc/me/report/tests/Game/PlaceBetTest.php" line="33" assertions="3" time="0.001769"/>
          <testcase name="testPlaceBet with data set &quot;bet not ok — incorrect step&quot;" class="App\Game\PlaceBetTest" classname="App.Game.PlaceBetTest" file="/Users/alex/dbwebb-kurser/mvc/me/report/tests/Game/PlaceBetTest.php" line="33" assertions="3" time="0.001299"/>
        </testsuite>
        <testsuite name="App\Game\PlaceBetTest::testPlaceBetGetStake" tests="2" assertions="2" errors="0" warnings="0" failures="0" skipped="0" time="0.005046">
          <testcase name="testPlaceBetGetStake with data set &quot;bet ok - update stake &quot;" class="App\Game\PlaceBetTest" classname="App.Game.PlaceBetTest" file="/Users/alex/dbwebb-kurser/mvc/me/report/tests/Game/PlaceBetTest.php" line="64" assertions="1" time="0.003947"/>
          <testcase name="testPlaceBetGetStake with data set &quot;bet not ok — do not update stake&quot;" class="App\Game\PlaceBetTest" classname="App.Game.PlaceBetTest" file="/Users/alex/dbwebb-kurser/mvc/me/report/tests/Game/PlaceBetTest.php" line="64" assertions="1" time="0.001099"/>
        </testsuite>
        <testcase name="testBankerCannotMatchBet" class="App\Game\PlaceBetTest" classname="App.Game.PlaceBetTest" file="/Users/alex/dbwebb-kurser/mvc/me/report/tests/Game/PlaceBetTest.php" line="75" assertions="1" time="0.001648"/>
      </testsuite>
      <testsuite name="App\Game\ReceiverTest" file="/Users/alex/dbwebb-kurser/mvc/me/report/tests/Game/ReceiverTest.php" tests="5" assertions="8" errors="0" warnings="0" failures="0" skipped="0" time="0.042815">
        <testsuite name="App\Game\ReceiverTest::testReceiveCardsScoreOk" tests="3" assertions="3" errors="0" warnings="0" failures="0" skipped="0" time="0.020449">
          <testcase name="testReceiveCardsScoreOk with data set &quot;add 5, 2 and 3&quot;" class="App\Game\ReceiverTest" classname="App.Game.ReceiverTest" file="/Users/alex/dbwebb-kurser/mvc/me/report/tests/Game/ReceiverTest.php" line="31" assertions="1" time="0.008358"/>
          <testcase name="testReceiveCardsScoreOk with data set &quot;add 8 and Ace (worth 1)&quot;" class="App\Game\ReceiverTest" classname="App.Game.ReceiverTest" file="/Users/alex/dbwebb-kurser/mvc/me/report/tests/Game/ReceiverTest.php" line="31" assertions="1" time="0.003910"/>
          <testcase name="testReceiveCardsScoreOk with data set &quot;add 7 and Ace (worth 14)&quot;" class="App\Game\ReceiverTest" classname="App.Game.ReceiverTest" file="/Users/alex/dbwebb-kurser/mvc/me/report/tests/Game/ReceiverTest.php" line="31" assertions="1" time="0.008182"/>
        </testsuite>
        <testcase name="testGetCards" class="App\Game\ReceiverTest" classname="App.Game.ReceiverTest" file="/Users/alex/dbwebb-kurser/mvc/me/report/tests/Game/ReceiverTest.php" line="51" assertions="1" time="0.008189"/>
        <testcase name="testReset" class="App\Game\ReceiverTest" classname="App.Game.ReceiverTest" file="/Users/alex/dbwebb-kurser/mvc/me/report/tests/Game/ReceiverTest.php" line="64" assertions="4" time="0.014177"/>
      </testsuite>
      <testsuite name="App\Game\WinsStakeTest" file="/Users/alex/dbwebb-kurser/mvc/me/report/tests/Game/WinsStakeTest.php" tests="4" assertions="16" errors="0" warnings="0" failures="0" skipped="0" time="0.012439">
        <testsuite name="App\Game\WinsStakeTest::testPlayerWinsStake" tests="2" assertions="8" errors="0" warnings="0" failures="0" skipped="0" time="0.007702">
          <testcase name="testPlayerWinsStake with data set &quot;win — game not over&quot;" class="App\Game\WinsStakeTest" classname="App.Game.WinsStakeTest" file="/Users/alex/dbwebb-kurser/mvc/me/report/tests/Game/WinsStakeTest.php" line="31" assertions="4" time="0.005113"/>
          <testcase name="testPlayerWinsStake with data set &quot;win — game over&quot;" class="App\Game\WinsStakeTest" classname="App.Game.WinsStakeTest" file="/Users/alex/dbwebb-kurser/mvc/me/report/tests/Game/WinsStakeTest.php" line="31" assertions="4" time="0.002589"/>
        </testsuite>
        <testsuite name="App\Game\WinsStakeTest::testBankerWinsStake" tests="2" assertions="8" errors="0" warnings="0" failures="0" skipped="0" time="0.004737">
          <testcase name="testBankerWinsStake with data set &quot;win — game not over&quot;" class="App\Game\WinsStakeTest" classname="App.Game.WinsStakeTest" file="/Users/alex/dbwebb-kurser/mvc/me/report/tests/Game/WinsStakeTest.php" line="51" assertions="4" time="0.003271"/>
          <testcase name="testBankerWinsStake with data set &quot;win — game over&quot;" class="App\Game\WinsStakeTest" classname="App.Game.WinsStakeTest" file="/Users/alex/dbwebb-kurser/mvc/me/report/tests/Game/WinsStakeTest.php" line="51" assertions="4" time="0.001466"/>
        </testsuite>
      </testsuite>
    </testsuite>
  </testsuite>
</testsuites>
