<?xml version="1.0" encoding="UTF-8"?>
<testsuites>
  <testsuite name="" tests="9" assertions="17" errors="0" warnings="0" failures="0" skipped="0" time="1.689890">
    <testsuite name="Project Test Suite" tests="9" assertions="17" errors="0" warnings="0" failures="0" skipped="0" time="1.689890">
      <testsuite name="App\Tests\GameControllerTest" file="/Users/alex/dbwebb-kurser/mvc/me/report/tests/Controller/GameControllerTest.php" tests="9" assertions="17" errors="0" warnings="0" failures="0" skipped="0" time="1.689890">
        <testcase name="testIndex" class="App\Tests\GameControllerTest" classname="App.Tests.GameControllerTest" file="/Users/alex/dbwebb-kurser/mvc/me/report/tests/Controller/GameControllerTest.php" line="20" assertions="1" time="1.165985"/>
        <testsuite name="App\Tests\GameControllerTest::testInitBankerSuccess" tests="3" assertions="6" errors="0" warnings="0" failures="0" skipped="0" time="0.262298">
          <testcase name="testInitBankerSuccess with data set &quot;Easy Banker&quot;" class="App\Tests\GameControllerTest" classname="App.Tests.GameControllerTest" file="/Users/alex/dbwebb-kurser/mvc/me/report/tests/Controller/GameControllerTest.php" line="46" assertions="2" time="0.118293"/>
          <testcase name="testInitBankerSuccess with data set &quot;Medium Banker&quot;" class="App\Tests\GameControllerTest" classname="App.Tests.GameControllerTest" file="/Users/alex/dbwebb-kurser/mvc/me/report/tests/Controller/GameControllerTest.php" line="46" assertions="2" time="0.077732"/>
          <testcase name="testInitBankerSuccess with data set &quot;Hard Banker&quot;" class="App\Tests\GameControllerTest" classname="App.Tests.GameControllerTest" file="/Users/alex/dbwebb-kurser/mvc/me/report/tests/Controller/GameControllerTest.php" line="46" assertions="2" time="0.066273"/>
        </testsuite>
        <testcase name="testInitBankerFail" class="App\Tests\GameControllerTest" classname="App.Tests.GameControllerTest" file="/Users/alex/dbwebb-kurser/mvc/me/report/tests/Controller/GameControllerTest.php" line="67" assertions="2" time="0.086493"/>
        <testsuite name="App\Tests\GameControllerTest::testStay" tests="2" assertions="4" errors="0" warnings="0" failures="0" skipped="0" time="0.110377">
          <testcase name="testStay with data set &quot;Banker wins&quot;" class="App\Tests\GameControllerTest" classname="App.Tests.GameControllerTest" file="/Users/alex/dbwebb-kurser/mvc/me/report/tests/Controller/GameControllerTest.php" line="101" assertions="2" time="0.087383"/>
          <testcase name="testStay with data set &quot;Player wins&quot;" class="App\Tests\GameControllerTest" classname="App.Tests.GameControllerTest" file="/Users/alex/dbwebb-kurser/mvc/me/report/tests/Controller/GameControllerTest.php" line="101" assertions="2" time="0.022994"/>
        </testsuite>
        <testsuite name="App\Tests\GameControllerTest::testHit" tests="2" assertions="4" errors="0" warnings="0" failures="0" skipped="0" time="0.064737">
          <testcase name="testHit with data set &quot;Banker wins&quot;" class="App\Tests\GameControllerTest" classname="App.Tests.GameControllerTest" file="/Users/alex/dbwebb-kurser/mvc/me/report/tests/Controller/GameControllerTest.php" line="148" assertions="2" time="0.031592"/>
          <testcase name="testHit with data set &quot;Player wins&quot;" class="App\Tests\GameControllerTest" classname="App.Tests.GameControllerTest" file="/Users/alex/dbwebb-kurser/mvc/me/report/tests/Controller/GameControllerTest.php" line="148" assertions="2" time="0.033145"/>
        </testsuite>
      </testsuite>
    </testsuite>
  </testsuite>
</testsuites>
