<?xml version="1.0" encoding="UTF-8"?>
<testsuites>
  <testsuite name="" tests="170" assertions="409" errors="0" warnings="0" failures="0" skipped="0" time="1.722978">
    <testsuite name="Project Test Suite" tests="170" assertions="409" errors="0" warnings="0" failures="0" skipped="0" time="1.722978">
      <testsuite name="AvailableActionsProviderTest" file="/Users/alex/dbwebb-kurser/mvc/me/report/tests/Adventure/AvailableActionsProviderTest.php" tests="2" assertions="51" errors="0" warnings="0" failures="0" skipped="0" time="0.016889">
        <testcase name="testGetAvailableActions" class="AvailableActionsProviderTest" classname="AvailableActionsProviderTest" file="/Users/alex/dbwebb-kurser/mvc/me/report/tests/Adventure/AvailableActionsProviderTest.php" line="16" assertions="43" time="0.015180"/>
        <testcase name="testIsValidAction" class="AvailableActionsProviderTest" classname="AvailableActionsProviderTest" file="/Users/alex/dbwebb-kurser/mvc/me/report/tests/Adventure/AvailableActionsProviderTest.php" line="36" assertions="8" time="0.001709"/>
      </testsuite>
      <testsuite name="ConnectorTest" file="/Users/alex/dbwebb-kurser/mvc/me/report/tests/Adventure/ConnectorTest.php" tests="3" assertions="16" errors="0" warnings="0" failures="0" skipped="0" time="0.039330">
        <testcase name="testConnectLocations" class="ConnectorTest" classname="ConnectorTest" file="/Users/alex/dbwebb-kurser/mvc/me/report/tests/Adventure/ConnectorTest.php" line="15" assertions="7" time="0.031558"/>
        <testcase name="testConnectLocationsThrowsException" class="ConnectorTest" classname="ConnectorTest" file="/Users/alex/dbwebb-kurser/mvc/me/report/tests/Adventure/ConnectorTest.php" line="66" assertions="3" time="0.006232"/>
        <testcase name="testSwapLocations" class="ConnectorTest" classname="ConnectorTest" file="/Users/alex/dbwebb-kurser/mvc/me/report/tests/Adventure/ConnectorTest.php" line="85" assertions="6" time="0.001540"/>
      </testsuite>
      <testsuite name="FormatterTest" file="/Users/alex/dbwebb-kurser/mvc/me/report/tests/Adventure/FormatterTest.php" tests="4" assertions="4" errors="0" warnings="0" failures="0" skipped="0" time="0.003885">
        <testcase name="testFormatRowsAsString" class="FormatterTest" classname="FormatterTest" file="/Users/alex/dbwebb-kurser/mvc/me/report/tests/Adventure/FormatterTest.php" line="14" assertions="1" time="0.002342"/>
        <testcase name="testFormatSingleRow" class="FormatterTest" classname="FormatterTest" file="/Users/alex/dbwebb-kurser/mvc/me/report/tests/Adventure/FormatterTest.php" line="38" assertions="1" time="0.000583"/>
        <testcase name="testFormatKeyValueColumns" class="FormatterTest" classname="FormatterTest" file="/Users/alex/dbwebb-kurser/mvc/me/report/tests/Adventure/FormatterTest.php" line="51" assertions="1" time="0.000494"/>
        <testcase name="testFormatKeyValueColumnsGapSize" class="FormatterTest" classname="FormatterTest" file="/Users/alex/dbwebb-kurser/mvc/me/report/tests/Adventure/FormatterTest.php" line="71" assertions="1" time="0.000466"/>
      </testsuite>
      <testsuite name="GameSetupManagerTest" file="/Users/alex/dbwebb-kurser/mvc/me/report/tests/Adventure/GameSetupManagerTest.php" tests="1" assertions="24" errors="0" warnings="0" failures="0" skipped="0" time="0.024408">
        <testcase name="testSetupGameFromDatabase" class="GameSetupManagerTest" classname="GameSetupManagerTest" file="/Users/alex/dbwebb-kurser/mvc/me/report/tests/Adventure/GameSetupManagerTest.php" line="28" assertions="24" time="0.024408"/>
      </testsuite>
      <testsuite name="App\Tests\Adventure\GameTest" file="/Users/alex/dbwebb-kurser/mvc/me/report/tests/Adventure/GameTest.php" tests="26" assertions="43" errors="0" warnings="0" failures="0" skipped="0" time="0.030769">
        <testcase name="testSetAndGetCurrentLocation" class="App\Tests\Adventure\GameTest" classname="App.Tests.Adventure.GameTest" file="/Users/alex/dbwebb-kurser/mvc/me/report/tests/Adventure/GameTest.php" line="30" assertions="1" time="0.000824"/>
        <testcase name="testSetAndGetInventory" class="App\Tests\Adventure\GameTest" classname="App.Tests.Adventure.GameTest" file="/Users/alex/dbwebb-kurser/mvc/me/report/tests/Adventure/GameTest.php" line="40" assertions="1" time="0.003178"/>
        <testcase name="testProcessActionWithInvalidAction" class="App\Tests\Adventure\GameTest" classname="App.Tests.Adventure.GameTest" file="/Users/alex/dbwebb-kurser/mvc/me/report/tests/Adventure/GameTest.php" line="50" assertions="1" time="0.000626"/>
        <testcase name="testProcessActionWhere" class="App\Tests\Adventure\GameTest" classname="App.Tests.Adventure.GameTest" file="/Users/alex/dbwebb-kurser/mvc/me/report/tests/Adventure/GameTest.php" line="62" assertions="1" time="0.003124"/>
        <testcase name="testProcessActionInventoryEmpty" class="App\Tests\Adventure\GameTest" classname="App.Tests.Adventure.GameTest" file="/Users/alex/dbwebb-kurser/mvc/me/report/tests/Adventure/GameTest.php" line="79" assertions="1" time="0.000986"/>
        <testcase name="testProcessActionInventoryWithItems" class="App\Tests\Adventure\GameTest" classname="App.Tests.Adventure.GameTest" file="/Users/alex/dbwebb-kurser/mvc/me/report/tests/Adventure/GameTest.php" line="96" assertions="1" time="0.000894"/>
        <testcase name="testProcessActionHelp" class="App\Tests\Adventure\GameTest" classname="App.Tests.Adventure.GameTest" file="/Users/alex/dbwebb-kurser/mvc/me/report/tests/Adventure/GameTest.php" line="113" assertions="7" time="0.000919"/>
        <testsuite name="App\Tests\Adventure\GameTest::testProcessActionHelpWithTarget" tests="8" assertions="8" errors="0" warnings="0" failures="0" skipped="0" time="0.004814">
          <testcase name="testProcessActionHelpWithTarget with data set #0" class="App\Tests\Adventure\GameTest" classname="App.Tests.Adventure.GameTest" file="/Users/alex/dbwebb-kurser/mvc/me/report/tests/Adventure/GameTest.php" line="131" assertions="1" time="0.000652"/>
          <testcase name="testProcessActionHelpWithTarget with data set #1" class="App\Tests\Adventure\GameTest" classname="App.Tests.Adventure.GameTest" file="/Users/alex/dbwebb-kurser/mvc/me/report/tests/Adventure/GameTest.php" line="131" assertions="1" time="0.000592"/>
          <testcase name="testProcessActionHelpWithTarget with data set #2" class="App\Tests\Adventure\GameTest" classname="App.Tests.Adventure.GameTest" file="/Users/alex/dbwebb-kurser/mvc/me/report/tests/Adventure/GameTest.php" line="131" assertions="1" time="0.000563"/>
          <testcase name="testProcessActionHelpWithTarget with data set #3" class="App\Tests\Adventure\GameTest" classname="App.Tests.Adventure.GameTest" file="/Users/alex/dbwebb-kurser/mvc/me/report/tests/Adventure/GameTest.php" line="131" assertions="1" time="0.000569"/>
          <testcase name="testProcessActionHelpWithTarget with data set #4" class="App\Tests\Adventure\GameTest" classname="App.Tests.Adventure.GameTest" file="/Users/alex/dbwebb-kurser/mvc/me/report/tests/Adventure/GameTest.php" line="131" assertions="1" time="0.000565"/>
          <testcase name="testProcessActionHelpWithTarget with data set #5" class="App\Tests\Adventure\GameTest" classname="App.Tests.Adventure.GameTest" file="/Users/alex/dbwebb-kurser/mvc/me/report/tests/Adventure/GameTest.php" line="131" assertions="1" time="0.000566"/>
          <testcase name="testProcessActionHelpWithTarget with data set #6" class="App\Tests\Adventure\GameTest" classname="App.Tests.Adventure.GameTest" file="/Users/alex/dbwebb-kurser/mvc/me/report/tests/Adventure/GameTest.php" line="131" assertions="1" time="0.000566"/>
          <testcase name="testProcessActionHelpWithTarget with data set #7" class="App\Tests\Adventure\GameTest" classname="App.Tests.Adventure.GameTest" file="/Users/alex/dbwebb-kurser/mvc/me/report/tests/Adventure/GameTest.php" line="131" assertions="1" time="0.000741"/>
        </testsuite>
        <testcase name="testProcessActionGoValidDirection" class="App\Tests\Adventure\GameTest" classname="App.Tests.Adventure.GameTest" file="/Users/alex/dbwebb-kurser/mvc/me/report/tests/Adventure/GameTest.php" line="160" assertions="2" time="0.002883"/>
        <testcase name="testProcessActionGoInvalidDirection" class="App\Tests\Adventure\GameTest" classname="App.Tests.Adventure.GameTest" file="/Users/alex/dbwebb-kurser/mvc/me/report/tests/Adventure/GameTest.php" line="188" assertions="2" time="0.001743"/>
        <testsuite name="App\Tests\Adventure\GameTest::testProcessItemActionEmptyTarget" tests="3" assertions="3" errors="0" warnings="0" failures="0" skipped="0" time="0.001686">
          <testcase name="testProcessItemActionEmptyTarget with data set #0" class="App\Tests\Adventure\GameTest" classname="App.Tests.Adventure.GameTest" file="/Users/alex/dbwebb-kurser/mvc/me/report/tests/Adventure/GameTest.php" line="218" assertions="1" time="0.000609"/>
          <testcase name="testProcessItemActionEmptyTarget with data set #1" class="App\Tests\Adventure\GameTest" classname="App.Tests.Adventure.GameTest" file="/Users/alex/dbwebb-kurser/mvc/me/report/tests/Adventure/GameTest.php" line="218" assertions="1" time="0.000543"/>
          <testcase name="testProcessItemActionEmptyTarget with data set #2" class="App\Tests\Adventure\GameTest" classname="App.Tests.Adventure.GameTest" file="/Users/alex/dbwebb-kurser/mvc/me/report/tests/Adventure/GameTest.php" line="218" assertions="1" time="0.000533"/>
        </testsuite>
        <testsuite name="App\Tests\Adventure\GameTest::testProcessItemActionItemNotFound" tests="3" assertions="9" errors="0" warnings="0" failures="0" skipped="0" time="0.003796">
          <testcase name="testProcessItemActionItemNotFound with data set #0" class="App\Tests\Adventure\GameTest" classname="App.Tests.Adventure.GameTest" file="/Users/alex/dbwebb-kurser/mvc/me/report/tests/Adventure/GameTest.php" line="229" assertions="3" time="0.001197"/>
          <testcase name="testProcessItemActionItemNotFound with data set #1" class="App\Tests\Adventure\GameTest" classname="App.Tests.Adventure.GameTest" file="/Users/alex/dbwebb-kurser/mvc/me/report/tests/Adventure/GameTest.php" line="229" assertions="3" time="0.001379"/>
          <testcase name="testProcessItemActionItemNotFound with data set #2" class="App\Tests\Adventure\GameTest" classname="App.Tests.Adventure.GameTest" file="/Users/alex/dbwebb-kurser/mvc/me/report/tests/Adventure/GameTest.php" line="229" assertions="3" time="0.001221"/>
        </testsuite>
        <testsuite name="App\Tests\Adventure\GameTest::testProcessItemActionNoActionObject" tests="3" assertions="6" errors="0" warnings="0" failures="0" skipped="0" time="0.005295">
          <testcase name="testProcessItemActionNoActionObject with data set #0" class="App\Tests\Adventure\GameTest" classname="App.Tests.Adventure.GameTest" file="/Users/alex/dbwebb-kurser/mvc/me/report/tests/Adventure/GameTest.php" line="257" assertions="2" time="0.002444"/>
          <testcase name="testProcessItemActionNoActionObject with data set #1" class="App\Tests\Adventure\GameTest" classname="App.Tests.Adventure.GameTest" file="/Users/alex/dbwebb-kurser/mvc/me/report/tests/Adventure/GameTest.php" line="257" assertions="2" time="0.001413"/>
          <testcase name="testProcessItemActionNoActionObject with data set #2" class="App\Tests\Adventure\GameTest" classname="App.Tests.Adventure.GameTest" file="/Users/alex/dbwebb-kurser/mvc/me/report/tests/Adventure/GameTest.php" line="257" assertions="2" time="0.001438"/>
        </testsuite>
      </testsuite>
      <testsuite name="App\Tests\Adventure\HandleExamineTest" file="/Users/alex/dbwebb-kurser/mvc/me/report/tests/Adventure/HandleExamineTest.php" tests="3" assertions="9" errors="0" warnings="0" failures="0" skipped="0" time="0.008114">
        <testcase name="testProcessActionExamineItemOnlyInLocation" class="App\Tests\Adventure\HandleExamineTest" classname="App.Tests.Adventure.HandleExamineTest" file="/Users/alex/dbwebb-kurser/mvc/me/report/tests/Adventure/HandleExamineTest.php" line="30" assertions="3" time="0.003654"/>
        <testcase name="testProcessActionExamineItemOnlyInInventory" class="App\Tests\Adventure\HandleExamineTest" classname="App.Tests.Adventure.HandleExamineTest" file="/Users/alex/dbwebb-kurser/mvc/me/report/tests/Adventure/HandleExamineTest.php" line="71" assertions="3" time="0.002332"/>
        <testcase name="testProcessActionExamineItemDefaultResponse" class="App\Tests\Adventure\HandleExamineTest" classname="App.Tests.Adventure.HandleExamineTest" file="/Users/alex/dbwebb-kurser/mvc/me/report/tests/Adventure/HandleExamineTest.php" line="113" assertions="3" time="0.002129"/>
      </testsuite>
      <testsuite name="App\Tests\Adventure\HandleTakeTest" file="/Users/alex/dbwebb-kurser/mvc/me/report/tests/Adventure/HandleTakeTest.php" tests="2" assertions="6" errors="0" warnings="0" failures="0" skipped="0" time="0.006092">
        <testcase name="testProcessActionTakeItem" class="App\Tests\Adventure\HandleTakeTest" classname="App.Tests.Adventure.HandleTakeTest" file="/Users/alex/dbwebb-kurser/mvc/me/report/tests/Adventure/HandleTakeTest.php" line="30" assertions="3" time="0.003652"/>
        <testcase name="testProcessActionTakeItemAlreadyInInventory" class="App\Tests\Adventure\HandleTakeTest" classname="App.Tests.Adventure.HandleTakeTest" file="/Users/alex/dbwebb-kurser/mvc/me/report/tests/Adventure/HandleTakeTest.php" line="80" assertions="3" time="0.002440"/>
      </testsuite>
      <testsuite name="App\Tests\Adventure\HandleUseTest" file="/Users/alex/dbwebb-kurser/mvc/me/report/tests/Adventure/HandleUseTest.php" tests="2" assertions="8" errors="0" warnings="0" failures="0" skipped="0" time="0.007716">
        <testcase name="testProcessActionUseItemOnlyInInventory" class="App\Tests\Adventure\HandleUseTest" classname="App.Tests.Adventure.HandleUseTest" file="/Users/alex/dbwebb-kurser/mvc/me/report/tests/Adventure/HandleUseTest.php" line="31" assertions="5" time="0.005271"/>
        <testcase name="testProcessActionUseItemNotInInventory" class="App\Tests\Adventure\HandleUseTest" classname="App.Tests.Adventure.HandleUseTest" file="/Users/alex/dbwebb-kurser/mvc/me/report/tests/Adventure/HandleUseTest.php" line="92" assertions="3" time="0.002444"/>
      </testsuite>
      <testsuite name="InputActionTest" file="/Users/alex/dbwebb-kurser/mvc/me/report/tests/Adventure/InputActionTest.php" tests="4" assertions="6" errors="0" warnings="0" failures="0" skipped="0" time="0.003253">
        <testcase name="testGetName" class="InputActionTest" classname="InputActionTest" file="/Users/alex/dbwebb-kurser/mvc/me/report/tests/Adventure/InputActionTest.php" line="38" assertions="1" time="0.000642"/>
        <testcase name="testGetTextResponse" class="InputActionTest" classname="InputActionTest" file="/Users/alex/dbwebb-kurser/mvc/me/report/tests/Adventure/InputActionTest.php" line="47" assertions="1" time="0.000567"/>
        <testcase name="testSetAndGetLocationResponse" class="InputActionTest" classname="InputActionTest" file="/Users/alex/dbwebb-kurser/mvc/me/report/tests/Adventure/InputActionTest.php" line="56" assertions="2" time="0.001249"/>
        <testcase name="testSetAndGetRequiredLocation" class="InputActionTest" classname="InputActionTest" file="/Users/alex/dbwebb-kurser/mvc/me/report/tests/Adventure/InputActionTest.php" line="70" assertions="2" time="0.000795"/>
      </testsuite>
      <testsuite name="InventoryTest" file="/Users/alex/dbwebb-kurser/mvc/me/report/tests/Adventure/InventoryTest.php" tests="6" assertions="14" errors="0" warnings="0" failures="0" skipped="0" time="0.006166">
        <testcase name="testGetInventory" class="InventoryTest" classname="InventoryTest" file="/Users/alex/dbwebb-kurser/mvc/me/report/tests/Adventure/InventoryTest.php" line="15" assertions="2" time="0.001108"/>
        <testcase name="testLookInInventory" class="InventoryTest" classname="InventoryTest" file="/Users/alex/dbwebb-kurser/mvc/me/report/tests/Adventure/InventoryTest.php" line="35" assertions="2" time="0.001064"/>
        <testcase name="testGetItem" class="InventoryTest" classname="InventoryTest" file="/Users/alex/dbwebb-kurser/mvc/me/report/tests/Adventure/InventoryTest.php" line="55" assertions="2" time="0.000987"/>
        <testcase name="testHasItem" class="InventoryTest" classname="InventoryTest" file="/Users/alex/dbwebb-kurser/mvc/me/report/tests/Adventure/InventoryTest.php" line="69" assertions="2" time="0.000886"/>
        <testcase name="testAddItem" class="InventoryTest" classname="InventoryTest" file="/Users/alex/dbwebb-kurser/mvc/me/report/tests/Adventure/InventoryTest.php" line="83" assertions="3" time="0.000898"/>
        <testcase name="testRemoveItem" class="InventoryTest" classname="InventoryTest" file="/Users/alex/dbwebb-kurser/mvc/me/report/tests/Adventure/InventoryTest.php" line="100" assertions="3" time="0.001223"/>
      </testsuite>
      <testsuite name="ItemTest" file="/Users/alex/dbwebb-kurser/mvc/me/report/tests/Adventure/ItemTest.php" tests="5" assertions="8" errors="0" warnings="0" failures="0" skipped="0" time="0.004623">
        <testcase name="testGetName" class="ItemTest" classname="ItemTest" file="/Users/alex/dbwebb-kurser/mvc/me/report/tests/Adventure/ItemTest.php" line="30" assertions="1" time="0.000570"/>
        <testcase name="testGetDescription" class="ItemTest" classname="ItemTest" file="/Users/alex/dbwebb-kurser/mvc/me/report/tests/Adventure/ItemTest.php" line="38" assertions="1" time="0.000531"/>
        <testcase name="testAddAction" class="ItemTest" classname="ItemTest" file="/Users/alex/dbwebb-kurser/mvc/me/report/tests/Adventure/ItemTest.php" line="46" assertions="2" time="0.001701"/>
        <testcase name="testHasAction" class="ItemTest" classname="ItemTest" file="/Users/alex/dbwebb-kurser/mvc/me/report/tests/Adventure/ItemTest.php" line="61" assertions="2" time="0.000898"/>
        <testcase name="testGetAction" class="ItemTest" classname="ItemTest" file="/Users/alex/dbwebb-kurser/mvc/me/report/tests/Adventure/ItemTest.php" line="76" assertions="2" time="0.000923"/>
      </testsuite>
      <testsuite name="LocationResponseTest" file="/Users/alex/dbwebb-kurser/mvc/me/report/tests/Adventure/LocationResponseTest.php" tests="2" assertions="2" errors="0" warnings="0" failures="0" skipped="0" time="0.002001">
        <testcase name="testSwapLocationResponse" class="LocationResponseTest" classname="LocationResponseTest" file="/Users/alex/dbwebb-kurser/mvc/me/report/tests/Adventure/LocationResponseTest.php" line="16" assertions="1" time="0.001040"/>
        <testcase name="testMoveLocationResponse" class="LocationResponseTest" classname="LocationResponseTest" file="/Users/alex/dbwebb-kurser/mvc/me/report/tests/Adventure/LocationResponseTest.php" line="37" assertions="1" time="0.000961"/>
      </testsuite>
      <testsuite name="LocationTest" file="/Users/alex/dbwebb-kurser/mvc/me/report/tests/Adventure/LocationTest.php" tests="9" assertions="17" errors="0" warnings="0" failures="0" skipped="0" time="0.006992">
        <testcase name="testGetName" class="LocationTest" classname="LocationTest" file="/Users/alex/dbwebb-kurser/mvc/me/report/tests/Adventure/LocationTest.php" line="31" assertions="1" time="0.000601"/>
        <testcase name="testGetDescription" class="LocationTest" classname="LocationTest" file="/Users/alex/dbwebb-kurser/mvc/me/report/tests/Adventure/LocationTest.php" line="39" assertions="1" time="0.000566"/>
        <testcase name="testGetLocationDetails" class="LocationTest" classname="LocationTest" file="/Users/alex/dbwebb-kurser/mvc/me/report/tests/Adventure/LocationTest.php" line="47" assertions="1" time="0.000557"/>
        <testcase name="testConnectTo" class="LocationTest" classname="LocationTest" file="/Users/alex/dbwebb-kurser/mvc/me/report/tests/Adventure/LocationTest.php" line="55" assertions="3" time="0.000616"/>
        <testcase name="testConnectToThrowsException" class="LocationTest" classname="LocationTest" file="/Users/alex/dbwebb-kurser/mvc/me/report/tests/Adventure/LocationTest.php" line="70" assertions="2" time="0.000651"/>
        <testcase name="testDisconnectFrom" class="LocationTest" classname="LocationTest" file="/Users/alex/dbwebb-kurser/mvc/me/report/tests/Adventure/LocationTest.php" line="87" assertions="2" time="0.000613"/>
        <testcase name="testAddItemAndGetItems" class="LocationTest" classname="LocationTest" file="/Users/alex/dbwebb-kurser/mvc/me/report/tests/Adventure/LocationTest.php" line="102" assertions="2" time="0.001141"/>
        <testcase name="testAddItemAndGetItem" class="LocationTest" classname="LocationTest" file="/Users/alex/dbwebb-kurser/mvc/me/report/tests/Adventure/LocationTest.php" line="122" assertions="3" time="0.001110"/>
        <testcase name="testHasItem" class="LocationTest" classname="LocationTest" file="/Users/alex/dbwebb-kurser/mvc/me/report/tests/Adventure/LocationTest.php" line="143" assertions="2" time="0.001136"/>
      </testsuite>
      <testsuite name="LogTest" file="/Users/alex/dbwebb-kurser/mvc/me/report/tests/Adventure/LogTest.php" tests="3" assertions="4" errors="0" warnings="0" failures="0" skipped="0" time="0.003503">
        <testcase name="testAddEntryAndGetEntries" class="LogTest" classname="LogTest" file="/Users/alex/dbwebb-kurser/mvc/me/report/tests/Adventure/LogTest.php" line="14" assertions="2" time="0.002033"/>
        <testcase name="testAddBulkEntry" class="LogTest" classname="LogTest" file="/Users/alex/dbwebb-kurser/mvc/me/report/tests/Adventure/LogTest.php" line="34" assertions="1" time="0.000773"/>
        <testcase name="testDump" class="LogTest" classname="LogTest" file="/Users/alex/dbwebb-kurser/mvc/me/report/tests/Adventure/LogTest.php" line="49" assertions="1" time="0.000697"/>
      </testsuite>
      <testsuite name="App\Card\CardTest" file="/Users/alex/dbwebb-kurser/mvc/me/report/tests/Card/CardTest.php" tests="5" assertions="5" errors="0" warnings="0" failures="0" skipped="0" time="0.005709">
        <testcase name="testCreateCard" class="App\Card\CardTest" classname="App.Card.CardTest" file="/Users/alex/dbwebb-kurser/mvc/me/report/tests/Card/CardTest.php" line="16" assertions="1" time="0.002751"/>
        <testcase name="testGetRank" class="App\Card\CardTest" classname="App.Card.CardTest" file="/Users/alex/dbwebb-kurser/mvc/me/report/tests/Card/CardTest.php" line="28" assertions="1" time="0.001070"/>
        <testcase name="testGetSuit" class="App\Card\CardTest" classname="App.Card.CardTest" file="/Users/alex/dbwebb-kurser/mvc/me/report/tests/Card/CardTest.php" line="39" assertions="1" time="0.000750"/>
        <testcase name="testCardToString" class="App\Card\CardTest" classname="App.Card.CardTest" file="/Users/alex/dbwebb-kurser/mvc/me/report/tests/Card/CardTest.php" line="50" assertions="1" time="0.000567"/>
        <testcase name="testCardGraphicToString" class="App\Card\CardTest" classname="App.Card.CardTest" file="/Users/alex/dbwebb-kurser/mvc/me/report/tests/Card/CardTest.php" line="61" assertions="1" time="0.000571"/>
      </testsuite>
      <testsuite name="App\Card\DeckOfCardsTest" file="/Users/alex/dbwebb-kurser/mvc/me/report/tests/Card/DeckOfCardsTest.php" tests="11" assertions="14" errors="0" warnings="0" failures="0" skipped="0" time="0.016959">
        <testcase name="testCreateDeckNoArgument" class="App\Card\DeckOfCardsTest" classname="App.Card.DeckOfCardsTest" file="/Users/alex/dbwebb-kurser/mvc/me/report/tests/Card/DeckOfCardsTest.php" line="15" assertions="2" time="0.004473"/>
        <testcase name="testCreateDeckWithArgument" class="App\Card\DeckOfCardsTest" classname="App.Card.DeckOfCardsTest" file="/Users/alex/dbwebb-kurser/mvc/me/report/tests/Card/DeckOfCardsTest.php" line="27" assertions="1" time="0.001550"/>
        <testcase name="testCreateEmptyDeck" class="App\Card\DeckOfCardsTest" classname="App.Card.DeckOfCardsTest" file="/Users/alex/dbwebb-kurser/mvc/me/report/tests/Card/DeckOfCardsTest.php" line="42" assertions="1" time="0.001534"/>
        <testcase name="testAddCard" class="App\Card\DeckOfCardsTest" classname="App.Card.DeckOfCardsTest" file="/Users/alex/dbwebb-kurser/mvc/me/report/tests/Card/DeckOfCardsTest.php" line="52" assertions="1" time="0.000798"/>
        <testcase name="testGetCardsAsString" class="App\Card\DeckOfCardsTest" classname="App.Card.DeckOfCardsTest" file="/Users/alex/dbwebb-kurser/mvc/me/report/tests/Card/DeckOfCardsTest.php" line="71" assertions="1" time="0.001692"/>
        <testcase name="testGetCardValues" class="App\Card\DeckOfCardsTest" classname="App.Card.DeckOfCardsTest" file="/Users/alex/dbwebb-kurser/mvc/me/report/tests/Card/DeckOfCardsTest.php" line="90" assertions="1" time="0.001000"/>
        <testcase name="testGetCardCount" class="App\Card\DeckOfCardsTest" classname="App.Card.DeckOfCardsTest" file="/Users/alex/dbwebb-kurser/mvc/me/report/tests/Card/DeckOfCardsTest.php" line="108" assertions="1" time="0.000766"/>
        <testcase name="testDrawSingleCardIsSame" class="App\Card\DeckOfCardsTest" classname="App.Card.DeckOfCardsTest" file="/Users/alex/dbwebb-kurser/mvc/me/report/tests/Card/DeckOfCardsTest.php" line="121" assertions="2" time="0.000797"/>
        <testcase name="testDrawMultipleCardsCountOk" class="App\Card\DeckOfCardsTest" classname="App.Card.DeckOfCardsTest" file="/Users/alex/dbwebb-kurser/mvc/me/report/tests/Card/DeckOfCardsTest.php" line="134" assertions="2" time="0.000943"/>
        <testcase name="testDrawMultipleCardsOrderIsOk" class="App\Card\DeckOfCardsTest" classname="App.Card.DeckOfCardsTest" file="/Users/alex/dbwebb-kurser/mvc/me/report/tests/Card/DeckOfCardsTest.php" line="148" assertions="1" time="0.000937"/>
        <testcase name="testShuffleCards" class="App\Card\DeckOfCardsTest" classname="App.Card.DeckOfCardsTest" file="/Users/alex/dbwebb-kurser/mvc/me/report/tests/Card/DeckOfCardsTest.php" line="164" assertions="1" time="0.002466"/>
      </testsuite>
      <testsuite name="App\Tests\Command\ImportDataFromCsvCommandTest" file="/Users/alex/dbwebb-kurser/mvc/me/report/tests/Command/ImportDataFromCsvCommandTest.php" tests="4" assertions="10" errors="0" warnings="0" failures="0" skipped="0" time="0.609361">
        <testcase name="testExecute" class="App\Tests\Command\ImportDataFromCsvCommandTest" classname="App.Tests.Command.ImportDataFromCsvCommandTest" file="/Users/alex/dbwebb-kurser/mvc/me/report/tests/Command/ImportDataFromCsvCommandTest.php" line="35" assertions="4" time="0.589567"/>
        <testcase name="testExecuteWithNonExistentCsvFile" class="App\Tests\Command\ImportDataFromCsvCommandTest" classname="App.Tests.Command.ImportDataFromCsvCommandTest" file="/Users/alex/dbwebb-kurser/mvc/me/report/tests/Command/ImportDataFromCsvCommandTest.php" line="67" assertions="2" time="0.007220"/>
        <testcase name="testExecuteWithNonExistentEntityManager" class="App\Tests\Command\ImportDataFromCsvCommandTest" classname="App.Tests.Command.ImportDataFromCsvCommandTest" file="/Users/alex/dbwebb-kurser/mvc/me/report/tests/Command/ImportDataFromCsvCommandTest.php" line="92" assertions="2" time="0.006525"/>
        <testcase name="testExecuteWithNoEntityClassFound" class="App\Tests\Command\ImportDataFromCsvCommandTest" classname="App.Tests.Command.ImportDataFromCsvCommandTest" file="/Users/alex/dbwebb-kurser/mvc/me/report/tests/Command/ImportDataFromCsvCommandTest.php" line="114" assertions="2" time="0.006049"/>
      </testsuite>
      <testsuite name="App\Tests\Controller\AdventureControllerTest" file="/Users/alex/dbwebb-kurser/mvc/me/report/tests/Controller/AdventureControllerTest.php" tests="5" assertions="20" errors="0" warnings="0" failures="0" skipped="0" time="0.360501">
        <testcase name="testStart" class="App\Tests\Controller\AdventureControllerTest" classname="App.Tests.Controller.AdventureControllerTest" file="/Users/alex/dbwebb-kurser/mvc/me/report/tests/Controller/AdventureControllerTest.php" line="46" assertions="3" time="0.189392"/>
        <testcase name="testInit" class="App\Tests\Controller\AdventureControllerTest" classname="App.Tests.Controller.AdventureControllerTest" file="/Users/alex/dbwebb-kurser/mvc/me/report/tests/Controller/AdventureControllerTest.php" line="58" assertions="3" time="0.065968"/>
        <testcase name="testRenderLocation" class="App\Tests\Controller\AdventureControllerTest" classname="App.Tests.Controller.AdventureControllerTest" file="/Users/alex/dbwebb-kurser/mvc/me/report/tests/Controller/AdventureControllerTest.php" line="76" assertions="3" time="0.034797"/>
        <testcase name="testPerformAction" class="App\Tests\Controller\AdventureControllerTest" classname="App.Tests.Controller.AdventureControllerTest" file="/Users/alex/dbwebb-kurser/mvc/me/report/tests/Controller/AdventureControllerTest.php" line="102" assertions="8" time="0.051482"/>
        <testcase name="testActionRouteWithResetSessionRedirect" class="App\Tests\Controller\AdventureControllerTest" classname="App.Tests.Controller.AdventureControllerTest" file="/Users/alex/dbwebb-kurser/mvc/me/report/tests/Controller/AdventureControllerTest.php" line="140" assertions="3" time="0.018862"/>
      </testsuite>
      <testsuite name="ProjectControllerJsonTest" file="/Users/alex/dbwebb-kurser/mvc/me/report/tests/Controller/ProjectControllerJsonTest.php" tests="13" assertions="50" errors="0" warnings="0" failures="0" skipped="0" time="0.279407">
        <testcase name="testLocations" class="ProjectControllerJsonTest" classname="ProjectControllerJsonTest" file="/Users/alex/dbwebb-kurser/mvc/me/report/tests/Controller/ProjectControllerJsonTest.php" line="31" assertions="4" time="0.061317"/>
        <testcase name="testLocationsNotFound" class="ProjectControllerJsonTest" classname="ProjectControllerJsonTest" file="/Users/alex/dbwebb-kurser/mvc/me/report/tests/Controller/ProjectControllerJsonTest.php" line="50" assertions="4" time="0.013778"/>
        <testcase name="testLocationById" class="ProjectControllerJsonTest" classname="ProjectControllerJsonTest" file="/Users/alex/dbwebb-kurser/mvc/me/report/tests/Controller/ProjectControllerJsonTest.php" line="73" assertions="3" time="0.016384"/>
        <testcase name="testLocationByIdNotFound" class="ProjectControllerJsonTest" classname="ProjectControllerJsonTest" file="/Users/alex/dbwebb-kurser/mvc/me/report/tests/Controller/ProjectControllerJsonTest.php" line="98" assertions="4" time="0.014312"/>
        <testcase name="testItems" class="ProjectControllerJsonTest" classname="ProjectControllerJsonTest" file="/Users/alex/dbwebb-kurser/mvc/me/report/tests/Controller/ProjectControllerJsonTest.php" line="117" assertions="4" time="0.017719"/>
        <testcase name="testItemsNotFound" class="ProjectControllerJsonTest" classname="ProjectControllerJsonTest" file="/Users/alex/dbwebb-kurser/mvc/me/report/tests/Controller/ProjectControllerJsonTest.php" line="136" assertions="4" time="0.015651"/>
        <testcase name="testItemById" class="ProjectControllerJsonTest" classname="ProjectControllerJsonTest" file="/Users/alex/dbwebb-kurser/mvc/me/report/tests/Controller/ProjectControllerJsonTest.php" line="159" assertions="3" time="0.018117"/>
        <testcase name="testItemByIdNotFound" class="ProjectControllerJsonTest" classname="ProjectControllerJsonTest" file="/Users/alex/dbwebb-kurser/mvc/me/report/tests/Controller/ProjectControllerJsonTest.php" line="184" assertions="4" time="0.015363"/>
        <testcase name="testLog" class="ProjectControllerJsonTest" classname="ProjectControllerJsonTest" file="/Users/alex/dbwebb-kurser/mvc/me/report/tests/Controller/ProjectControllerJsonTest.php" line="200" assertions="4" time="0.019289"/>
        <testcase name="testLogNoEntriesFound" class="ProjectControllerJsonTest" classname="ProjectControllerJsonTest" file="/Users/alex/dbwebb-kurser/mvc/me/report/tests/Controller/ProjectControllerJsonTest.php" line="227" assertions="4" time="0.021606"/>
        <testcase name="testConnect" class="ProjectControllerJsonTest" classname="ProjectControllerJsonTest" file="/Users/alex/dbwebb-kurser/mvc/me/report/tests/Controller/ProjectControllerJsonTest.php" line="257" assertions="4" time="0.037917"/>
        <testcase name="testConnectSameLocation" class="ProjectControllerJsonTest" classname="ProjectControllerJsonTest" file="/Users/alex/dbwebb-kurser/mvc/me/report/tests/Controller/ProjectControllerJsonTest.php" line="280" assertions="4" time="0.013905"/>
        <testcase name="testConnectConnectionAlreadyExists" class="ProjectControllerJsonTest" classname="ProjectControllerJsonTest" file="/Users/alex/dbwebb-kurser/mvc/me/report/tests/Controller/ProjectControllerJsonTest.php" line="303" assertions="4" time="0.014048"/>
      </testsuite>
      <testsuite name="App\Tests\Controller\TwentyOneGameControllerTest" file="/Users/alex/dbwebb-kurser/mvc/me/report/tests/Controller/TwentyOneGameControllerTest.php" tests="9" assertions="13" errors="0" warnings="0" failures="0" skipped="0" time="0.221457">
        <testcase name="testIndex" class="App\Tests\Controller\TwentyOneGameControllerTest" classname="App.Tests.Controller.TwentyOneGameControllerTest" file="/Users/alex/dbwebb-kurser/mvc/me/report/tests/Controller/TwentyOneGameControllerTest.php" line="18" assertions="1" time="0.049371"/>
        <testsuite name="App\Tests\Controller\TwentyOneGameControllerTest::testInitBankerSuccess" tests="3" assertions="3" errors="0" warnings="0" failures="0" skipped="0" time="0.065456">
          <testcase name="testInitBankerSuccess with data set &quot;Easy Banker&quot;" class="App\Tests\Controller\TwentyOneGameControllerTest" classname="App.Tests.Controller.TwentyOneGameControllerTest" file="/Users/alex/dbwebb-kurser/mvc/me/report/tests/Controller/TwentyOneGameControllerTest.php" line="50" assertions="1" time="0.023492"/>
          <testcase name="testInitBankerSuccess with data set &quot;Medium Banker&quot;" class="App\Tests\Controller\TwentyOneGameControllerTest" classname="App.Tests.Controller.TwentyOneGameControllerTest" file="/Users/alex/dbwebb-kurser/mvc/me/report/tests/Controller/TwentyOneGameControllerTest.php" line="50" assertions="1" time="0.019832"/>
          <testcase name="testInitBankerSuccess with data set &quot;Hard Banker&quot;" class="App\Tests\Controller\TwentyOneGameControllerTest" classname="App.Tests.Controller.TwentyOneGameControllerTest" file="/Users/alex/dbwebb-kurser/mvc/me/report/tests/Controller/TwentyOneGameControllerTest.php" line="50" assertions="1" time="0.022132"/>
        </testsuite>
        <testcase name="testInitBankerFail" class="App\Tests\Controller\TwentyOneGameControllerTest" classname="App.Tests.Controller.TwentyOneGameControllerTest" file="/Users/alex/dbwebb-kurser/mvc/me/report/tests/Controller/TwentyOneGameControllerTest.php" line="71" assertions="1" time="0.019729"/>
        <testsuite name="App\Tests\Controller\TwentyOneGameControllerTest::testStay" tests="2" assertions="4" errors="0" warnings="0" failures="0" skipped="0" time="0.043730">
          <testcase name="testStay with data set &quot;Banker wins&quot;" class="App\Tests\Controller\TwentyOneGameControllerTest" classname="App.Tests.Controller.TwentyOneGameControllerTest" file="/Users/alex/dbwebb-kurser/mvc/me/report/tests/Controller/TwentyOneGameControllerTest.php" line="105" assertions="2" time="0.021941"/>
          <testcase name="testStay with data set &quot;Player wins&quot;" class="App\Tests\Controller\TwentyOneGameControllerTest" classname="App.Tests.Controller.TwentyOneGameControllerTest" file="/Users/alex/dbwebb-kurser/mvc/me/report/tests/Controller/TwentyOneGameControllerTest.php" line="105" assertions="2" time="0.021790"/>
        </testsuite>
        <testsuite name="App\Tests\Controller\TwentyOneGameControllerTest::testHit" tests="2" assertions="4" errors="0" warnings="0" failures="0" skipped="0" time="0.043170">
          <testcase name="testHit with data set &quot;Banker wins&quot;" class="App\Tests\Controller\TwentyOneGameControllerTest" classname="App.Tests.Controller.TwentyOneGameControllerTest" file="/Users/alex/dbwebb-kurser/mvc/me/report/tests/Controller/TwentyOneGameControllerTest.php" line="152" assertions="2" time="0.022269"/>
          <testcase name="testHit with data set &quot;Player wins&quot;" class="App\Tests\Controller\TwentyOneGameControllerTest" classname="App.Tests.Controller.TwentyOneGameControllerTest" file="/Users/alex/dbwebb-kurser/mvc/me/report/tests/Controller/TwentyOneGameControllerTest.php" line="152" assertions="2" time="0.020901"/>
        </testsuite>
      </testsuite>
      <testsuite name="App\Game\BettingManagerTest" file="/Users/alex/dbwebb-kurser/mvc/me/report/tests/Game/BettingManagerTest.php" tests="7" assertions="11" errors="0" warnings="0" failures="0" skipped="0" time="0.004640">
        <testcase name="testCreateBettingManagerNoArguments" class="App\Game\BettingManagerTest" classname="App.Game.BettingManagerTest" file="/Users/alex/dbwebb-kurser/mvc/me/report/tests/Game/BettingManagerTest.php" line="15" assertions="3" time="0.000626"/>
        <testcase name="testCreateBettingManagerWithArgumentsOk" class="App\Game\BettingManagerTest" classname="App.Game.BettingManagerTest" file="/Users/alex/dbwebb-kurser/mvc/me/report/tests/Game/BettingManagerTest.php" line="27" assertions="3" time="0.000896"/>
        <testsuite name="App\Game\BettingManagerTest::testCreateBettingManagerWithArgumentsRaisesException" tests="3" assertions="3" errors="0" warnings="0" failures="0" skipped="0" time="0.001942">
          <testcase name="testCreateBettingManagerWithArgumentsRaisesException with data set &quot;step larger than max&quot;" class="App\Game\BettingManagerTest" classname="App.Game.BettingManagerTest" file="/Users/alex/dbwebb-kurser/mvc/me/report/tests/Game/BettingManagerTest.php" line="55" assertions="1" time="0.000786"/>
          <testcase name="testCreateBettingManagerWithArgumentsRaisesException with data set &quot;step smaller than 1&quot;" class="App\Game\BettingManagerTest" classname="App.Game.BettingManagerTest" file="/Users/alex/dbwebb-kurser/mvc/me/report/tests/Game/BettingManagerTest.php" line="55" assertions="1" time="0.000604"/>
          <testcase name="testCreateBettingManagerWithArgumentsRaisesException with data set &quot;max not divisible by step&quot;" class="App\Game\BettingManagerTest" classname="App.Game.BettingManagerTest" file="/Users/alex/dbwebb-kurser/mvc/me/report/tests/Game/BettingManagerTest.php" line="55" assertions="1" time="0.000552"/>
        </testsuite>
        <testcase name="testIsBettingFalse" class="App\Game\BettingManagerTest" classname="App.Game.BettingManagerTest" file="/Users/alex/dbwebb-kurser/mvc/me/report/tests/Game/BettingManagerTest.php" line="64" assertions="1" time="0.000570"/>
        <testcase name="testSetBettingTrue" class="App\Game\BettingManagerTest" classname="App.Game.BettingManagerTest" file="/Users/alex/dbwebb-kurser/mvc/me/report/tests/Game/BettingManagerTest.php" line="73" assertions="1" time="0.000605"/>
      </testsuite>
      <testsuite name="App\Game\EasyBankerTest" file="/Users/alex/dbwebb-kurser/mvc/me/report/tests/Game/EasyBankerTest.php" tests="3" assertions="3" errors="0" warnings="0" failures="0" skipped="0" time="0.003855">
        <testsuite name="App\Game\EasyBankerTest::testKeepHitting" tests="3" assertions="3" errors="0" warnings="0" failures="0" skipped="0" time="0.003855">
          <testcase name="testKeepHitting with data set &quot;add 5 and 7 (under 17)&quot;" class="App\Game\EasyBankerTest" classname="App.Game.EasyBankerTest" file="/Users/alex/dbwebb-kurser/mvc/me/report/tests/Game/EasyBankerTest.php" line="31" assertions="1" time="0.001255"/>
          <testcase name="testKeepHitting with data set &quot;add 10 and 7 (exactly 17)&quot;" class="App\Game\EasyBankerTest" classname="App.Game.EasyBankerTest" file="/Users/alex/dbwebb-kurser/mvc/me/report/tests/Game/EasyBankerTest.php" line="31" assertions="1" time="0.001277"/>
          <testcase name="testKeepHitting with data set &quot;add 10, 5 and 7 (over 17)&quot;" class="App\Game\EasyBankerTest" classname="App.Game.EasyBankerTest" file="/Users/alex/dbwebb-kurser/mvc/me/report/tests/Game/EasyBankerTest.php" line="31" assertions="1" time="0.001323"/>
        </testsuite>
      </testsuite>
      <testsuite name="App\Game\GameHasWonTest" file="/Users/alex/dbwebb-kurser/mvc/me/report/tests/Game/GameHasWonTest.php" tests="6" assertions="6" errors="0" warnings="0" failures="0" skipped="0" time="0.009254">
        <testsuite name="App\Game\GameHasWonTest::testCheckPlayerWon" tests="2" assertions="2" errors="0" warnings="0" failures="0" skipped="0" time="0.003900">
          <testcase name="testCheckPlayerWon with data set &quot;Player over 21 — Banker wins&quot;" class="App\Game\GameHasWonTest" classname="App.Game.GameHasWonTest" file="/Users/alex/dbwebb-kurser/mvc/me/report/tests/Game/GameHasWonTest.php" line="75" assertions="1" time="0.002810"/>
          <testcase name="testCheckPlayerWon with data set &quot;Player scores 21 — Player wins&quot;" class="App\Game\GameHasWonTest" classname="App.Game.GameHasWonTest" file="/Users/alex/dbwebb-kurser/mvc/me/report/tests/Game/GameHasWonTest.php" line="75" assertions="1" time="0.001090"/>
        </testsuite>
        <testsuite name="App\Game\GameHasWonTest::testCheckBankerWon" tests="4" assertions="4" errors="0" warnings="0" failures="0" skipped="0" time="0.005354">
          <testcase name="testCheckBankerWon with data set &quot;Banker over 21 — Player wins&quot;" class="App\Game\GameHasWonTest" classname="App.Game.GameHasWonTest" file="/Users/alex/dbwebb-kurser/mvc/me/report/tests/Game/GameHasWonTest.php" line="116" assertions="1" time="0.001167"/>
          <testcase name="testCheckBankerWon with data set &quot;Player over banker — Player wins&quot;" class="App\Game\GameHasWonTest" classname="App.Game.GameHasWonTest" file="/Users/alex/dbwebb-kurser/mvc/me/report/tests/Game/GameHasWonTest.php" line="116" assertions="1" time="0.001519"/>
          <testcase name="testCheckBankerWon with data set &quot;Banker over player — Banker wins&quot;" class="App\Game\GameHasWonTest" classname="App.Game.GameHasWonTest" file="/Users/alex/dbwebb-kurser/mvc/me/report/tests/Game/GameHasWonTest.php" line="116" assertions="1" time="0.001379"/>
          <testcase name="testCheckBankerWon with data set &quot;Banker equal player — Banker wins&quot;" class="App\Game\GameHasWonTest" classname="App.Game.GameHasWonTest" file="/Users/alex/dbwebb-kurser/mvc/me/report/tests/Game/GameHasWonTest.php" line="116" assertions="1" time="0.001289"/>
        </testsuite>
      </testsuite>
      <testsuite name="App\Game\GameManagerBankerTest" file="/Users/alex/dbwebb-kurser/mvc/me/report/tests/Game/GameManagerBankerTest.php" tests="1" assertions="3" errors="0" warnings="0" failures="0" skipped="0" time="0.001301">
        <testcase name="testDealBanker" class="App\Game\GameManagerBankerTest" classname="App.Game.GameManagerBankerTest" file="/Users/alex/dbwebb-kurser/mvc/me/report/tests/Game/GameManagerBankerTest.php" line="29" assertions="3" time="0.001301"/>
      </testsuite>
      <testsuite name="App\Game\GameManagerPlayerTest" file="/Users/alex/dbwebb-kurser/mvc/me/report/tests/Game/GameManagerPlayerTest.php" tests="8" assertions="15" errors="0" warnings="0" failures="0" skipped="0" time="0.012887">
        <testsuite name="App\Game\GameManagerPlayerTest::testDealPlayer" tests="3" assertions="9" errors="0" warnings="0" failures="0" skipped="0" time="0.004162">
          <testcase name="testDealPlayer with data set &quot;Deal 1 card (sum 13)&quot;" class="App\Game\GameManagerPlayerTest" classname="App.Game.GameManagerPlayerTest" file="/Users/alex/dbwebb-kurser/mvc/me/report/tests/Game/GameManagerPlayerTest.php" line="45" assertions="3" time="0.001422"/>
          <testcase name="testDealPlayer with data set &quot;Deal 2 cards (sum 25)&quot;" class="App\Game\GameManagerPlayerTest" classname="App.Game.GameManagerPlayerTest" file="/Users/alex/dbwebb-kurser/mvc/me/report/tests/Game/GameManagerPlayerTest.php" line="45" assertions="3" time="0.001342"/>
          <testcase name="testDealPlayer with data set &quot;Deal 3 cards (sum 36)&quot;" class="App\Game\GameManagerPlayerTest" classname="App.Game.GameManagerPlayerTest" file="/Users/alex/dbwebb-kurser/mvc/me/report/tests/Game/GameManagerPlayerTest.php" line="45" assertions="3" time="0.001398"/>
        </testsuite>
        <testsuite name="App\Game\GameManagerPlayerTest::testGetPlayerBurstRisk" tests="4" assertions="4" errors="0" warnings="0" failures="0" skipped="0" time="0.007375">
          <testcase name="testGetPlayerBurstRisk with data set &quot;No card will put the player over 21 — 0% risk&quot;" class="App\Game\GameManagerPlayerTest" classname="App.Game.GameManagerPlayerTest" file="/Users/alex/dbwebb-kurser/mvc/me/report/tests/Game/GameManagerPlayerTest.php" line="91" assertions="1" time="0.002908"/>
          <testcase name="testGetPlayerBurstRisk with data set &quot;1 of 4 cards will put player over 21 - 25% risk&quot;" class="App\Game\GameManagerPlayerTest" classname="App.Game.GameManagerPlayerTest" file="/Users/alex/dbwebb-kurser/mvc/me/report/tests/Game/GameManagerPlayerTest.php" line="91" assertions="1" time="0.001527"/>
          <testcase name="testGetPlayerBurstRisk with data set &quot;1 of 2 cards will put player over 21 - 50% risk&quot;" class="App\Game\GameManagerPlayerTest" classname="App.Game.GameManagerPlayerTest" file="/Users/alex/dbwebb-kurser/mvc/me/report/tests/Game/GameManagerPlayerTest.php" line="91" assertions="1" time="0.001421"/>
          <testcase name="testGetPlayerBurstRisk with data set &quot;All cards will put player over 21 - 100% risk&quot;" class="App\Game\GameManagerPlayerTest" classname="App.Game.GameManagerPlayerTest" file="/Users/alex/dbwebb-kurser/mvc/me/report/tests/Game/GameManagerPlayerTest.php" line="91" assertions="1" time="0.001519"/>
        </testsuite>
        <testcase name="testSetAssistanceMode" class="App\Game\GameManagerPlayerTest" classname="App.Game.GameManagerPlayerTest" file="/Users/alex/dbwebb-kurser/mvc/me/report/tests/Game/GameManagerPlayerTest.php" line="116" assertions="2" time="0.001350"/>
      </testsuite>
      <testsuite name="App\Game\HardBankerTest" file="/Users/alex/dbwebb-kurser/mvc/me/report/tests/Game/HardBankerTest.php" tests="3" assertions="3" errors="0" warnings="0" failures="0" skipped="0" time="0.004050">
        <testsuite name="App\Game\HardBankerTest::testKeepHitting" tests="3" assertions="3" errors="0" warnings="0" failures="0" skipped="0" time="0.004050">
          <testcase name="testKeepHitting with data set &quot;add 5 and 7 (less than player)&quot;" class="App\Game\HardBankerTest" classname="App.Game.HardBankerTest" file="/Users/alex/dbwebb-kurser/mvc/me/report/tests/Game/HardBankerTest.php" line="32" assertions="1" time="0.001506"/>
          <testcase name="testKeepHitting with data set &quot;add 10 and 8 (same as player)&quot;" class="App\Game\HardBankerTest" classname="App.Game.HardBankerTest" file="/Users/alex/dbwebb-kurser/mvc/me/report/tests/Game/HardBankerTest.php" line="32" assertions="1" time="0.001220"/>
          <testcase name="testKeepHitting with data set &quot;add 7, 3 and 6 (more than player)&quot;" class="App\Game\HardBankerTest" classname="App.Game.HardBankerTest" file="/Users/alex/dbwebb-kurser/mvc/me/report/tests/Game/HardBankerTest.php" line="32" assertions="1" time="0.001324"/>
        </testsuite>
      </testsuite>
      <testsuite name="App\Game\MediumBankerTest" file="/Users/alex/dbwebb-kurser/mvc/me/report/tests/Game/MediumBankerTest.php" tests="8" assertions="8" errors="0" warnings="0" failures="0" skipped="0" time="0.015059">
        <testsuite name="App\Game\MediumBankerTest::testKeepHitting" tests="6" assertions="6" errors="0" warnings="0" failures="0" skipped="0" time="0.010490">
          <testcase name="testKeepHitting with data set &quot;add 3 and 4 (no risk of bursting)&quot;" class="App\Game\MediumBankerTest" classname="App.Game.MediumBankerTest" file="/Users/alex/dbwebb-kurser/mvc/me/report/tests/Game/MediumBankerTest.php" line="34" assertions="1" time="0.001190"/>
          <testcase name="testKeepHitting with data set &quot;add 4, 4 and 3 (low (≈ 24%) risk of bursting)&quot;" class="App\Game\MediumBankerTest" classname="App.Game.MediumBankerTest" file="/Users/alex/dbwebb-kurser/mvc/me/report/tests/Game/MediumBankerTest.php" line="34" assertions="1" time="0.001707"/>
          <testcase name="testKeepHitting with data set &quot;add 5, 5, and 4 (≈ 49% risk of bursting)&quot;" class="App\Game\MediumBankerTest" classname="App.Game.MediumBankerTest" file="/Users/alex/dbwebb-kurser/mvc/me/report/tests/Game/MediumBankerTest.php" line="34" assertions="1" time="0.002159"/>
          <testcase name="testKeepHitting with data set &quot;add 2, 3, 4 and 5 (50% risk of bursting)&quot;" class="App\Game\MediumBankerTest" classname="App.Game.MediumBankerTest" file="/Users/alex/dbwebb-kurser/mvc/me/report/tests/Game/MediumBankerTest.php" line="34" assertions="1" time="0.001974"/>
          <testcase name="testKeepHitting with data set &quot;add 3, 3, 3, 4 and 1 (≈ 51% risk of bursting)&quot;" class="App\Game\MediumBankerTest" classname="App.Game.MediumBankerTest" file="/Users/alex/dbwebb-kurser/mvc/me/report/tests/Game/MediumBankerTest.php" line="34" assertions="1" time="0.002063"/>
          <testcase name="testKeepHitting with data set &quot;add 10 and 9 (high (84 %) risk of bursting)&quot;" class="App\Game\MediumBankerTest" classname="App.Game.MediumBankerTest" file="/Users/alex/dbwebb-kurser/mvc/me/report/tests/Game/MediumBankerTest.php" line="34" assertions="1" time="0.001397"/>
        </testsuite>
        <testsuite name="App\Game\MediumBankerTest::testKeepHittingCardsRemoved" tests="2" assertions="2" errors="0" warnings="0" failures="0" skipped="0" time="0.004569">
          <testcase name="testKeepHittingCardsRemoved with data set &quot;remove 10 and 5, add 6 and 8 (≈ 46% risk of bursting)&quot;" class="App\Game\MediumBankerTest" classname="App.Game.MediumBankerTest" file="/Users/alex/dbwebb-kurser/mvc/me/report/tests/Game/MediumBankerTest.php" line="69" assertions="1" time="0.002025"/>
          <testcase name="testKeepHittingCardsRemoved with data set &quot;remove 7, 8 and 9, add 4, 5 and 6 (≈ 54% risk of bursting)&quot;" class="App\Game\MediumBankerTest" classname="App.Game.MediumBankerTest" file="/Users/alex/dbwebb-kurser/mvc/me/report/tests/Game/MediumBankerTest.php" line="69" assertions="1" time="0.002544"/>
        </testsuite>
      </testsuite>
      <testsuite name="App\Game\PlaceBetTest" file="/Users/alex/dbwebb-kurser/mvc/me/report/tests/Game/PlaceBetTest.php" tests="6" assertions="12" errors="0" warnings="0" failures="0" skipped="0" time="0.003716">
        <testsuite name="App\Game\PlaceBetTest::testPlaceBet" tests="3" assertions="9" errors="0" warnings="0" failures="0" skipped="0" time="0.001876">
          <testcase name="testPlaceBet with data set &quot;bet ok&quot;" class="App\Game\PlaceBetTest" classname="App.Game.PlaceBetTest" file="/Users/alex/dbwebb-kurser/mvc/me/report/tests/Game/PlaceBetTest.php" line="33" assertions="3" time="0.000699"/>
          <testcase name="testPlaceBet with data set &quot;bet not ok — not enough coins&quot;" class="App\Game\PlaceBetTest" classname="App.Game.PlaceBetTest" file="/Users/alex/dbwebb-kurser/mvc/me/report/tests/Game/PlaceBetTest.php" line="33" assertions="3" time="0.000595"/>
          <testcase name="testPlaceBet with data set &quot;bet not ok — incorrect step&quot;" class="App\Game\PlaceBetTest" classname="App.Game.PlaceBetTest" file="/Users/alex/dbwebb-kurser/mvc/me/report/tests/Game/PlaceBetTest.php" line="33" assertions="3" time="0.000582"/>
        </testsuite>
        <testsuite name="App\Game\PlaceBetTest::testPlaceBetGetStake" tests="2" assertions="2" errors="0" warnings="0" failures="0" skipped="0" time="0.001238">
          <testcase name="testPlaceBetGetStake with data set &quot;bet ok - update stake &quot;" class="App\Game\PlaceBetTest" classname="App.Game.PlaceBetTest" file="/Users/alex/dbwebb-kurser/mvc/me/report/tests/Game/PlaceBetTest.php" line="64" assertions="1" time="0.000675"/>
          <testcase name="testPlaceBetGetStake with data set &quot;bet not ok — do not update stake&quot;" class="App\Game\PlaceBetTest" classname="App.Game.PlaceBetTest" file="/Users/alex/dbwebb-kurser/mvc/me/report/tests/Game/PlaceBetTest.php" line="64" assertions="1" time="0.000563"/>
        </testsuite>
        <testcase name="testBankerCannotMatchBet" class="App\Game\PlaceBetTest" classname="App.Game.PlaceBetTest" file="/Users/alex/dbwebb-kurser/mvc/me/report/tests/Game/PlaceBetTest.php" line="75" assertions="1" time="0.000602"/>
      </testsuite>
      <testsuite name="App\Game\ReceiverTest" file="/Users/alex/dbwebb-kurser/mvc/me/report/tests/Game/ReceiverTest.php" tests="5" assertions="8" errors="0" warnings="0" failures="0" skipped="0" time="0.007929">
        <testsuite name="App\Game\ReceiverTest::testReceiveCardsScoreOk" tests="3" assertions="3" errors="0" warnings="0" failures="0" skipped="0" time="0.004043">
          <testcase name="testReceiveCardsScoreOk with data set &quot;add 5, 2 and 3&quot;" class="App\Game\ReceiverTest" classname="App.Game.ReceiverTest" file="/Users/alex/dbwebb-kurser/mvc/me/report/tests/Game/ReceiverTest.php" line="31" assertions="1" time="0.001715"/>
          <testcase name="testReceiveCardsScoreOk with data set &quot;add 8 and Ace (worth 1)&quot;" class="App\Game\ReceiverTest" classname="App.Game.ReceiverTest" file="/Users/alex/dbwebb-kurser/mvc/me/report/tests/Game/ReceiverTest.php" line="31" assertions="1" time="0.001222"/>
          <testcase name="testReceiveCardsScoreOk with data set &quot;add 7 and Ace (worth 14)&quot;" class="App\Game\ReceiverTest" classname="App.Game.ReceiverTest" file="/Users/alex/dbwebb-kurser/mvc/me/report/tests/Game/ReceiverTest.php" line="31" assertions="1" time="0.001106"/>
        </testsuite>
        <testcase name="testGetCards" class="App\Game\ReceiverTest" classname="App.Game.ReceiverTest" file="/Users/alex/dbwebb-kurser/mvc/me/report/tests/Game/ReceiverTest.php" line="51" assertions="1" time="0.000827"/>
        <testcase name="testReset" class="App\Game\ReceiverTest" classname="App.Game.ReceiverTest" file="/Users/alex/dbwebb-kurser/mvc/me/report/tests/Game/ReceiverTest.php" line="64" assertions="4" time="0.003059"/>
      </testsuite>
      <testsuite name="App\Game\WinsStakeTest" file="/Users/alex/dbwebb-kurser/mvc/me/report/tests/Game/WinsStakeTest.php" tests="4" assertions="16" errors="0" warnings="0" failures="0" skipped="0" time="0.003154">
        <testsuite name="App\Game\WinsStakeTest::testPlayerWinsStake" tests="2" assertions="8" errors="0" warnings="0" failures="0" skipped="0" time="0.001598">
          <testcase name="testPlayerWinsStake with data set &quot;win — game not over&quot;" class="App\Game\WinsStakeTest" classname="App.Game.WinsStakeTest" file="/Users/alex/dbwebb-kurser/mvc/me/report/tests/Game/WinsStakeTest.php" line="31" assertions="4" time="0.000956"/>
          <testcase name="testPlayerWinsStake with data set &quot;win — game over&quot;" class="App\Game\WinsStakeTest" classname="App.Game.WinsStakeTest" file="/Users/alex/dbwebb-kurser/mvc/me/report/tests/Game/WinsStakeTest.php" line="31" assertions="4" time="0.000642"/>
        </testsuite>
        <testsuite name="App\Game\WinsStakeTest::testBankerWinsStake" tests="2" assertions="8" errors="0" warnings="0" failures="0" skipped="0" time="0.001556">
          <testcase name="testBankerWinsStake with data set &quot;win — game not over&quot;" class="App\Game\WinsStakeTest" classname="App.Game.WinsStakeTest" file="/Users/alex/dbwebb-kurser/mvc/me/report/tests/Game/WinsStakeTest.php" line="51" assertions="4" time="0.000879"/>
          <testcase name="testBankerWinsStake with data set &quot;win — game over&quot;" class="App\Game\WinsStakeTest" classname="App.Game.WinsStakeTest" file="/Users/alex/dbwebb-kurser/mvc/me/report/tests/Game/WinsStakeTest.php" line="51" assertions="4" time="0.000677"/>
        </testsuite>
      </testsuite>
    </testsuite>
  </testsuite>
</testsuites>
