<?xml version="1.0" encoding="UTF-8"?>
<testsuites>
  <testsuite name="" tests="77" assertions="122" errors="0" warnings="0" failures="0" skipped="0" time="2.137895">
    <testsuite name="Project Test Suite" tests="77" assertions="122" errors="0" warnings="0" failures="0" skipped="0" time="2.137895">
      <testsuite name="App\Card\CardTest" file="/Users/alex/dbwebb-kurser/mvc/me/report/tests/Card/CardTest.php" tests="5" assertions="5" errors="0" warnings="0" failures="0" skipped="0" time="0.026551">
        <testcase name="testCreateCard" class="App\Card\CardTest" classname="App.Card.CardTest" file="/Users/alex/dbwebb-kurser/mvc/me/report/tests/Card/CardTest.php" line="16" assertions="1" time="0.022512"/>
        <testcase name="testGetRank" class="App\Card\CardTest" classname="App.Card.CardTest" file="/Users/alex/dbwebb-kurser/mvc/me/report/tests/Card/CardTest.php" line="28" assertions="1" time="0.001844"/>
        <testcase name="testGetSuit" class="App\Card\CardTest" classname="App.Card.CardTest" file="/Users/alex/dbwebb-kurser/mvc/me/report/tests/Card/CardTest.php" line="39" assertions="1" time="0.000731"/>
        <testcase name="testCardToString" class="App\Card\CardTest" classname="App.Card.CardTest" file="/Users/alex/dbwebb-kurser/mvc/me/report/tests/Card/CardTest.php" line="50" assertions="1" time="0.000690"/>
        <testcase name="testCardGraphicToString" class="App\Card\CardTest" classname="App.Card.CardTest" file="/Users/alex/dbwebb-kurser/mvc/me/report/tests/Card/CardTest.php" line="61" assertions="1" time="0.000774"/>
      </testsuite>
      <testsuite name="App\Card\DeckOfCardsTest" file="/Users/alex/dbwebb-kurser/mvc/me/report/tests/Card/DeckOfCardsTest.php" tests="11" assertions="14" errors="0" warnings="0" failures="0" skipped="0" time="0.068794">
        <testcase name="testCreateDeckNoArgument" class="App\Card\DeckOfCardsTest" classname="App.Card.DeckOfCardsTest" file="/Users/alex/dbwebb-kurser/mvc/me/report/tests/Card/DeckOfCardsTest.php" line="15" assertions="2" time="0.006598"/>
        <testcase name="testCreateDeckWithArgument" class="App\Card\DeckOfCardsTest" classname="App.Card.DeckOfCardsTest" file="/Users/alex/dbwebb-kurser/mvc/me/report/tests/Card/DeckOfCardsTest.php" line="27" assertions="1" time="0.026211"/>
        <testcase name="testCreateEmptyDeck" class="App\Card\DeckOfCardsTest" classname="App.Card.DeckOfCardsTest" file="/Users/alex/dbwebb-kurser/mvc/me/report/tests/Card/DeckOfCardsTest.php" line="42" assertions="1" time="0.002085"/>
        <testcase name="testAddCard" class="App\Card\DeckOfCardsTest" classname="App.Card.DeckOfCardsTest" file="/Users/alex/dbwebb-kurser/mvc/me/report/tests/Card/DeckOfCardsTest.php" line="52" assertions="1" time="0.001268"/>
        <testcase name="testGetCardsAsString" class="App\Card\DeckOfCardsTest" classname="App.Card.DeckOfCardsTest" file="/Users/alex/dbwebb-kurser/mvc/me/report/tests/Card/DeckOfCardsTest.php" line="71" assertions="1" time="0.018725"/>
        <testcase name="testGetCardValues" class="App\Card\DeckOfCardsTest" classname="App.Card.DeckOfCardsTest" file="/Users/alex/dbwebb-kurser/mvc/me/report/tests/Card/DeckOfCardsTest.php" line="90" assertions="1" time="0.001831"/>
        <testcase name="testGetCardCount" class="App\Card\DeckOfCardsTest" classname="App.Card.DeckOfCardsTest" file="/Users/alex/dbwebb-kurser/mvc/me/report/tests/Card/DeckOfCardsTest.php" line="108" assertions="1" time="0.001239"/>
        <testcase name="testDrawSingleCardIsSame" class="App\Card\DeckOfCardsTest" classname="App.Card.DeckOfCardsTest" file="/Users/alex/dbwebb-kurser/mvc/me/report/tests/Card/DeckOfCardsTest.php" line="121" assertions="2" time="0.001448"/>
        <testcase name="testDrawMultipleCardsCountOk" class="App\Card\DeckOfCardsTest" classname="App.Card.DeckOfCardsTest" file="/Users/alex/dbwebb-kurser/mvc/me/report/tests/Card/DeckOfCardsTest.php" line="134" assertions="2" time="0.001422"/>
        <testcase name="testDrawMultipleCardsOrderIsOk" class="App\Card\DeckOfCardsTest" classname="App.Card.DeckOfCardsTest" file="/Users/alex/dbwebb-kurser/mvc/me/report/tests/Card/DeckOfCardsTest.php" line="148" assertions="1" time="0.001429"/>
        <testcase name="testShuffleCards" class="App\Card\DeckOfCardsTest" classname="App.Card.DeckOfCardsTest" file="/Users/alex/dbwebb-kurser/mvc/me/report/tests/Card/DeckOfCardsTest.php" line="164" assertions="1" time="0.006538"/>
      </testsuite>
      <testsuite name="App\Tests\GameControllerTest" file="/Users/alex/dbwebb-kurser/mvc/me/report/tests/Controller/GameControllerTest.php" tests="9" assertions="17" errors="0" warnings="0" failures="0" skipped="0" time="1.733332">
        <testcase name="testIndex" class="App\Tests\GameControllerTest" classname="App.Tests.GameControllerTest" file="/Users/alex/dbwebb-kurser/mvc/me/report/tests/Controller/GameControllerTest.php" line="20" assertions="1" time="1.197543"/>
        <testsuite name="App\Tests\GameControllerTest::testInitBankerSuccess" tests="3" assertions="6" errors="0" warnings="0" failures="0" skipped="0" time="0.278915">
          <testcase name="testInitBankerSuccess with data set &quot;Easy Banker&quot;" class="App\Tests\GameControllerTest" classname="App.Tests.GameControllerTest" file="/Users/alex/dbwebb-kurser/mvc/me/report/tests/Controller/GameControllerTest.php" line="46" assertions="2" time="0.111304"/>
          <testcase name="testInitBankerSuccess with data set &quot;Medium Banker&quot;" class="App\Tests\GameControllerTest" classname="App.Tests.GameControllerTest" file="/Users/alex/dbwebb-kurser/mvc/me/report/tests/Controller/GameControllerTest.php" line="46" assertions="2" time="0.064158"/>
          <testcase name="testInitBankerSuccess with data set &quot;Hard Banker&quot;" class="App\Tests\GameControllerTest" classname="App.Tests.GameControllerTest" file="/Users/alex/dbwebb-kurser/mvc/me/report/tests/Controller/GameControllerTest.php" line="46" assertions="2" time="0.103453"/>
        </testsuite>
        <testcase name="testInitBankerFail" class="App\Tests\GameControllerTest" classname="App.Tests.GameControllerTest" file="/Users/alex/dbwebb-kurser/mvc/me/report/tests/Controller/GameControllerTest.php" line="67" assertions="2" time="0.093301"/>
        <testsuite name="App\Tests\GameControllerTest::testStay" tests="2" assertions="4" errors="0" warnings="0" failures="0" skipped="0" time="0.070256">
          <testcase name="testStay with data set &quot;Banker wins&quot;" class="App\Tests\GameControllerTest" classname="App.Tests.GameControllerTest" file="/Users/alex/dbwebb-kurser/mvc/me/report/tests/Controller/GameControllerTest.php" line="101" assertions="2" time="0.043207"/>
          <testcase name="testStay with data set &quot;Player wins&quot;" class="App\Tests\GameControllerTest" classname="App.Tests.GameControllerTest" file="/Users/alex/dbwebb-kurser/mvc/me/report/tests/Controller/GameControllerTest.php" line="101" assertions="2" time="0.027049"/>
        </testsuite>
        <testsuite name="App\Tests\GameControllerTest::testHit" tests="2" assertions="4" errors="0" warnings="0" failures="0" skipped="0" time="0.093316">
          <testcase name="testHit with data set &quot;Banker wins&quot;" class="App\Tests\GameControllerTest" classname="App.Tests.GameControllerTest" file="/Users/alex/dbwebb-kurser/mvc/me/report/tests/Controller/GameControllerTest.php" line="148" assertions="2" time="0.051689"/>
          <testcase name="testHit with data set &quot;Player wins&quot;" class="App\Tests\GameControllerTest" classname="App.Tests.GameControllerTest" file="/Users/alex/dbwebb-kurser/mvc/me/report/tests/Controller/GameControllerTest.php" line="148" assertions="2" time="0.041627"/>
        </testsuite>
      </testsuite>
      <testsuite name="App\Game\BettingManagerTest" file="/Users/alex/dbwebb-kurser/mvc/me/report/tests/Game/BettingManagerTest.php" tests="7" assertions="11" errors="0" warnings="0" failures="0" skipped="0" time="0.018130">
        <testcase name="testCreateBettingManagerNoArguments" class="App\Game\BettingManagerTest" classname="App.Game.BettingManagerTest" file="/Users/alex/dbwebb-kurser/mvc/me/report/tests/Game/BettingManagerTest.php" line="15" assertions="3" time="0.001039"/>
        <testcase name="testCreateBettingManagerWithArgumentsOk" class="App\Game\BettingManagerTest" classname="App.Game.BettingManagerTest" file="/Users/alex/dbwebb-kurser/mvc/me/report/tests/Game/BettingManagerTest.php" line="27" assertions="3" time="0.001108"/>
        <testsuite name="App\Game\BettingManagerTest::testCreateBettingManagerWithArgumentsRaisesException" tests="3" assertions="3" errors="0" warnings="0" failures="0" skipped="0" time="0.012666">
          <testcase name="testCreateBettingManagerWithArgumentsRaisesException with data set &quot;step larger than max&quot;" class="App\Game\BettingManagerTest" classname="App.Game.BettingManagerTest" file="/Users/alex/dbwebb-kurser/mvc/me/report/tests/Game/BettingManagerTest.php" line="55" assertions="1" time="0.010634"/>
          <testcase name="testCreateBettingManagerWithArgumentsRaisesException with data set &quot;step smaller than 1&quot;" class="App\Game\BettingManagerTest" classname="App.Game.BettingManagerTest" file="/Users/alex/dbwebb-kurser/mvc/me/report/tests/Game/BettingManagerTest.php" line="55" assertions="1" time="0.000949"/>
          <testcase name="testCreateBettingManagerWithArgumentsRaisesException with data set &quot;max not divisible by step&quot;" class="App\Game\BettingManagerTest" classname="App.Game.BettingManagerTest" file="/Users/alex/dbwebb-kurser/mvc/me/report/tests/Game/BettingManagerTest.php" line="55" assertions="1" time="0.001084"/>
        </testsuite>
        <testcase name="testIsBettingFalse" class="App\Game\BettingManagerTest" classname="App.Game.BettingManagerTest" file="/Users/alex/dbwebb-kurser/mvc/me/report/tests/Game/BettingManagerTest.php" line="64" assertions="1" time="0.002140"/>
        <testcase name="testSetBettingTrue" class="App\Game\BettingManagerTest" classname="App.Game.BettingManagerTest" file="/Users/alex/dbwebb-kurser/mvc/me/report/tests/Game/BettingManagerTest.php" line="73" assertions="1" time="0.001176"/>
      </testsuite>
      <testsuite name="App\Game\EasyBankerTest" file="/Users/alex/dbwebb-kurser/mvc/me/report/tests/Game/EasyBankerTest.php" tests="3" assertions="3" errors="0" warnings="0" failures="0" skipped="0" time="0.006035">
        <testsuite name="App\Game\EasyBankerTest::testKeepHitting" tests="3" assertions="3" errors="0" warnings="0" failures="0" skipped="0" time="0.006035">
          <testcase name="testKeepHitting with data set &quot;add 5 and 7 (under 17)&quot;" class="App\Game\EasyBankerTest" classname="App.Game.EasyBankerTest" file="/Users/alex/dbwebb-kurser/mvc/me/report/tests/Game/EasyBankerTest.php" line="31" assertions="1" time="0.002144"/>
          <testcase name="testKeepHitting with data set &quot;add 10 and 7 (exactly 17)&quot;" class="App\Game\EasyBankerTest" classname="App.Game.EasyBankerTest" file="/Users/alex/dbwebb-kurser/mvc/me/report/tests/Game/EasyBankerTest.php" line="31" assertions="1" time="0.001773"/>
          <testcase name="testKeepHitting with data set &quot;add 10, 5 and 7 (over 17)&quot;" class="App\Game\EasyBankerTest" classname="App.Game.EasyBankerTest" file="/Users/alex/dbwebb-kurser/mvc/me/report/tests/Game/EasyBankerTest.php" line="31" assertions="1" time="0.002117"/>
        </testsuite>
      </testsuite>
      <testsuite name="App\Game\GameHasWonTest" file="/Users/alex/dbwebb-kurser/mvc/me/report/tests/Game/GameHasWonTest.php" tests="7" assertions="7" errors="0" warnings="0" failures="0" skipped="0" time="0.020384">
        <testsuite name="App\Game\GameHasWonTest::testHasWon" tests="7" assertions="7" errors="0" warnings="0" failures="0" skipped="0" time="0.020384">
          <testcase name="testHasWon with data set &quot;Player over 21 — Banker wins&quot;" class="App\Game\GameHasWonTest" classname="App.Game.GameHasWonTest" file="/Users/alex/dbwebb-kurser/mvc/me/report/tests/Game/GameHasWonTest.php" line="35" assertions="1" time="0.006643"/>
          <testcase name="testHasWon with data set &quot;Player scores 21 — Player wins&quot;" class="App\Game\GameHasWonTest" classname="App.Game.GameHasWonTest" file="/Users/alex/dbwebb-kurser/mvc/me/report/tests/Game/GameHasWonTest.php" line="35" assertions="1" time="0.003344"/>
          <testcase name="testHasWon with data set &quot;Player over banker — Player wins&quot;" class="App\Game\GameHasWonTest" classname="App.Game.GameHasWonTest" file="/Users/alex/dbwebb-kurser/mvc/me/report/tests/Game/GameHasWonTest.php" line="35" assertions="1" time="0.001988"/>
          <testcase name="testHasWon with data set &quot;Banker over 21 — Player wins&quot;" class="App\Game\GameHasWonTest" classname="App.Game.GameHasWonTest" file="/Users/alex/dbwebb-kurser/mvc/me/report/tests/Game/GameHasWonTest.php" line="35" assertions="1" time="0.001933"/>
          <testcase name="testHasWon with data set &quot;Banker over player — Banker wins&quot;" class="App\Game\GameHasWonTest" classname="App.Game.GameHasWonTest" file="/Users/alex/dbwebb-kurser/mvc/me/report/tests/Game/GameHasWonTest.php" line="35" assertions="1" time="0.002094"/>
          <testcase name="testHasWon with data set &quot;Same score — Banker wins&quot;" class="App\Game\GameHasWonTest" classname="App.Game.GameHasWonTest" file="/Users/alex/dbwebb-kurser/mvc/me/report/tests/Game/GameHasWonTest.php" line="35" assertions="1" time="0.002443"/>
          <testcase name="testHasWon with data set &quot;Only player score — No winner&quot;" class="App\Game\GameHasWonTest" classname="App.Game.GameHasWonTest" file="/Users/alex/dbwebb-kurser/mvc/me/report/tests/Game/GameHasWonTest.php" line="35" assertions="1" time="0.001938"/>
        </testsuite>
      </testsuite>
      <testsuite name="App\Game\GameManagerBankerTest" file="/Users/alex/dbwebb-kurser/mvc/me/report/tests/Game/GameManagerBankerTest.php" tests="1" assertions="3" errors="0" warnings="0" failures="0" skipped="0" time="0.002056">
        <testcase name="testDealBanker" class="App\Game\GameManagerBankerTest" classname="App.Game.GameManagerBankerTest" file="/Users/alex/dbwebb-kurser/mvc/me/report/tests/Game/GameManagerBankerTest.php" line="29" assertions="3" time="0.002056"/>
      </testsuite>
      <testsuite name="App\Game\GameManagerPlayerTest" file="/Users/alex/dbwebb-kurser/mvc/me/report/tests/Game/GameManagerPlayerTest.php" tests="8" assertions="15" errors="0" warnings="0" failures="0" skipped="0" time="0.020405">
        <testsuite name="App\Game\GameManagerPlayerTest::testDealPlayer" tests="3" assertions="9" errors="0" warnings="0" failures="0" skipped="0" time="0.007466">
          <testcase name="testDealPlayer with data set &quot;Deal 1 card (sum 13)&quot;" class="App\Game\GameManagerPlayerTest" classname="App.Game.GameManagerPlayerTest" file="/Users/alex/dbwebb-kurser/mvc/me/report/tests/Game/GameManagerPlayerTest.php" line="45" assertions="3" time="0.002557"/>
          <testcase name="testDealPlayer with data set &quot;Deal 2 cards (sum 25)&quot;" class="App\Game\GameManagerPlayerTest" classname="App.Game.GameManagerPlayerTest" file="/Users/alex/dbwebb-kurser/mvc/me/report/tests/Game/GameManagerPlayerTest.php" line="45" assertions="3" time="0.002250"/>
          <testcase name="testDealPlayer with data set &quot;Deal 3 cards (sum 36)&quot;" class="App\Game\GameManagerPlayerTest" classname="App.Game.GameManagerPlayerTest" file="/Users/alex/dbwebb-kurser/mvc/me/report/tests/Game/GameManagerPlayerTest.php" line="45" assertions="3" time="0.002658"/>
        </testsuite>
        <testsuite name="App\Game\GameManagerPlayerTest::testGetPlayerBurstRisk" tests="4" assertions="4" errors="0" warnings="0" failures="0" skipped="0" time="0.011181">
          <testcase name="testGetPlayerBurstRisk with data set &quot;No card will put the player over 21 — 0% risk&quot;" class="App\Game\GameManagerPlayerTest" classname="App.Game.GameManagerPlayerTest" file="/Users/alex/dbwebb-kurser/mvc/me/report/tests/Game/GameManagerPlayerTest.php" line="91" assertions="1" time="0.003788"/>
          <testcase name="testGetPlayerBurstRisk with data set &quot;1 of 4 cards will put player over 21 - 25% risk&quot;" class="App\Game\GameManagerPlayerTest" classname="App.Game.GameManagerPlayerTest" file="/Users/alex/dbwebb-kurser/mvc/me/report/tests/Game/GameManagerPlayerTest.php" line="91" assertions="1" time="0.002576"/>
          <testcase name="testGetPlayerBurstRisk with data set &quot;1 of 2 cards will put player over 21 - 50% risk&quot;" class="App\Game\GameManagerPlayerTest" classname="App.Game.GameManagerPlayerTest" file="/Users/alex/dbwebb-kurser/mvc/me/report/tests/Game/GameManagerPlayerTest.php" line="91" assertions="1" time="0.002199"/>
          <testcase name="testGetPlayerBurstRisk with data set &quot;All cards will put player over 21 - 100% risk&quot;" class="App\Game\GameManagerPlayerTest" classname="App.Game.GameManagerPlayerTest" file="/Users/alex/dbwebb-kurser/mvc/me/report/tests/Game/GameManagerPlayerTest.php" line="91" assertions="1" time="0.002617"/>
        </testsuite>
        <testcase name="testSetAssistanceMode" class="App\Game\GameManagerPlayerTest" classname="App.Game.GameManagerPlayerTest" file="/Users/alex/dbwebb-kurser/mvc/me/report/tests/Game/GameManagerPlayerTest.php" line="116" assertions="2" time="0.001758"/>
      </testsuite>
      <testsuite name="App\Game\HardBankerTest" file="/Users/alex/dbwebb-kurser/mvc/me/report/tests/Game/HardBankerTest.php" tests="3" assertions="3" errors="0" warnings="0" failures="0" skipped="0" time="0.015165">
        <testsuite name="App\Game\HardBankerTest::testKeepHitting" tests="3" assertions="3" errors="0" warnings="0" failures="0" skipped="0" time="0.015165">
          <testcase name="testKeepHitting with data set &quot;add 5 and 7 (less than player)&quot;" class="App\Game\HardBankerTest" classname="App.Game.HardBankerTest" file="/Users/alex/dbwebb-kurser/mvc/me/report/tests/Game/HardBankerTest.php" line="32" assertions="1" time="0.005628"/>
          <testcase name="testKeepHitting with data set &quot;add 10 and 8 (same as player)&quot;" class="App\Game\HardBankerTest" classname="App.Game.HardBankerTest" file="/Users/alex/dbwebb-kurser/mvc/me/report/tests/Game/HardBankerTest.php" line="32" assertions="1" time="0.003450"/>
          <testcase name="testKeepHitting with data set &quot;add 7, 3 and 6 (more than player)&quot;" class="App\Game\HardBankerTest" classname="App.Game.HardBankerTest" file="/Users/alex/dbwebb-kurser/mvc/me/report/tests/Game/HardBankerTest.php" line="32" assertions="1" time="0.006087"/>
        </testsuite>
      </testsuite>
      <testsuite name="App\Game\MediumBankerTest" file="/Users/alex/dbwebb-kurser/mvc/me/report/tests/Game/MediumBankerTest.php" tests="8" assertions="8" errors="0" warnings="0" failures="0" skipped="0" time="0.040050">
        <testsuite name="App\Game\MediumBankerTest::testKeepHitting" tests="6" assertions="6" errors="0" warnings="0" failures="0" skipped="0" time="0.029726">
          <testcase name="testKeepHitting with data set &quot;add 3 and 4 (no risk of bursting)&quot;" class="App\Game\MediumBankerTest" classname="App.Game.MediumBankerTest" file="/Users/alex/dbwebb-kurser/mvc/me/report/tests/Game/MediumBankerTest.php" line="34" assertions="1" time="0.002583"/>
          <testcase name="testKeepHitting with data set &quot;add 4, 4 and 3 (low (≈ 24%) risk of bursting)&quot;" class="App\Game\MediumBankerTest" classname="App.Game.MediumBankerTest" file="/Users/alex/dbwebb-kurser/mvc/me/report/tests/Game/MediumBankerTest.php" line="34" assertions="1" time="0.003991"/>
          <testcase name="testKeepHitting with data set &quot;add 5, 5, and 4 (≈ 49% risk of bursting)&quot;" class="App\Game\MediumBankerTest" classname="App.Game.MediumBankerTest" file="/Users/alex/dbwebb-kurser/mvc/me/report/tests/Game/MediumBankerTest.php" line="34" assertions="1" time="0.008564"/>
          <testcase name="testKeepHitting with data set &quot;add 2, 3, 4 and 5 (50% risk of bursting)&quot;" class="App\Game\MediumBankerTest" classname="App.Game.MediumBankerTest" file="/Users/alex/dbwebb-kurser/mvc/me/report/tests/Game/MediumBankerTest.php" line="34" assertions="1" time="0.007061"/>
          <testcase name="testKeepHitting with data set &quot;add 3, 3, 3, 4 and 1 (≈ 51% risk of bursting)&quot;" class="App\Game\MediumBankerTest" classname="App.Game.MediumBankerTest" file="/Users/alex/dbwebb-kurser/mvc/me/report/tests/Game/MediumBankerTest.php" line="34" assertions="1" time="0.004785"/>
          <testcase name="testKeepHitting with data set &quot;add 10 and 9 (high (84 %) risk of bursting)&quot;" class="App\Game\MediumBankerTest" classname="App.Game.MediumBankerTest" file="/Users/alex/dbwebb-kurser/mvc/me/report/tests/Game/MediumBankerTest.php" line="34" assertions="1" time="0.002742"/>
        </testsuite>
        <testsuite name="App\Game\MediumBankerTest::testKeepHittingCardsRemoved" tests="2" assertions="2" errors="0" warnings="0" failures="0" skipped="0" time="0.010324">
          <testcase name="testKeepHittingCardsRemoved with data set &quot;remove 10 and 5, add 6 and 8 (≈ 46% risk of bursting)&quot;" class="App\Game\MediumBankerTest" classname="App.Game.MediumBankerTest" file="/Users/alex/dbwebb-kurser/mvc/me/report/tests/Game/MediumBankerTest.php" line="69" assertions="1" time="0.004679"/>
          <testcase name="testKeepHittingCardsRemoved with data set &quot;remove 7, 8 and 9, add 4, 5 and 6 (≈ 54% risk of bursting)&quot;" class="App\Game\MediumBankerTest" classname="App.Game.MediumBankerTest" file="/Users/alex/dbwebb-kurser/mvc/me/report/tests/Game/MediumBankerTest.php" line="69" assertions="1" time="0.005646"/>
        </testsuite>
      </testsuite>
      <testsuite name="App\Game\PlaceBetTest" file="/Users/alex/dbwebb-kurser/mvc/me/report/tests/Game/PlaceBetTest.php" tests="6" assertions="12" errors="0" warnings="0" failures="0" skipped="0" time="0.019632">
        <testsuite name="App\Game\PlaceBetTest::testPlaceBet" tests="3" assertions="9" errors="0" warnings="0" failures="0" skipped="0" time="0.006246">
          <testcase name="testPlaceBet with data set &quot;bet ok&quot;" class="App\Game\PlaceBetTest" classname="App.Game.PlaceBetTest" file="/Users/alex/dbwebb-kurser/mvc/me/report/tests/Game/PlaceBetTest.php" line="33" assertions="3" time="0.001582"/>
          <testcase name="testPlaceBet with data set &quot;bet not ok — not enough coins&quot;" class="App\Game\PlaceBetTest" classname="App.Game.PlaceBetTest" file="/Users/alex/dbwebb-kurser/mvc/me/report/tests/Game/PlaceBetTest.php" line="33" assertions="3" time="0.001594"/>
          <testcase name="testPlaceBet with data set &quot;bet not ok — incorrect step&quot;" class="App\Game\PlaceBetTest" classname="App.Game.PlaceBetTest" file="/Users/alex/dbwebb-kurser/mvc/me/report/tests/Game/PlaceBetTest.php" line="33" assertions="3" time="0.003070"/>
        </testsuite>
        <testsuite name="App\Game\PlaceBetTest::testPlaceBetGetStake" tests="2" assertions="2" errors="0" warnings="0" failures="0" skipped="0" time="0.006201">
          <testcase name="testPlaceBetGetStake with data set &quot;bet ok - update stake &quot;" class="App\Game\PlaceBetTest" classname="App.Game.PlaceBetTest" file="/Users/alex/dbwebb-kurser/mvc/me/report/tests/Game/PlaceBetTest.php" line="64" assertions="1" time="0.003210"/>
          <testcase name="testPlaceBetGetStake with data set &quot;bet not ok — do not update stake&quot;" class="App\Game\PlaceBetTest" classname="App.Game.PlaceBetTest" file="/Users/alex/dbwebb-kurser/mvc/me/report/tests/Game/PlaceBetTest.php" line="64" assertions="1" time="0.002990"/>
        </testsuite>
        <testcase name="testBankerCannotMatchBet" class="App\Game\PlaceBetTest" classname="App.Game.PlaceBetTest" file="/Users/alex/dbwebb-kurser/mvc/me/report/tests/Game/PlaceBetTest.php" line="75" assertions="1" time="0.007186"/>
      </testsuite>
      <testsuite name="App\Game\ReceiverTest" file="/Users/alex/dbwebb-kurser/mvc/me/report/tests/Game/ReceiverTest.php" tests="5" assertions="8" errors="0" warnings="0" failures="0" skipped="0" time="0.161590">
        <testsuite name="App\Game\ReceiverTest::testReceiveCardsScoreOk" tests="3" assertions="3" errors="0" warnings="0" failures="0" skipped="0" time="0.115757">
          <testcase name="testReceiveCardsScoreOk with data set &quot;add 5, 2 and 3&quot;" class="App\Game\ReceiverTest" classname="App.Game.ReceiverTest" file="/Users/alex/dbwebb-kurser/mvc/me/report/tests/Game/ReceiverTest.php" line="31" assertions="1" time="0.002403"/>
          <testcase name="testReceiveCardsScoreOk with data set &quot;add 8 and Ace (worth 1)&quot;" class="App\Game\ReceiverTest" classname="App.Game.ReceiverTest" file="/Users/alex/dbwebb-kurser/mvc/me/report/tests/Game/ReceiverTest.php" line="31" assertions="1" time="0.009276"/>
          <testcase name="testReceiveCardsScoreOk with data set &quot;add 7 and Ace (worth 14)&quot;" class="App\Game\ReceiverTest" classname="App.Game.ReceiverTest" file="/Users/alex/dbwebb-kurser/mvc/me/report/tests/Game/ReceiverTest.php" line="31" assertions="1" time="0.104078"/>
        </testsuite>
        <testcase name="testGetCards" class="App\Game\ReceiverTest" classname="App.Game.ReceiverTest" file="/Users/alex/dbwebb-kurser/mvc/me/report/tests/Game/ReceiverTest.php" line="51" assertions="1" time="0.002283"/>
        <testcase name="testReset" class="App\Game\ReceiverTest" classname="App.Game.ReceiverTest" file="/Users/alex/dbwebb-kurser/mvc/me/report/tests/Game/ReceiverTest.php" line="64" assertions="4" time="0.043549"/>
      </testsuite>
      <testsuite name="App\Game\WinsStakeTest" file="/Users/alex/dbwebb-kurser/mvc/me/report/tests/Game/WinsStakeTest.php" tests="4" assertions="16" errors="0" warnings="0" failures="0" skipped="0" time="0.005771">
        <testsuite name="App\Game\WinsStakeTest::testPlayerWinsStake" tests="2" assertions="8" errors="0" warnings="0" failures="0" skipped="0" time="0.003190">
          <testcase name="testPlayerWinsStake with data set &quot;win — game not over&quot;" class="App\Game\WinsStakeTest" classname="App.Game.WinsStakeTest" file="/Users/alex/dbwebb-kurser/mvc/me/report/tests/Game/WinsStakeTest.php" line="31" assertions="4" time="0.001534"/>
          <testcase name="testPlayerWinsStake with data set &quot;win — game over&quot;" class="App\Game\WinsStakeTest" classname="App.Game.WinsStakeTest" file="/Users/alex/dbwebb-kurser/mvc/me/report/tests/Game/WinsStakeTest.php" line="31" assertions="4" time="0.001656"/>
        </testsuite>
        <testsuite name="App\Game\WinsStakeTest::testBankerWinsStake" tests="2" assertions="8" errors="0" warnings="0" failures="0" skipped="0" time="0.002581">
          <testcase name="testBankerWinsStake with data set &quot;win — game not over&quot;" class="App\Game\WinsStakeTest" classname="App.Game.WinsStakeTest" file="/Users/alex/dbwebb-kurser/mvc/me/report/tests/Game/WinsStakeTest.php" line="51" assertions="4" time="0.001530"/>
          <testcase name="testBankerWinsStake with data set &quot;win — game over&quot;" class="App\Game\WinsStakeTest" classname="App.Game.WinsStakeTest" file="/Users/alex/dbwebb-kurser/mvc/me/report/tests/Game/WinsStakeTest.php" line="51" assertions="4" time="0.001051"/>
        </testsuite>
      </testsuite>
    </testsuite>
  </testsuite>
</testsuites>
