<?xml version="1.0" encoding="UTF-8"?>
<testsuites>
  <testsuite name="" tests="170" assertions="404" errors="0" warnings="0" failures="0" skipped="5" time="0.926755">
    <testsuite name="Project Test Suite" tests="170" assertions="404" errors="0" warnings="0" failures="0" skipped="5" time="0.926755">
      <testsuite name="AvailableActionsProviderTest" file="/Users/alex/dbwebb-kurser/mvc/me/report/tests/Adventure/AvailableActionsProviderTest.php" tests="2" assertions="51" errors="0" warnings="0" failures="0" skipped="0" time="0.005948">
        <testcase name="testGetAvailableActions" class="AvailableActionsProviderTest" classname="AvailableActionsProviderTest" file="/Users/alex/dbwebb-kurser/mvc/me/report/tests/Adventure/AvailableActionsProviderTest.php" line="16" assertions="43" time="0.005328"/>
        <testcase name="testIsValidAction" class="AvailableActionsProviderTest" classname="AvailableActionsProviderTest" file="/Users/alex/dbwebb-kurser/mvc/me/report/tests/Adventure/AvailableActionsProviderTest.php" line="36" assertions="8" time="0.000620"/>
      </testsuite>
      <testsuite name="ConnectorTest" file="/Users/alex/dbwebb-kurser/mvc/me/report/tests/Adventure/ConnectorTest.php" tests="3" assertions="16" errors="0" warnings="0" failures="0" skipped="0" time="0.017868">
        <testcase name="testConnectLocations" class="ConnectorTest" classname="ConnectorTest" file="/Users/alex/dbwebb-kurser/mvc/me/report/tests/Adventure/ConnectorTest.php" line="15" assertions="7" time="0.014304"/>
        <testcase name="testConnectLocationsThrowsException" class="ConnectorTest" classname="ConnectorTest" file="/Users/alex/dbwebb-kurser/mvc/me/report/tests/Adventure/ConnectorTest.php" line="66" assertions="3" time="0.002907"/>
        <testcase name="testSwapLocations" class="ConnectorTest" classname="ConnectorTest" file="/Users/alex/dbwebb-kurser/mvc/me/report/tests/Adventure/ConnectorTest.php" line="85" assertions="6" time="0.000658"/>
      </testsuite>
      <testsuite name="FormatterTest" file="/Users/alex/dbwebb-kurser/mvc/me/report/tests/Adventure/FormatterTest.php" tests="4" assertions="4" errors="0" warnings="0" failures="0" skipped="0" time="0.001167">
        <testcase name="testFormatRowsAsString" class="FormatterTest" classname="FormatterTest" file="/Users/alex/dbwebb-kurser/mvc/me/report/tests/Adventure/FormatterTest.php" line="14" assertions="1" time="0.000803"/>
        <testcase name="testFormatSingleRow" class="FormatterTest" classname="FormatterTest" file="/Users/alex/dbwebb-kurser/mvc/me/report/tests/Adventure/FormatterTest.php" line="38" assertions="1" time="0.000123"/>
        <testcase name="testFormatKeyValueColumns" class="FormatterTest" classname="FormatterTest" file="/Users/alex/dbwebb-kurser/mvc/me/report/tests/Adventure/FormatterTest.php" line="51" assertions="1" time="0.000124"/>
        <testcase name="testFormatKeyValueColumnsGapSize" class="FormatterTest" classname="FormatterTest" file="/Users/alex/dbwebb-kurser/mvc/me/report/tests/Adventure/FormatterTest.php" line="71" assertions="1" time="0.000117"/>
      </testsuite>
      <testsuite name="GameSetupManagerTest" file="/Users/alex/dbwebb-kurser/mvc/me/report/tests/Adventure/GameSetupManagerTest.php" tests="1" assertions="24" errors="0" warnings="0" failures="0" skipped="0" time="0.007740">
        <testcase name="testSetupGameFromDatabase" class="GameSetupManagerTest" classname="GameSetupManagerTest" file="/Users/alex/dbwebb-kurser/mvc/me/report/tests/Adventure/GameSetupManagerTest.php" line="28" assertions="24" time="0.007740"/>
      </testsuite>
      <testsuite name="App\Tests\Adventure\GameTest" file="/Users/alex/dbwebb-kurser/mvc/me/report/tests/Adventure/GameTest.php" tests="26" assertions="43" errors="0" warnings="0" failures="0" skipped="0" time="0.010584">
        <testcase name="testSetAndGetCurrentLocation" class="App\Tests\Adventure\GameTest" classname="App.Tests.Adventure.GameTest" file="/Users/alex/dbwebb-kurser/mvc/me/report/tests/Adventure/GameTest.php" line="30" assertions="1" time="0.000243"/>
        <testcase name="testSetAndGetInventory" class="App\Tests\Adventure\GameTest" classname="App.Tests.Adventure.GameTest" file="/Users/alex/dbwebb-kurser/mvc/me/report/tests/Adventure/GameTest.php" line="40" assertions="1" time="0.001746"/>
        <testcase name="testProcessActionWithInvalidAction" class="App\Tests\Adventure\GameTest" classname="App.Tests.Adventure.GameTest" file="/Users/alex/dbwebb-kurser/mvc/me/report/tests/Adventure/GameTest.php" line="50" assertions="1" time="0.000161"/>
        <testcase name="testProcessActionWhere" class="App\Tests\Adventure\GameTest" classname="App.Tests.Adventure.GameTest" file="/Users/alex/dbwebb-kurser/mvc/me/report/tests/Adventure/GameTest.php" line="62" assertions="1" time="0.001437"/>
        <testcase name="testProcessActionInventoryEmpty" class="App\Tests\Adventure\GameTest" classname="App.Tests.Adventure.GameTest" file="/Users/alex/dbwebb-kurser/mvc/me/report/tests/Adventure/GameTest.php" line="79" assertions="1" time="0.000324"/>
        <testcase name="testProcessActionInventoryWithItems" class="App\Tests\Adventure\GameTest" classname="App.Tests.Adventure.GameTest" file="/Users/alex/dbwebb-kurser/mvc/me/report/tests/Adventure/GameTest.php" line="96" assertions="1" time="0.000246"/>
        <testcase name="testProcessActionHelp" class="App\Tests\Adventure\GameTest" classname="App.Tests.Adventure.GameTest" file="/Users/alex/dbwebb-kurser/mvc/me/report/tests/Adventure/GameTest.php" line="113" assertions="7" time="0.000187"/>
        <testsuite name="App\Tests\Adventure\GameTest::testProcessActionHelpWithTarget" tests="8" assertions="8" errors="0" warnings="0" failures="0" skipped="0" time="0.000893">
          <testcase name="testProcessActionHelpWithTarget with data set #0" class="App\Tests\Adventure\GameTest" classname="App.Tests.Adventure.GameTest" file="/Users/alex/dbwebb-kurser/mvc/me/report/tests/Adventure/GameTest.php" line="131" assertions="1" time="0.000130"/>
          <testcase name="testProcessActionHelpWithTarget with data set #1" class="App\Tests\Adventure\GameTest" classname="App.Tests.Adventure.GameTest" file="/Users/alex/dbwebb-kurser/mvc/me/report/tests/Adventure/GameTest.php" line="131" assertions="1" time="0.000101"/>
          <testcase name="testProcessActionHelpWithTarget with data set #2" class="App\Tests\Adventure\GameTest" classname="App.Tests.Adventure.GameTest" file="/Users/alex/dbwebb-kurser/mvc/me/report/tests/Adventure/GameTest.php" line="131" assertions="1" time="0.000113"/>
          <testcase name="testProcessActionHelpWithTarget with data set #3" class="App\Tests\Adventure\GameTest" classname="App.Tests.Adventure.GameTest" file="/Users/alex/dbwebb-kurser/mvc/me/report/tests/Adventure/GameTest.php" line="131" assertions="1" time="0.000103"/>
          <testcase name="testProcessActionHelpWithTarget with data set #4" class="App\Tests\Adventure\GameTest" classname="App.Tests.Adventure.GameTest" file="/Users/alex/dbwebb-kurser/mvc/me/report/tests/Adventure/GameTest.php" line="131" assertions="1" time="0.000101"/>
          <testcase name="testProcessActionHelpWithTarget with data set #5" class="App\Tests\Adventure\GameTest" classname="App.Tests.Adventure.GameTest" file="/Users/alex/dbwebb-kurser/mvc/me/report/tests/Adventure/GameTest.php" line="131" assertions="1" time="0.000106"/>
          <testcase name="testProcessActionHelpWithTarget with data set #6" class="App\Tests\Adventure\GameTest" classname="App.Tests.Adventure.GameTest" file="/Users/alex/dbwebb-kurser/mvc/me/report/tests/Adventure/GameTest.php" line="131" assertions="1" time="0.000108"/>
          <testcase name="testProcessActionHelpWithTarget with data set #7" class="App\Tests\Adventure\GameTest" classname="App.Tests.Adventure.GameTest" file="/Users/alex/dbwebb-kurser/mvc/me/report/tests/Adventure/GameTest.php" line="131" assertions="1" time="0.000130"/>
        </testsuite>
        <testcase name="testProcessActionGoValidDirection" class="App\Tests\Adventure\GameTest" classname="App.Tests.Adventure.GameTest" file="/Users/alex/dbwebb-kurser/mvc/me/report/tests/Adventure/GameTest.php" line="160" assertions="2" time="0.001038"/>
        <testcase name="testProcessActionGoInvalidDirection" class="App\Tests\Adventure\GameTest" classname="App.Tests.Adventure.GameTest" file="/Users/alex/dbwebb-kurser/mvc/me/report/tests/Adventure/GameTest.php" line="188" assertions="2" time="0.000627"/>
        <testsuite name="App\Tests\Adventure\GameTest::testProcessItemActionEmptyTarget" tests="3" assertions="3" errors="0" warnings="0" failures="0" skipped="0" time="0.000639">
          <testcase name="testProcessItemActionEmptyTarget with data set #0" class="App\Tests\Adventure\GameTest" classname="App.Tests.Adventure.GameTest" file="/Users/alex/dbwebb-kurser/mvc/me/report/tests/Adventure/GameTest.php" line="218" assertions="1" time="0.000216"/>
          <testcase name="testProcessItemActionEmptyTarget with data set #1" class="App\Tests\Adventure\GameTest" classname="App.Tests.Adventure.GameTest" file="/Users/alex/dbwebb-kurser/mvc/me/report/tests/Adventure/GameTest.php" line="218" assertions="1" time="0.000315"/>
          <testcase name="testProcessItemActionEmptyTarget with data set #2" class="App\Tests\Adventure\GameTest" classname="App.Tests.Adventure.GameTest" file="/Users/alex/dbwebb-kurser/mvc/me/report/tests/Adventure/GameTest.php" line="218" assertions="1" time="0.000108"/>
        </testsuite>
        <testsuite name="App\Tests\Adventure\GameTest::testProcessItemActionItemNotFound" tests="3" assertions="9" errors="0" warnings="0" failures="0" skipped="0" time="0.001083">
          <testcase name="testProcessItemActionItemNotFound with data set #0" class="App\Tests\Adventure\GameTest" classname="App.Tests.Adventure.GameTest" file="/Users/alex/dbwebb-kurser/mvc/me/report/tests/Adventure/GameTest.php" line="229" assertions="3" time="0.000395"/>
          <testcase name="testProcessItemActionItemNotFound with data set #1" class="App\Tests\Adventure\GameTest" classname="App.Tests.Adventure.GameTest" file="/Users/alex/dbwebb-kurser/mvc/me/report/tests/Adventure/GameTest.php" line="229" assertions="3" time="0.000325"/>
          <testcase name="testProcessItemActionItemNotFound with data set #2" class="App\Tests\Adventure\GameTest" classname="App.Tests.Adventure.GameTest" file="/Users/alex/dbwebb-kurser/mvc/me/report/tests/Adventure/GameTest.php" line="229" assertions="3" time="0.000362"/>
        </testsuite>
        <testsuite name="App\Tests\Adventure\GameTest::testProcessItemActionNoActionObject" tests="3" assertions="6" errors="0" warnings="0" failures="0" skipped="0" time="0.001959">
          <testcase name="testProcessItemActionNoActionObject with data set #0" class="App\Tests\Adventure\GameTest" classname="App.Tests.Adventure.GameTest" file="/Users/alex/dbwebb-kurser/mvc/me/report/tests/Adventure/GameTest.php" line="257" assertions="2" time="0.001058"/>
          <testcase name="testProcessItemActionNoActionObject with data set #1" class="App\Tests\Adventure\GameTest" classname="App.Tests.Adventure.GameTest" file="/Users/alex/dbwebb-kurser/mvc/me/report/tests/Adventure/GameTest.php" line="257" assertions="2" time="0.000451"/>
          <testcase name="testProcessItemActionNoActionObject with data set #2" class="App\Tests\Adventure\GameTest" classname="App.Tests.Adventure.GameTest" file="/Users/alex/dbwebb-kurser/mvc/me/report/tests/Adventure/GameTest.php" line="257" assertions="2" time="0.000450"/>
        </testsuite>
      </testsuite>
      <testsuite name="App\Tests\Adventure\HandleExamineTest" file="/Users/alex/dbwebb-kurser/mvc/me/report/tests/Adventure/HandleExamineTest.php" tests="3" assertions="9" errors="0" warnings="0" failures="0" skipped="0" time="0.002835">
        <testcase name="testProcessActionExamineItemOnlyInLocation" class="App\Tests\Adventure\HandleExamineTest" classname="App.Tests.Adventure.HandleExamineTest" file="/Users/alex/dbwebb-kurser/mvc/me/report/tests/Adventure/HandleExamineTest.php" line="30" assertions="3" time="0.001286"/>
        <testcase name="testProcessActionExamineItemOnlyInInventory" class="App\Tests\Adventure\HandleExamineTest" classname="App.Tests.Adventure.HandleExamineTest" file="/Users/alex/dbwebb-kurser/mvc/me/report/tests/Adventure/HandleExamineTest.php" line="71" assertions="3" time="0.000760"/>
        <testcase name="testProcessActionExamineItemDefaultResponse" class="App\Tests\Adventure\HandleExamineTest" classname="App.Tests.Adventure.HandleExamineTest" file="/Users/alex/dbwebb-kurser/mvc/me/report/tests/Adventure/HandleExamineTest.php" line="113" assertions="3" time="0.000788"/>
      </testsuite>
      <testsuite name="App\Tests\Adventure\HandleTakeTest" file="/Users/alex/dbwebb-kurser/mvc/me/report/tests/Adventure/HandleTakeTest.php" tests="2" assertions="6" errors="0" warnings="0" failures="0" skipped="0" time="0.002633">
        <testcase name="testProcessActionTakeItem" class="App\Tests\Adventure\HandleTakeTest" classname="App.Tests.Adventure.HandleTakeTest" file="/Users/alex/dbwebb-kurser/mvc/me/report/tests/Adventure/HandleTakeTest.php" line="30" assertions="3" time="0.001763"/>
        <testcase name="testProcessActionTakeItemAlreadyInInventory" class="App\Tests\Adventure\HandleTakeTest" classname="App.Tests.Adventure.HandleTakeTest" file="/Users/alex/dbwebb-kurser/mvc/me/report/tests/Adventure/HandleTakeTest.php" line="80" assertions="3" time="0.000870"/>
      </testsuite>
      <testsuite name="App\Tests\Adventure\HandleUseTest" file="/Users/alex/dbwebb-kurser/mvc/me/report/tests/Adventure/HandleUseTest.php" tests="2" assertions="8" errors="0" warnings="0" failures="0" skipped="0" time="0.002962">
        <testcase name="testProcessActionUseItemOnlyInInventory" class="App\Tests\Adventure\HandleUseTest" classname="App.Tests.Adventure.HandleUseTest" file="/Users/alex/dbwebb-kurser/mvc/me/report/tests/Adventure/HandleUseTest.php" line="31" assertions="5" time="0.002143"/>
        <testcase name="testProcessActionUseItemNotInInventory" class="App\Tests\Adventure\HandleUseTest" classname="App.Tests.Adventure.HandleUseTest" file="/Users/alex/dbwebb-kurser/mvc/me/report/tests/Adventure/HandleUseTest.php" line="92" assertions="3" time="0.000819"/>
      </testsuite>
      <testsuite name="InputActionTest" file="/Users/alex/dbwebb-kurser/mvc/me/report/tests/Adventure/InputActionTest.php" tests="4" assertions="6" errors="0" warnings="0" failures="0" skipped="0" time="0.000725">
        <testcase name="testGetName" class="InputActionTest" classname="InputActionTest" file="/Users/alex/dbwebb-kurser/mvc/me/report/tests/Adventure/InputActionTest.php" line="38" assertions="1" time="0.000103"/>
        <testcase name="testGetTextResponse" class="InputActionTest" classname="InputActionTest" file="/Users/alex/dbwebb-kurser/mvc/me/report/tests/Adventure/InputActionTest.php" line="47" assertions="1" time="0.000112"/>
        <testcase name="testSetAndGetLocationResponse" class="InputActionTest" classname="InputActionTest" file="/Users/alex/dbwebb-kurser/mvc/me/report/tests/Adventure/InputActionTest.php" line="56" assertions="2" time="0.000358"/>
        <testcase name="testSetAndGetRequiredLocation" class="InputActionTest" classname="InputActionTest" file="/Users/alex/dbwebb-kurser/mvc/me/report/tests/Adventure/InputActionTest.php" line="70" assertions="2" time="0.000153"/>
      </testsuite>
      <testsuite name="InventoryTest" file="/Users/alex/dbwebb-kurser/mvc/me/report/tests/Adventure/InventoryTest.php" tests="6" assertions="14" errors="0" warnings="0" failures="0" skipped="0" time="0.001492">
        <testcase name="testGetInventory" class="InventoryTest" classname="InventoryTest" file="/Users/alex/dbwebb-kurser/mvc/me/report/tests/Adventure/InventoryTest.php" line="15" assertions="2" time="0.000299"/>
        <testcase name="testLookInInventory" class="InventoryTest" classname="InventoryTest" file="/Users/alex/dbwebb-kurser/mvc/me/report/tests/Adventure/InventoryTest.php" line="35" assertions="2" time="0.000315"/>
        <testcase name="testGetItem" class="InventoryTest" classname="InventoryTest" file="/Users/alex/dbwebb-kurser/mvc/me/report/tests/Adventure/InventoryTest.php" line="55" assertions="2" time="0.000221"/>
        <testcase name="testHasItem" class="InventoryTest" classname="InventoryTest" file="/Users/alex/dbwebb-kurser/mvc/me/report/tests/Adventure/InventoryTest.php" line="69" assertions="2" time="0.000216"/>
        <testcase name="testAddItem" class="InventoryTest" classname="InventoryTest" file="/Users/alex/dbwebb-kurser/mvc/me/report/tests/Adventure/InventoryTest.php" line="83" assertions="3" time="0.000219"/>
        <testcase name="testRemoveItem" class="InventoryTest" classname="InventoryTest" file="/Users/alex/dbwebb-kurser/mvc/me/report/tests/Adventure/InventoryTest.php" line="100" assertions="3" time="0.000222"/>
      </testsuite>
      <testsuite name="ItemTest" file="/Users/alex/dbwebb-kurser/mvc/me/report/tests/Adventure/ItemTest.php" tests="5" assertions="8" errors="0" warnings="0" failures="0" skipped="0" time="0.001724">
        <testcase name="testGetName" class="ItemTest" classname="ItemTest" file="/Users/alex/dbwebb-kurser/mvc/me/report/tests/Adventure/ItemTest.php" line="30" assertions="1" time="0.000095"/>
        <testcase name="testGetDescription" class="ItemTest" classname="ItemTest" file="/Users/alex/dbwebb-kurser/mvc/me/report/tests/Adventure/ItemTest.php" line="38" assertions="1" time="0.000340"/>
        <testcase name="testAddAction" class="ItemTest" classname="ItemTest" file="/Users/alex/dbwebb-kurser/mvc/me/report/tests/Adventure/ItemTest.php" line="46" assertions="2" time="0.000823"/>
        <testcase name="testHasAction" class="ItemTest" classname="ItemTest" file="/Users/alex/dbwebb-kurser/mvc/me/report/tests/Adventure/ItemTest.php" line="61" assertions="2" time="0.000243"/>
        <testcase name="testGetAction" class="ItemTest" classname="ItemTest" file="/Users/alex/dbwebb-kurser/mvc/me/report/tests/Adventure/ItemTest.php" line="76" assertions="2" time="0.000222"/>
      </testsuite>
      <testsuite name="LocationResponseTest" file="/Users/alex/dbwebb-kurser/mvc/me/report/tests/Adventure/LocationResponseTest.php" tests="2" assertions="2" errors="0" warnings="0" failures="0" skipped="0" time="0.000331">
        <testcase name="testSwapLocationResponse" class="LocationResponseTest" classname="LocationResponseTest" file="/Users/alex/dbwebb-kurser/mvc/me/report/tests/Adventure/LocationResponseTest.php" line="16" assertions="1" time="0.000182"/>
        <testcase name="testMoveLocationResponse" class="LocationResponseTest" classname="LocationResponseTest" file="/Users/alex/dbwebb-kurser/mvc/me/report/tests/Adventure/LocationResponseTest.php" line="37" assertions="1" time="0.000150"/>
      </testsuite>
      <testsuite name="LocationTest" file="/Users/alex/dbwebb-kurser/mvc/me/report/tests/Adventure/LocationTest.php" tests="9" assertions="17" errors="0" warnings="0" failures="0" skipped="0" time="0.002288">
        <testcase name="testGetName" class="LocationTest" classname="LocationTest" file="/Users/alex/dbwebb-kurser/mvc/me/report/tests/Adventure/LocationTest.php" line="31" assertions="1" time="0.000114"/>
        <testcase name="testGetDescription" class="LocationTest" classname="LocationTest" file="/Users/alex/dbwebb-kurser/mvc/me/report/tests/Adventure/LocationTest.php" line="39" assertions="1" time="0.000129"/>
        <testcase name="testGetLocationDetails" class="LocationTest" classname="LocationTest" file="/Users/alex/dbwebb-kurser/mvc/me/report/tests/Adventure/LocationTest.php" line="47" assertions="1" time="0.000201"/>
        <testcase name="testConnectTo" class="LocationTest" classname="LocationTest" file="/Users/alex/dbwebb-kurser/mvc/me/report/tests/Adventure/LocationTest.php" line="55" assertions="3" time="0.000136"/>
        <testcase name="testConnectToThrowsException" class="LocationTest" classname="LocationTest" file="/Users/alex/dbwebb-kurser/mvc/me/report/tests/Adventure/LocationTest.php" line="70" assertions="2" time="0.000470"/>
        <testcase name="testDisconnectFrom" class="LocationTest" classname="LocationTest" file="/Users/alex/dbwebb-kurser/mvc/me/report/tests/Adventure/LocationTest.php" line="87" assertions="2" time="0.000131"/>
        <testcase name="testAddItemAndGetItems" class="LocationTest" classname="LocationTest" file="/Users/alex/dbwebb-kurser/mvc/me/report/tests/Adventure/LocationTest.php" line="102" assertions="2" time="0.000409"/>
        <testcase name="testAddItemAndGetItem" class="LocationTest" classname="LocationTest" file="/Users/alex/dbwebb-kurser/mvc/me/report/tests/Adventure/LocationTest.php" line="122" assertions="3" time="0.000454"/>
        <testcase name="testHasItem" class="LocationTest" classname="LocationTest" file="/Users/alex/dbwebb-kurser/mvc/me/report/tests/Adventure/LocationTest.php" line="143" assertions="2" time="0.000244"/>
      </testsuite>
      <testsuite name="LogTest" file="/Users/alex/dbwebb-kurser/mvc/me/report/tests/Adventure/LogTest.php" tests="3" assertions="4" errors="0" warnings="0" failures="0" skipped="0" time="0.000658">
        <testcase name="testAddEntryAndGetEntries" class="LogTest" classname="LogTest" file="/Users/alex/dbwebb-kurser/mvc/me/report/tests/Adventure/LogTest.php" line="14" assertions="2" time="0.000428"/>
        <testcase name="testAddBulkEntry" class="LogTest" classname="LogTest" file="/Users/alex/dbwebb-kurser/mvc/me/report/tests/Adventure/LogTest.php" line="34" assertions="1" time="0.000101"/>
        <testcase name="testDump" class="LogTest" classname="LogTest" file="/Users/alex/dbwebb-kurser/mvc/me/report/tests/Adventure/LogTest.php" line="49" assertions="1" time="0.000129"/>
      </testsuite>
      <testsuite name="App\Card\CardTest" file="/Users/alex/dbwebb-kurser/mvc/me/report/tests/Card/CardTest.php" tests="5" assertions="5" errors="0" warnings="0" failures="0" skipped="0" time="0.001121">
        <testcase name="testCreateCard" class="App\Card\CardTest" classname="App.Card.CardTest" file="/Users/alex/dbwebb-kurser/mvc/me/report/tests/Card/CardTest.php" line="16" assertions="1" time="0.000657"/>
        <testcase name="testGetRank" class="App\Card\CardTest" classname="App.Card.CardTest" file="/Users/alex/dbwebb-kurser/mvc/me/report/tests/Card/CardTest.php" line="28" assertions="1" time="0.000128"/>
        <testcase name="testGetSuit" class="App\Card\CardTest" classname="App.Card.CardTest" file="/Users/alex/dbwebb-kurser/mvc/me/report/tests/Card/CardTest.php" line="39" assertions="1" time="0.000115"/>
        <testcase name="testCardToString" class="App\Card\CardTest" classname="App.Card.CardTest" file="/Users/alex/dbwebb-kurser/mvc/me/report/tests/Card/CardTest.php" line="50" assertions="1" time="0.000112"/>
        <testcase name="testCardGraphicToString" class="App\Card\CardTest" classname="App.Card.CardTest" file="/Users/alex/dbwebb-kurser/mvc/me/report/tests/Card/CardTest.php" line="61" assertions="1" time="0.000110"/>
      </testsuite>
      <testsuite name="App\Card\DeckOfCardsTest" file="/Users/alex/dbwebb-kurser/mvc/me/report/tests/Card/DeckOfCardsTest.php" tests="11" assertions="14" errors="0" warnings="0" failures="0" skipped="0" time="0.004665">
        <testcase name="testCreateDeckNoArgument" class="App\Card\DeckOfCardsTest" classname="App.Card.DeckOfCardsTest" file="/Users/alex/dbwebb-kurser/mvc/me/report/tests/Card/DeckOfCardsTest.php" line="15" assertions="2" time="0.001193"/>
        <testcase name="testCreateDeckWithArgument" class="App\Card\DeckOfCardsTest" classname="App.Card.DeckOfCardsTest" file="/Users/alex/dbwebb-kurser/mvc/me/report/tests/Card/DeckOfCardsTest.php" line="27" assertions="1" time="0.000499"/>
        <testcase name="testCreateEmptyDeck" class="App\Card\DeckOfCardsTest" classname="App.Card.DeckOfCardsTest" file="/Users/alex/dbwebb-kurser/mvc/me/report/tests/Card/DeckOfCardsTest.php" line="42" assertions="1" time="0.000338"/>
        <testcase name="testAddCard" class="App\Card\DeckOfCardsTest" classname="App.Card.DeckOfCardsTest" file="/Users/alex/dbwebb-kurser/mvc/me/report/tests/Card/DeckOfCardsTest.php" line="52" assertions="1" time="0.000162"/>
        <testcase name="testGetCardsAsString" class="App\Card\DeckOfCardsTest" classname="App.Card.DeckOfCardsTest" file="/Users/alex/dbwebb-kurser/mvc/me/report/tests/Card/DeckOfCardsTest.php" line="71" assertions="1" time="0.000500"/>
        <testcase name="testGetCardValues" class="App\Card\DeckOfCardsTest" classname="App.Card.DeckOfCardsTest" file="/Users/alex/dbwebb-kurser/mvc/me/report/tests/Card/DeckOfCardsTest.php" line="90" assertions="1" time="0.000237"/>
        <testcase name="testGetCardCount" class="App\Card\DeckOfCardsTest" classname="App.Card.DeckOfCardsTest" file="/Users/alex/dbwebb-kurser/mvc/me/report/tests/Card/DeckOfCardsTest.php" line="108" assertions="1" time="0.000156"/>
        <testcase name="testDrawSingleCardIsSame" class="App\Card\DeckOfCardsTest" classname="App.Card.DeckOfCardsTest" file="/Users/alex/dbwebb-kurser/mvc/me/report/tests/Card/DeckOfCardsTest.php" line="121" assertions="2" time="0.000158"/>
        <testcase name="testDrawMultipleCardsCountOk" class="App\Card\DeckOfCardsTest" classname="App.Card.DeckOfCardsTest" file="/Users/alex/dbwebb-kurser/mvc/me/report/tests/Card/DeckOfCardsTest.php" line="134" assertions="2" time="0.000171"/>
        <testcase name="testDrawMultipleCardsOrderIsOk" class="App\Card\DeckOfCardsTest" classname="App.Card.DeckOfCardsTest" file="/Users/alex/dbwebb-kurser/mvc/me/report/tests/Card/DeckOfCardsTest.php" line="148" assertions="1" time="0.000191"/>
        <testcase name="testShuffleCards" class="App\Card\DeckOfCardsTest" classname="App.Card.DeckOfCardsTest" file="/Users/alex/dbwebb-kurser/mvc/me/report/tests/Card/DeckOfCardsTest.php" line="164" assertions="1" time="0.001060"/>
      </testsuite>
      <testsuite name="App\Tests\Command\ImportDataFromCsvCommandTest" file="/Users/alex/dbwebb-kurser/mvc/me/report/tests/Command/ImportDataFromCsvCommandTest.php" tests="4" assertions="10" errors="0" warnings="0" failures="0" skipped="0" time="0.258844">
        <testcase name="testExecute" class="App\Tests\Command\ImportDataFromCsvCommandTest" classname="App.Tests.Command.ImportDataFromCsvCommandTest" file="/Users/alex/dbwebb-kurser/mvc/me/report/tests/Command/ImportDataFromCsvCommandTest.php" line="35" assertions="4" time="0.241744"/>
        <testcase name="testExecuteWithNonExistentCsvFile" class="App\Tests\Command\ImportDataFromCsvCommandTest" classname="App.Tests.Command.ImportDataFromCsvCommandTest" file="/Users/alex/dbwebb-kurser/mvc/me/report/tests/Command/ImportDataFromCsvCommandTest.php" line="67" assertions="2" time="0.006877"/>
        <testcase name="testExecuteWithNonExistentEntityManager" class="App\Tests\Command\ImportDataFromCsvCommandTest" classname="App.Tests.Command.ImportDataFromCsvCommandTest" file="/Users/alex/dbwebb-kurser/mvc/me/report/tests/Command/ImportDataFromCsvCommandTest.php" line="92" assertions="2" time="0.005350"/>
        <testcase name="testExecuteWithNoEntityClassFound" class="App\Tests\Command\ImportDataFromCsvCommandTest" classname="App.Tests.Command.ImportDataFromCsvCommandTest" file="/Users/alex/dbwebb-kurser/mvc/me/report/tests/Command/ImportDataFromCsvCommandTest.php" line="114" assertions="2" time="0.004874"/>
      </testsuite>
      <testsuite name="App\Tests\Controller\AdventureControllerTest" file="/Users/alex/dbwebb-kurser/mvc/me/report/tests/Controller/AdventureControllerTest.php" tests="5" assertions="20" errors="0" warnings="0" failures="0" skipped="0" time="0.237331">
        <testcase name="testStart" class="App\Tests\Controller\AdventureControllerTest" classname="App.Tests.Controller.AdventureControllerTest" file="/Users/alex/dbwebb-kurser/mvc/me/report/tests/Controller/AdventureControllerTest.php" line="46" assertions="3" time="0.090106"/>
        <testcase name="testInit" class="App\Tests\Controller\AdventureControllerTest" classname="App.Tests.Controller.AdventureControllerTest" file="/Users/alex/dbwebb-kurser/mvc/me/report/tests/Controller/AdventureControllerTest.php" line="58" assertions="3" time="0.029586"/>
        <testcase name="testRenderLocation" class="App\Tests\Controller\AdventureControllerTest" classname="App.Tests.Controller.AdventureControllerTest" file="/Users/alex/dbwebb-kurser/mvc/me/report/tests/Controller/AdventureControllerTest.php" line="70" assertions="3" time="0.032100"/>
        <testcase name="testPerformAction" class="App\Tests\Controller\AdventureControllerTest" classname="App.Tests.Controller.AdventureControllerTest" file="/Users/alex/dbwebb-kurser/mvc/me/report/tests/Controller/AdventureControllerTest.php" line="96" assertions="8" time="0.059742"/>
        <testcase name="testActionRouteWithResetSessionRedirect" class="App\Tests\Controller\AdventureControllerTest" classname="App.Tests.Controller.AdventureControllerTest" file="/Users/alex/dbwebb-kurser/mvc/me/report/tests/Controller/AdventureControllerTest.php" line="134" assertions="3" time="0.025796"/>
      </testsuite>
      <testsuite name="ProjectControllerJsonTest" file="/Users/alex/dbwebb-kurser/mvc/me/report/tests/Controller/ProjectControllerJsonTest.php" tests="13" assertions="50" errors="0" warnings="0" failures="0" skipped="0" time="0.255076">
        <testcase name="testLocations" class="ProjectControllerJsonTest" classname="ProjectControllerJsonTest" file="/Users/alex/dbwebb-kurser/mvc/me/report/tests/Controller/ProjectControllerJsonTest.php" line="31" assertions="4" time="0.067281"/>
        <testcase name="testLocationsNotFound" class="ProjectControllerJsonTest" classname="ProjectControllerJsonTest" file="/Users/alex/dbwebb-kurser/mvc/me/report/tests/Controller/ProjectControllerJsonTest.php" line="50" assertions="4" time="0.023141"/>
        <testcase name="testLocationById" class="ProjectControllerJsonTest" classname="ProjectControllerJsonTest" file="/Users/alex/dbwebb-kurser/mvc/me/report/tests/Controller/ProjectControllerJsonTest.php" line="73" assertions="3" time="0.015770"/>
        <testcase name="testLocationByIdNotFound" class="ProjectControllerJsonTest" classname="ProjectControllerJsonTest" file="/Users/alex/dbwebb-kurser/mvc/me/report/tests/Controller/ProjectControllerJsonTest.php" line="98" assertions="4" time="0.014063"/>
        <testcase name="testItems" class="ProjectControllerJsonTest" classname="ProjectControllerJsonTest" file="/Users/alex/dbwebb-kurser/mvc/me/report/tests/Controller/ProjectControllerJsonTest.php" line="117" assertions="4" time="0.014797"/>
        <testcase name="testItemsNotFound" class="ProjectControllerJsonTest" classname="ProjectControllerJsonTest" file="/Users/alex/dbwebb-kurser/mvc/me/report/tests/Controller/ProjectControllerJsonTest.php" line="136" assertions="4" time="0.013197"/>
        <testcase name="testItemById" class="ProjectControllerJsonTest" classname="ProjectControllerJsonTest" file="/Users/alex/dbwebb-kurser/mvc/me/report/tests/Controller/ProjectControllerJsonTest.php" line="159" assertions="3" time="0.014553"/>
        <testcase name="testItemByIdNotFound" class="ProjectControllerJsonTest" classname="ProjectControllerJsonTest" file="/Users/alex/dbwebb-kurser/mvc/me/report/tests/Controller/ProjectControllerJsonTest.php" line="184" assertions="4" time="0.011947"/>
        <testcase name="testLog" class="ProjectControllerJsonTest" classname="ProjectControllerJsonTest" file="/Users/alex/dbwebb-kurser/mvc/me/report/tests/Controller/ProjectControllerJsonTest.php" line="200" assertions="4" time="0.015611"/>
        <testcase name="testLogNoEntriesFound" class="ProjectControllerJsonTest" classname="ProjectControllerJsonTest" file="/Users/alex/dbwebb-kurser/mvc/me/report/tests/Controller/ProjectControllerJsonTest.php" line="227" assertions="4" time="0.017472"/>
        <testcase name="testConnect" class="ProjectControllerJsonTest" classname="ProjectControllerJsonTest" file="/Users/alex/dbwebb-kurser/mvc/me/report/tests/Controller/ProjectControllerJsonTest.php" line="257" assertions="4" time="0.022285"/>
        <testcase name="testConnectSameLocation" class="ProjectControllerJsonTest" classname="ProjectControllerJsonTest" file="/Users/alex/dbwebb-kurser/mvc/me/report/tests/Controller/ProjectControllerJsonTest.php" line="280" assertions="4" time="0.012677"/>
        <testcase name="testConnectConnectionAlreadyExists" class="ProjectControllerJsonTest" classname="ProjectControllerJsonTest" file="/Users/alex/dbwebb-kurser/mvc/me/report/tests/Controller/ProjectControllerJsonTest.php" line="303" assertions="4" time="0.012281"/>
      </testsuite>
      <testsuite name="App\Tests\Controller\TwentyOneGameControllerTest" file="/Users/alex/dbwebb-kurser/mvc/me/report/tests/Controller/TwentyOneGameControllerTest.php" tests="9" assertions="8" errors="0" warnings="0" failures="0" skipped="5" time="0.088046">
        <testcase name="testIndex" class="App\Tests\Controller\TwentyOneGameControllerTest" classname="App.Tests.Controller.TwentyOneGameControllerTest" file="/Users/alex/dbwebb-kurser/mvc/me/report/tests/Controller/TwentyOneGameControllerTest.php" line="18" assertions="0" time="0.001411">
          <skipped/>
        </testcase>
        <testsuite name="App\Tests\Controller\TwentyOneGameControllerTest::testInitBankerSuccess" tests="3" assertions="0" errors="0" warnings="0" failures="0" skipped="3" time="0.003334">
          <testcase name="testInitBankerSuccess with data set &quot;Easy Banker&quot;" class="App\Tests\Controller\TwentyOneGameControllerTest" classname="App.Tests.Controller.TwentyOneGameControllerTest" file="/Users/alex/dbwebb-kurser/mvc/me/report/tests/Controller/TwentyOneGameControllerTest.php" line="50" assertions="0" time="0.001092">
            <skipped/>
          </testcase>
          <testcase name="testInitBankerSuccess with data set &quot;Medium Banker&quot;" class="App\Tests\Controller\TwentyOneGameControllerTest" classname="App.Tests.Controller.TwentyOneGameControllerTest" file="/Users/alex/dbwebb-kurser/mvc/me/report/tests/Controller/TwentyOneGameControllerTest.php" line="50" assertions="0" time="0.001057">
            <skipped/>
          </testcase>
          <testcase name="testInitBankerSuccess with data set &quot;Hard Banker&quot;" class="App\Tests\Controller\TwentyOneGameControllerTest" classname="App.Tests.Controller.TwentyOneGameControllerTest" file="/Users/alex/dbwebb-kurser/mvc/me/report/tests/Controller/TwentyOneGameControllerTest.php" line="50" assertions="0" time="0.001185">
            <skipped/>
          </testcase>
        </testsuite>
        <testcase name="testInitBankerFail" class="App\Tests\Controller\TwentyOneGameControllerTest" classname="App.Tests.Controller.TwentyOneGameControllerTest" file="/Users/alex/dbwebb-kurser/mvc/me/report/tests/Controller/TwentyOneGameControllerTest.php" line="71" assertions="0" time="0.000881">
          <skipped/>
        </testcase>
        <testsuite name="App\Tests\Controller\TwentyOneGameControllerTest::testStay" tests="2" assertions="4" errors="0" warnings="0" failures="0" skipped="0" time="0.035399">
          <testcase name="testStay with data set &quot;Banker wins&quot;" class="App\Tests\Controller\TwentyOneGameControllerTest" classname="App.Tests.Controller.TwentyOneGameControllerTest" file="/Users/alex/dbwebb-kurser/mvc/me/report/tests/Controller/TwentyOneGameControllerTest.php" line="105" assertions="2" time="0.017827"/>
          <testcase name="testStay with data set &quot;Player wins&quot;" class="App\Tests\Controller\TwentyOneGameControllerTest" classname="App.Tests.Controller.TwentyOneGameControllerTest" file="/Users/alex/dbwebb-kurser/mvc/me/report/tests/Controller/TwentyOneGameControllerTest.php" line="105" assertions="2" time="0.017572"/>
        </testsuite>
        <testsuite name="App\Tests\Controller\TwentyOneGameControllerTest::testHit" tests="2" assertions="4" errors="0" warnings="0" failures="0" skipped="0" time="0.047021">
          <testcase name="testHit with data set &quot;Banker wins&quot;" class="App\Tests\Controller\TwentyOneGameControllerTest" classname="App.Tests.Controller.TwentyOneGameControllerTest" file="/Users/alex/dbwebb-kurser/mvc/me/report/tests/Controller/TwentyOneGameControllerTest.php" line="152" assertions="2" time="0.027517"/>
          <testcase name="testHit with data set &quot;Player wins&quot;" class="App\Tests\Controller\TwentyOneGameControllerTest" classname="App.Tests.Controller.TwentyOneGameControllerTest" file="/Users/alex/dbwebb-kurser/mvc/me/report/tests/Controller/TwentyOneGameControllerTest.php" line="152" assertions="2" time="0.019504"/>
        </testsuite>
      </testsuite>
      <testsuite name="App\Game\BettingManagerTest" file="/Users/alex/dbwebb-kurser/mvc/me/report/tests/Game/BettingManagerTest.php" tests="7" assertions="11" errors="0" warnings="0" failures="0" skipped="0" time="0.001968">
        <testcase name="testCreateBettingManagerNoArguments" class="App\Game\BettingManagerTest" classname="App.Game.BettingManagerTest" file="/Users/alex/dbwebb-kurser/mvc/me/report/tests/Game/BettingManagerTest.php" line="15" assertions="3" time="0.000158"/>
        <testcase name="testCreateBettingManagerWithArgumentsOk" class="App\Game\BettingManagerTest" classname="App.Game.BettingManagerTest" file="/Users/alex/dbwebb-kurser/mvc/me/report/tests/Game/BettingManagerTest.php" line="27" assertions="3" time="0.000137"/>
        <testsuite name="App\Game\BettingManagerTest::testCreateBettingManagerWithArgumentsRaisesException" tests="3" assertions="3" errors="0" warnings="0" failures="0" skipped="0" time="0.001414">
          <testcase name="testCreateBettingManagerWithArgumentsRaisesException with data set &quot;step larger than max&quot;" class="App\Game\BettingManagerTest" classname="App.Game.BettingManagerTest" file="/Users/alex/dbwebb-kurser/mvc/me/report/tests/Game/BettingManagerTest.php" line="55" assertions="1" time="0.000524"/>
          <testcase name="testCreateBettingManagerWithArgumentsRaisesException with data set &quot;step smaller than 1&quot;" class="App\Game\BettingManagerTest" classname="App.Game.BettingManagerTest" file="/Users/alex/dbwebb-kurser/mvc/me/report/tests/Game/BettingManagerTest.php" line="55" assertions="1" time="0.000449"/>
          <testcase name="testCreateBettingManagerWithArgumentsRaisesException with data set &quot;max not divisible by step&quot;" class="App\Game\BettingManagerTest" classname="App.Game.BettingManagerTest" file="/Users/alex/dbwebb-kurser/mvc/me/report/tests/Game/BettingManagerTest.php" line="55" assertions="1" time="0.000440"/>
        </testsuite>
        <testcase name="testIsBettingFalse" class="App\Game\BettingManagerTest" classname="App.Game.BettingManagerTest" file="/Users/alex/dbwebb-kurser/mvc/me/report/tests/Game/BettingManagerTest.php" line="64" assertions="1" time="0.000132"/>
        <testcase name="testSetBettingTrue" class="App\Game\BettingManagerTest" classname="App.Game.BettingManagerTest" file="/Users/alex/dbwebb-kurser/mvc/me/report/tests/Game/BettingManagerTest.php" line="73" assertions="1" time="0.000126"/>
      </testsuite>
      <testsuite name="App\Game\EasyBankerTest" file="/Users/alex/dbwebb-kurser/mvc/me/report/tests/Game/EasyBankerTest.php" tests="3" assertions="3" errors="0" warnings="0" failures="0" skipped="0" time="0.002758">
        <testsuite name="App\Game\EasyBankerTest::testKeepHitting" tests="3" assertions="3" errors="0" warnings="0" failures="0" skipped="0" time="0.002758">
          <testcase name="testKeepHitting with data set &quot;add 5 and 7 (under 17)&quot;" class="App\Game\EasyBankerTest" classname="App.Game.EasyBankerTest" file="/Users/alex/dbwebb-kurser/mvc/me/report/tests/Game/EasyBankerTest.php" line="31" assertions="1" time="0.001953"/>
          <testcase name="testKeepHitting with data set &quot;add 10 and 7 (exactly 17)&quot;" class="App\Game\EasyBankerTest" classname="App.Game.EasyBankerTest" file="/Users/alex/dbwebb-kurser/mvc/me/report/tests/Game/EasyBankerTest.php" line="31" assertions="1" time="0.000360"/>
          <testcase name="testKeepHitting with data set &quot;add 10, 5 and 7 (over 17)&quot;" class="App\Game\EasyBankerTest" classname="App.Game.EasyBankerTest" file="/Users/alex/dbwebb-kurser/mvc/me/report/tests/Game/EasyBankerTest.php" line="31" assertions="1" time="0.000446"/>
        </testsuite>
      </testsuite>
      <testsuite name="App\Game\GameHasWonTest" file="/Users/alex/dbwebb-kurser/mvc/me/report/tests/Game/GameHasWonTest.php" tests="6" assertions="6" errors="0" warnings="0" failures="0" skipped="0" time="0.003313">
        <testsuite name="App\Game\GameHasWonTest::testCheckPlayerWon" tests="2" assertions="2" errors="0" warnings="0" failures="0" skipped="0" time="0.001874">
          <testcase name="testCheckPlayerWon with data set &quot;Player over 21 — Banker wins&quot;" class="App\Game\GameHasWonTest" classname="App.Game.GameHasWonTest" file="/Users/alex/dbwebb-kurser/mvc/me/report/tests/Game/GameHasWonTest.php" line="75" assertions="1" time="0.001505"/>
          <testcase name="testCheckPlayerWon with data set &quot;Player scores 21 — Player wins&quot;" class="App\Game\GameHasWonTest" classname="App.Game.GameHasWonTest" file="/Users/alex/dbwebb-kurser/mvc/me/report/tests/Game/GameHasWonTest.php" line="75" assertions="1" time="0.000369"/>
        </testsuite>
        <testsuite name="App\Game\GameHasWonTest::testCheckBankerWon" tests="4" assertions="4" errors="0" warnings="0" failures="0" skipped="0" time="0.001439">
          <testcase name="testCheckBankerWon with data set &quot;Banker over 21 — Player wins&quot;" class="App\Game\GameHasWonTest" classname="App.Game.GameHasWonTest" file="/Users/alex/dbwebb-kurser/mvc/me/report/tests/Game/GameHasWonTest.php" line="116" assertions="1" time="0.000373"/>
          <testcase name="testCheckBankerWon with data set &quot;Player over banker — Player wins&quot;" class="App\Game\GameHasWonTest" classname="App.Game.GameHasWonTest" file="/Users/alex/dbwebb-kurser/mvc/me/report/tests/Game/GameHasWonTest.php" line="116" assertions="1" time="0.000337"/>
          <testcase name="testCheckBankerWon with data set &quot;Banker over player — Banker wins&quot;" class="App\Game\GameHasWonTest" classname="App.Game.GameHasWonTest" file="/Users/alex/dbwebb-kurser/mvc/me/report/tests/Game/GameHasWonTest.php" line="116" assertions="1" time="0.000363"/>
          <testcase name="testCheckBankerWon with data set &quot;Banker equal player — Banker wins&quot;" class="App\Game\GameHasWonTest" classname="App.Game.GameHasWonTest" file="/Users/alex/dbwebb-kurser/mvc/me/report/tests/Game/GameHasWonTest.php" line="116" assertions="1" time="0.000366"/>
        </testsuite>
      </testsuite>
      <testsuite name="App\Game\GameManagerBankerTest" file="/Users/alex/dbwebb-kurser/mvc/me/report/tests/Game/GameManagerBankerTest.php" tests="1" assertions="3" errors="0" warnings="0" failures="0" skipped="0" time="0.000301">
        <testcase name="testDealBanker" class="App\Game\GameManagerBankerTest" classname="App.Game.GameManagerBankerTest" file="/Users/alex/dbwebb-kurser/mvc/me/report/tests/Game/GameManagerBankerTest.php" line="29" assertions="3" time="0.000301"/>
      </testsuite>
      <testsuite name="App\Game\GameManagerPlayerTest" file="/Users/alex/dbwebb-kurser/mvc/me/report/tests/Game/GameManagerPlayerTest.php" tests="8" assertions="15" errors="0" warnings="0" failures="0" skipped="0" time="0.003760">
        <testsuite name="App\Game\GameManagerPlayerTest::testDealPlayer" tests="3" assertions="9" errors="0" warnings="0" failures="0" skipped="0" time="0.001161">
          <testcase name="testDealPlayer with data set &quot;Deal 1 card (sum 13)&quot;" class="App\Game\GameManagerPlayerTest" classname="App.Game.GameManagerPlayerTest" file="/Users/alex/dbwebb-kurser/mvc/me/report/tests/Game/GameManagerPlayerTest.php" line="45" assertions="3" time="0.000618"/>
          <testcase name="testDealPlayer with data set &quot;Deal 2 cards (sum 25)&quot;" class="App\Game\GameManagerPlayerTest" classname="App.Game.GameManagerPlayerTest" file="/Users/alex/dbwebb-kurser/mvc/me/report/tests/Game/GameManagerPlayerTest.php" line="45" assertions="3" time="0.000275"/>
          <testcase name="testDealPlayer with data set &quot;Deal 3 cards (sum 36)&quot;" class="App\Game\GameManagerPlayerTest" classname="App.Game.GameManagerPlayerTest" file="/Users/alex/dbwebb-kurser/mvc/me/report/tests/Game/GameManagerPlayerTest.php" line="45" assertions="3" time="0.000268"/>
        </testsuite>
        <testsuite name="App\Game\GameManagerPlayerTest::testGetPlayerBurstRisk" tests="4" assertions="4" errors="0" warnings="0" failures="0" skipped="0" time="0.002425">
          <testcase name="testGetPlayerBurstRisk with data set &quot;No card will put the player over 21 — 0% risk&quot;" class="App\Game\GameManagerPlayerTest" classname="App.Game.GameManagerPlayerTest" file="/Users/alex/dbwebb-kurser/mvc/me/report/tests/Game/GameManagerPlayerTest.php" line="91" assertions="1" time="0.001124"/>
          <testcase name="testGetPlayerBurstRisk with data set &quot;1 of 4 cards will put player over 21 - 25% risk&quot;" class="App\Game\GameManagerPlayerTest" classname="App.Game.GameManagerPlayerTest" file="/Users/alex/dbwebb-kurser/mvc/me/report/tests/Game/GameManagerPlayerTest.php" line="91" assertions="1" time="0.000448"/>
          <testcase name="testGetPlayerBurstRisk with data set &quot;1 of 2 cards will put player over 21 - 50% risk&quot;" class="App\Game\GameManagerPlayerTest" classname="App.Game.GameManagerPlayerTest" file="/Users/alex/dbwebb-kurser/mvc/me/report/tests/Game/GameManagerPlayerTest.php" line="91" assertions="1" time="0.000433"/>
          <testcase name="testGetPlayerBurstRisk with data set &quot;All cards will put player over 21 - 100% risk&quot;" class="App\Game\GameManagerPlayerTest" classname="App.Game.GameManagerPlayerTest" file="/Users/alex/dbwebb-kurser/mvc/me/report/tests/Game/GameManagerPlayerTest.php" line="91" assertions="1" time="0.000420"/>
        </testsuite>
        <testcase name="testSetAssistanceMode" class="App\Game\GameManagerPlayerTest" classname="App.Game.GameManagerPlayerTest" file="/Users/alex/dbwebb-kurser/mvc/me/report/tests/Game/GameManagerPlayerTest.php" line="116" assertions="2" time="0.000174"/>
      </testsuite>
      <testsuite name="App\Game\HardBankerTest" file="/Users/alex/dbwebb-kurser/mvc/me/report/tests/Game/HardBankerTest.php" tests="3" assertions="3" errors="0" warnings="0" failures="0" skipped="0" time="0.001366">
        <testsuite name="App\Game\HardBankerTest::testKeepHitting" tests="3" assertions="3" errors="0" warnings="0" failures="0" skipped="0" time="0.001366">
          <testcase name="testKeepHitting with data set &quot;add 5 and 7 (less than player)&quot;" class="App\Game\HardBankerTest" classname="App.Game.HardBankerTest" file="/Users/alex/dbwebb-kurser/mvc/me/report/tests/Game/HardBankerTest.php" line="32" assertions="1" time="0.000709"/>
          <testcase name="testKeepHitting with data set &quot;add 10 and 8 (same as player)&quot;" class="App\Game\HardBankerTest" classname="App.Game.HardBankerTest" file="/Users/alex/dbwebb-kurser/mvc/me/report/tests/Game/HardBankerTest.php" line="32" assertions="1" time="0.000289"/>
          <testcase name="testKeepHitting with data set &quot;add 7, 3 and 6 (more than player)&quot;" class="App\Game\HardBankerTest" classname="App.Game.HardBankerTest" file="/Users/alex/dbwebb-kurser/mvc/me/report/tests/Game/HardBankerTest.php" line="32" assertions="1" time="0.000369"/>
        </testsuite>
      </testsuite>
      <testsuite name="App\Game\MediumBankerTest" file="/Users/alex/dbwebb-kurser/mvc/me/report/tests/Game/MediumBankerTest.php" tests="8" assertions="8" errors="0" warnings="0" failures="0" skipped="0" time="0.005835">
        <testsuite name="App\Game\MediumBankerTest::testKeepHitting" tests="6" assertions="6" errors="0" warnings="0" failures="0" skipped="0" time="0.003676">
          <testcase name="testKeepHitting with data set &quot;add 3 and 4 (no risk of bursting)&quot;" class="App\Game\MediumBankerTest" classname="App.Game.MediumBankerTest" file="/Users/alex/dbwebb-kurser/mvc/me/report/tests/Game/MediumBankerTest.php" line="34" assertions="1" time="0.000759"/>
          <testcase name="testKeepHitting with data set &quot;add 4, 4 and 3 (low (≈ 24%) risk of bursting)&quot;" class="App\Game\MediumBankerTest" classname="App.Game.MediumBankerTest" file="/Users/alex/dbwebb-kurser/mvc/me/report/tests/Game/MediumBankerTest.php" line="34" assertions="1" time="0.000467"/>
          <testcase name="testKeepHitting with data set &quot;add 5, 5, and 4 (≈ 49% risk of bursting)&quot;" class="App\Game\MediumBankerTest" classname="App.Game.MediumBankerTest" file="/Users/alex/dbwebb-kurser/mvc/me/report/tests/Game/MediumBankerTest.php" line="34" assertions="1" time="0.000442"/>
          <testcase name="testKeepHitting with data set &quot;add 2, 3, 4 and 5 (50% risk of bursting)&quot;" class="App\Game\MediumBankerTest" classname="App.Game.MediumBankerTest" file="/Users/alex/dbwebb-kurser/mvc/me/report/tests/Game/MediumBankerTest.php" line="34" assertions="1" time="0.000796"/>
          <testcase name="testKeepHitting with data set &quot;add 3, 3, 3, 4 and 1 (≈ 51% risk of bursting)&quot;" class="App\Game\MediumBankerTest" classname="App.Game.MediumBankerTest" file="/Users/alex/dbwebb-kurser/mvc/me/report/tests/Game/MediumBankerTest.php" line="34" assertions="1" time="0.000804"/>
          <testcase name="testKeepHitting with data set &quot;add 10 and 9 (high (84 %) risk of bursting)&quot;" class="App\Game\MediumBankerTest" classname="App.Game.MediumBankerTest" file="/Users/alex/dbwebb-kurser/mvc/me/report/tests/Game/MediumBankerTest.php" line="34" assertions="1" time="0.000409"/>
        </testsuite>
        <testsuite name="App\Game\MediumBankerTest::testKeepHittingCardsRemoved" tests="2" assertions="2" errors="0" warnings="0" failures="0" skipped="0" time="0.002158">
          <testcase name="testKeepHittingCardsRemoved with data set &quot;remove 10 and 5, add 6 and 8 (≈ 46% risk of bursting)&quot;" class="App\Game\MediumBankerTest" classname="App.Game.MediumBankerTest" file="/Users/alex/dbwebb-kurser/mvc/me/report/tests/Game/MediumBankerTest.php" line="69" assertions="1" time="0.000985"/>
          <testcase name="testKeepHittingCardsRemoved with data set &quot;remove 7, 8 and 9, add 4, 5 and 6 (≈ 54% risk of bursting)&quot;" class="App\Game\MediumBankerTest" classname="App.Game.MediumBankerTest" file="/Users/alex/dbwebb-kurser/mvc/me/report/tests/Game/MediumBankerTest.php" line="69" assertions="1" time="0.001173"/>
        </testsuite>
      </testsuite>
      <testsuite name="App\Game\PlaceBetTest" file="/Users/alex/dbwebb-kurser/mvc/me/report/tests/Game/PlaceBetTest.php" tests="6" assertions="12" errors="0" warnings="0" failures="0" skipped="0" time="0.000727">
        <testsuite name="App\Game\PlaceBetTest::testPlaceBet" tests="3" assertions="9" errors="0" warnings="0" failures="0" skipped="0" time="0.000357">
          <testcase name="testPlaceBet with data set &quot;bet ok&quot;" class="App\Game\PlaceBetTest" classname="App.Game.PlaceBetTest" file="/Users/alex/dbwebb-kurser/mvc/me/report/tests/Game/PlaceBetTest.php" line="33" assertions="3" time="0.000161"/>
          <testcase name="testPlaceBet with data set &quot;bet not ok — not enough coins&quot;" class="App\Game\PlaceBetTest" classname="App.Game.PlaceBetTest" file="/Users/alex/dbwebb-kurser/mvc/me/report/tests/Game/PlaceBetTest.php" line="33" assertions="3" time="0.000099"/>
          <testcase name="testPlaceBet with data set &quot;bet not ok — incorrect step&quot;" class="App\Game\PlaceBetTest" classname="App.Game.PlaceBetTest" file="/Users/alex/dbwebb-kurser/mvc/me/report/tests/Game/PlaceBetTest.php" line="33" assertions="3" time="0.000096"/>
        </testsuite>
        <testsuite name="App\Game\PlaceBetTest::testPlaceBetGetStake" tests="2" assertions="2" errors="0" warnings="0" failures="0" skipped="0" time="0.000240">
          <testcase name="testPlaceBetGetStake with data set &quot;bet ok - update stake &quot;" class="App\Game\PlaceBetTest" classname="App.Game.PlaceBetTest" file="/Users/alex/dbwebb-kurser/mvc/me/report/tests/Game/PlaceBetTest.php" line="64" assertions="1" time="0.000133"/>
          <testcase name="testPlaceBetGetStake with data set &quot;bet not ok — do not update stake&quot;" class="App\Game\PlaceBetTest" classname="App.Game.PlaceBetTest" file="/Users/alex/dbwebb-kurser/mvc/me/report/tests/Game/PlaceBetTest.php" line="64" assertions="1" time="0.000107"/>
        </testsuite>
        <testcase name="testBankerCannotMatchBet" class="App\Game\PlaceBetTest" classname="App.Game.PlaceBetTest" file="/Users/alex/dbwebb-kurser/mvc/me/report/tests/Game/PlaceBetTest.php" line="75" assertions="1" time="0.000130"/>
      </testsuite>
      <testsuite name="App\Game\ReceiverTest" file="/Users/alex/dbwebb-kurser/mvc/me/report/tests/Game/ReceiverTest.php" tests="5" assertions="8" errors="0" warnings="0" failures="0" skipped="0" time="0.002187">
        <testsuite name="App\Game\ReceiverTest::testReceiveCardsScoreOk" tests="3" assertions="3" errors="0" warnings="0" failures="0" skipped="0" time="0.000955">
          <testcase name="testReceiveCardsScoreOk with data set &quot;add 5, 2 and 3&quot;" class="App\Game\ReceiverTest" classname="App.Game.ReceiverTest" file="/Users/alex/dbwebb-kurser/mvc/me/report/tests/Game/ReceiverTest.php" line="31" assertions="1" time="0.000409"/>
          <testcase name="testReceiveCardsScoreOk with data set &quot;add 8 and Ace (worth 1)&quot;" class="App\Game\ReceiverTest" classname="App.Game.ReceiverTest" file="/Users/alex/dbwebb-kurser/mvc/me/report/tests/Game/ReceiverTest.php" line="31" assertions="1" time="0.000287"/>
          <testcase name="testReceiveCardsScoreOk with data set &quot;add 7 and Ace (worth 14)&quot;" class="App\Game\ReceiverTest" classname="App.Game.ReceiverTest" file="/Users/alex/dbwebb-kurser/mvc/me/report/tests/Game/ReceiverTest.php" line="31" assertions="1" time="0.000259"/>
        </testsuite>
        <testcase name="testGetCards" class="App\Game\ReceiverTest" classname="App.Game.ReceiverTest" file="/Users/alex/dbwebb-kurser/mvc/me/report/tests/Game/ReceiverTest.php" line="51" assertions="1" time="0.000155"/>
        <testcase name="testReset" class="App\Game\ReceiverTest" classname="App.Game.ReceiverTest" file="/Users/alex/dbwebb-kurser/mvc/me/report/tests/Game/ReceiverTest.php" line="64" assertions="4" time="0.001077"/>
      </testsuite>
      <testsuite name="App\Game\WinsStakeTest" file="/Users/alex/dbwebb-kurser/mvc/me/report/tests/Game/WinsStakeTest.php" tests="4" assertions="16" errors="0" warnings="0" failures="0" skipped="0" time="0.000501">
        <testsuite name="App\Game\WinsStakeTest::testPlayerWinsStake" tests="2" assertions="8" errors="0" warnings="0" failures="0" skipped="0" time="0.000229">
          <testcase name="testPlayerWinsStake with data set &quot;win — game not over&quot;" class="App\Game\WinsStakeTest" classname="App.Game.WinsStakeTest" file="/Users/alex/dbwebb-kurser/mvc/me/report/tests/Game/WinsStakeTest.php" line="31" assertions="4" time="0.000135"/>
          <testcase name="testPlayerWinsStake with data set &quot;win — game over&quot;" class="App\Game\WinsStakeTest" classname="App.Game.WinsStakeTest" file="/Users/alex/dbwebb-kurser/mvc/me/report/tests/Game/WinsStakeTest.php" line="31" assertions="4" time="0.000094"/>
        </testsuite>
        <testsuite name="App\Game\WinsStakeTest::testBankerWinsStake" tests="2" assertions="8" errors="0" warnings="0" failures="0" skipped="0" time="0.000272">
          <testcase name="testBankerWinsStake with data set &quot;win — game not over&quot;" class="App\Game\WinsStakeTest" classname="App.Game.WinsStakeTest" file="/Users/alex/dbwebb-kurser/mvc/me/report/tests/Game/WinsStakeTest.php" line="51" assertions="4" time="0.000129"/>
          <testcase name="testBankerWinsStake with data set &quot;win — game over&quot;" class="App\Game\WinsStakeTest" classname="App.Game.WinsStakeTest" file="/Users/alex/dbwebb-kurser/mvc/me/report/tests/Game/WinsStakeTest.php" line="51" assertions="4" time="0.000143"/>
        </testsuite>
      </testsuite>
    </testsuite>
  </testsuite>
</testsuites>
