<?xml version="1.0" encoding="UTF-8"?>
<testsuites>
  <testsuite name="" tests="170" assertions="404" errors="0" warnings="0" failures="0" skipped="5" time="3.670339">
    <testsuite name="Project Test Suite" tests="170" assertions="404" errors="0" warnings="0" failures="0" skipped="5" time="3.670339">
      <testsuite name="AvailableActionsProviderTest" file="/Users/alex/dbwebb-kurser/mvc/me/report/tests/Adventure/AvailableActionsProviderTest.php" tests="2" assertions="51" errors="0" warnings="0" failures="0" skipped="0" time="0.119691">
        <testcase name="testGetAvailableActions" class="AvailableActionsProviderTest" classname="AvailableActionsProviderTest" file="/Users/alex/dbwebb-kurser/mvc/me/report/tests/Adventure/AvailableActionsProviderTest.php" line="16" assertions="43" time="0.117412"/>
        <testcase name="testIsValidAction" class="AvailableActionsProviderTest" classname="AvailableActionsProviderTest" file="/Users/alex/dbwebb-kurser/mvc/me/report/tests/Adventure/AvailableActionsProviderTest.php" line="36" assertions="8" time="0.002278"/>
      </testsuite>
      <testsuite name="ConnectorTest" file="/Users/alex/dbwebb-kurser/mvc/me/report/tests/Adventure/ConnectorTest.php" tests="3" assertions="16" errors="0" warnings="0" failures="0" skipped="0" time="0.060089">
        <testcase name="testConnectLocations" class="ConnectorTest" classname="ConnectorTest" file="/Users/alex/dbwebb-kurser/mvc/me/report/tests/Adventure/ConnectorTest.php" line="15" assertions="7" time="0.047856"/>
        <testcase name="testConnectLocationsThrowsException" class="ConnectorTest" classname="ConnectorTest" file="/Users/alex/dbwebb-kurser/mvc/me/report/tests/Adventure/ConnectorTest.php" line="66" assertions="3" time="0.009640"/>
        <testcase name="testSwapLocations" class="ConnectorTest" classname="ConnectorTest" file="/Users/alex/dbwebb-kurser/mvc/me/report/tests/Adventure/ConnectorTest.php" line="85" assertions="6" time="0.002592"/>
      </testsuite>
      <testsuite name="FormatterTest" file="/Users/alex/dbwebb-kurser/mvc/me/report/tests/Adventure/FormatterTest.php" tests="4" assertions="4" errors="0" warnings="0" failures="0" skipped="0" time="0.006568">
        <testcase name="testFormatRowsAsString" class="FormatterTest" classname="FormatterTest" file="/Users/alex/dbwebb-kurser/mvc/me/report/tests/Adventure/FormatterTest.php" line="14" assertions="1" time="0.003347"/>
        <testcase name="testFormatSingleRow" class="FormatterTest" classname="FormatterTest" file="/Users/alex/dbwebb-kurser/mvc/me/report/tests/Adventure/FormatterTest.php" line="38" assertions="1" time="0.000967"/>
        <testcase name="testFormatKeyValueColumns" class="FormatterTest" classname="FormatterTest" file="/Users/alex/dbwebb-kurser/mvc/me/report/tests/Adventure/FormatterTest.php" line="51" assertions="1" time="0.001256"/>
        <testcase name="testFormatKeyValueColumnsGapSize" class="FormatterTest" classname="FormatterTest" file="/Users/alex/dbwebb-kurser/mvc/me/report/tests/Adventure/FormatterTest.php" line="71" assertions="1" time="0.000998"/>
      </testsuite>
      <testsuite name="GameSetupManagerTest" file="/Users/alex/dbwebb-kurser/mvc/me/report/tests/Adventure/GameSetupManagerTest.php" tests="1" assertions="24" errors="0" warnings="0" failures="0" skipped="0" time="0.048160">
        <testcase name="testSetupGameFromDatabase" class="GameSetupManagerTest" classname="GameSetupManagerTest" file="/Users/alex/dbwebb-kurser/mvc/me/report/tests/Adventure/GameSetupManagerTest.php" line="28" assertions="24" time="0.048160"/>
      </testsuite>
      <testsuite name="App\Tests\Adventure\GameTest" file="/Users/alex/dbwebb-kurser/mvc/me/report/tests/Adventure/GameTest.php" tests="26" assertions="43" errors="0" warnings="0" failures="0" skipped="0" time="0.060851">
        <testcase name="testSetAndGetCurrentLocation" class="App\Tests\Adventure\GameTest" classname="App.Tests.Adventure.GameTest" file="/Users/alex/dbwebb-kurser/mvc/me/report/tests/Adventure/GameTest.php" line="30" assertions="1" time="0.001086"/>
        <testcase name="testSetAndGetInventory" class="App\Tests\Adventure\GameTest" classname="App.Tests.Adventure.GameTest" file="/Users/alex/dbwebb-kurser/mvc/me/report/tests/Adventure/GameTest.php" line="40" assertions="1" time="0.005226"/>
        <testcase name="testProcessActionWithInvalidAction" class="App\Tests\Adventure\GameTest" classname="App.Tests.Adventure.GameTest" file="/Users/alex/dbwebb-kurser/mvc/me/report/tests/Adventure/GameTest.php" line="50" assertions="1" time="0.000914"/>
        <testcase name="testProcessActionWhere" class="App\Tests\Adventure\GameTest" classname="App.Tests.Adventure.GameTest" file="/Users/alex/dbwebb-kurser/mvc/me/report/tests/Adventure/GameTest.php" line="62" assertions="1" time="0.004698"/>
        <testcase name="testProcessActionInventoryEmpty" class="App\Tests\Adventure\GameTest" classname="App.Tests.Adventure.GameTest" file="/Users/alex/dbwebb-kurser/mvc/me/report/tests/Adventure/GameTest.php" line="79" assertions="1" time="0.001264"/>
        <testcase name="testProcessActionInventoryWithItems" class="App\Tests\Adventure\GameTest" classname="App.Tests.Adventure.GameTest" file="/Users/alex/dbwebb-kurser/mvc/me/report/tests/Adventure/GameTest.php" line="96" assertions="1" time="0.001231"/>
        <testcase name="testProcessActionHelp" class="App\Tests\Adventure\GameTest" classname="App.Tests.Adventure.GameTest" file="/Users/alex/dbwebb-kurser/mvc/me/report/tests/Adventure/GameTest.php" line="113" assertions="7" time="0.001192"/>
        <testsuite name="App\Tests\Adventure\GameTest::testProcessActionHelpWithTarget" tests="8" assertions="8" errors="0" warnings="0" failures="0" skipped="0" time="0.010172">
          <testcase name="testProcessActionHelpWithTarget with data set #0" class="App\Tests\Adventure\GameTest" classname="App.Tests.Adventure.GameTest" file="/Users/alex/dbwebb-kurser/mvc/me/report/tests/Adventure/GameTest.php" line="131" assertions="1" time="0.000886"/>
          <testcase name="testProcessActionHelpWithTarget with data set #1" class="App\Tests\Adventure\GameTest" classname="App.Tests.Adventure.GameTest" file="/Users/alex/dbwebb-kurser/mvc/me/report/tests/Adventure/GameTest.php" line="131" assertions="1" time="0.003298"/>
          <testcase name="testProcessActionHelpWithTarget with data set #2" class="App\Tests\Adventure\GameTest" classname="App.Tests.Adventure.GameTest" file="/Users/alex/dbwebb-kurser/mvc/me/report/tests/Adventure/GameTest.php" line="131" assertions="1" time="0.001089"/>
          <testcase name="testProcessActionHelpWithTarget with data set #3" class="App\Tests\Adventure\GameTest" classname="App.Tests.Adventure.GameTest" file="/Users/alex/dbwebb-kurser/mvc/me/report/tests/Adventure/GameTest.php" line="131" assertions="1" time="0.000916"/>
          <testcase name="testProcessActionHelpWithTarget with data set #4" class="App\Tests\Adventure\GameTest" classname="App.Tests.Adventure.GameTest" file="/Users/alex/dbwebb-kurser/mvc/me/report/tests/Adventure/GameTest.php" line="131" assertions="1" time="0.000962"/>
          <testcase name="testProcessActionHelpWithTarget with data set #5" class="App\Tests\Adventure\GameTest" classname="App.Tests.Adventure.GameTest" file="/Users/alex/dbwebb-kurser/mvc/me/report/tests/Adventure/GameTest.php" line="131" assertions="1" time="0.001073"/>
          <testcase name="testProcessActionHelpWithTarget with data set #6" class="App\Tests\Adventure\GameTest" classname="App.Tests.Adventure.GameTest" file="/Users/alex/dbwebb-kurser/mvc/me/report/tests/Adventure/GameTest.php" line="131" assertions="1" time="0.000986"/>
          <testcase name="testProcessActionHelpWithTarget with data set #7" class="App\Tests\Adventure\GameTest" classname="App.Tests.Adventure.GameTest" file="/Users/alex/dbwebb-kurser/mvc/me/report/tests/Adventure/GameTest.php" line="131" assertions="1" time="0.000962"/>
        </testsuite>
        <testcase name="testProcessActionGoValidDirection" class="App\Tests\Adventure\GameTest" classname="App.Tests.Adventure.GameTest" file="/Users/alex/dbwebb-kurser/mvc/me/report/tests/Adventure/GameTest.php" line="160" assertions="2" time="0.007144"/>
        <testcase name="testProcessActionGoInvalidDirection" class="App\Tests\Adventure\GameTest" classname="App.Tests.Adventure.GameTest" file="/Users/alex/dbwebb-kurser/mvc/me/report/tests/Adventure/GameTest.php" line="188" assertions="2" time="0.002723"/>
        <testsuite name="App\Tests\Adventure\GameTest::testProcessItemActionEmptyTarget" tests="3" assertions="3" errors="0" warnings="0" failures="0" skipped="0" time="0.004953">
          <testcase name="testProcessItemActionEmptyTarget with data set #0" class="App\Tests\Adventure\GameTest" classname="App.Tests.Adventure.GameTest" file="/Users/alex/dbwebb-kurser/mvc/me/report/tests/Adventure/GameTest.php" line="218" assertions="1" time="0.002997"/>
          <testcase name="testProcessItemActionEmptyTarget with data set #1" class="App\Tests\Adventure\GameTest" classname="App.Tests.Adventure.GameTest" file="/Users/alex/dbwebb-kurser/mvc/me/report/tests/Adventure/GameTest.php" line="218" assertions="1" time="0.001029"/>
          <testcase name="testProcessItemActionEmptyTarget with data set #2" class="App\Tests\Adventure\GameTest" classname="App.Tests.Adventure.GameTest" file="/Users/alex/dbwebb-kurser/mvc/me/report/tests/Adventure/GameTest.php" line="218" assertions="1" time="0.000927"/>
        </testsuite>
        <testsuite name="App\Tests\Adventure\GameTest::testProcessItemActionItemNotFound" tests="3" assertions="9" errors="0" warnings="0" failures="0" skipped="0" time="0.008772">
          <testcase name="testProcessItemActionItemNotFound with data set #0" class="App\Tests\Adventure\GameTest" classname="App.Tests.Adventure.GameTest" file="/Users/alex/dbwebb-kurser/mvc/me/report/tests/Adventure/GameTest.php" line="229" assertions="3" time="0.004663"/>
          <testcase name="testProcessItemActionItemNotFound with data set #1" class="App\Tests\Adventure\GameTest" classname="App.Tests.Adventure.GameTest" file="/Users/alex/dbwebb-kurser/mvc/me/report/tests/Adventure/GameTest.php" line="229" assertions="3" time="0.001842"/>
          <testcase name="testProcessItemActionItemNotFound with data set #2" class="App\Tests\Adventure\GameTest" classname="App.Tests.Adventure.GameTest" file="/Users/alex/dbwebb-kurser/mvc/me/report/tests/Adventure/GameTest.php" line="229" assertions="3" time="0.002267"/>
        </testsuite>
        <testsuite name="App\Tests\Adventure\GameTest::testProcessItemActionNoActionObject" tests="3" assertions="6" errors="0" warnings="0" failures="0" skipped="0" time="0.011477">
          <testcase name="testProcessItemActionNoActionObject with data set #0" class="App\Tests\Adventure\GameTest" classname="App.Tests.Adventure.GameTest" file="/Users/alex/dbwebb-kurser/mvc/me/report/tests/Adventure/GameTest.php" line="257" assertions="2" time="0.005276"/>
          <testcase name="testProcessItemActionNoActionObject with data set #1" class="App\Tests\Adventure\GameTest" classname="App.Tests.Adventure.GameTest" file="/Users/alex/dbwebb-kurser/mvc/me/report/tests/Adventure/GameTest.php" line="257" assertions="2" time="0.002484"/>
          <testcase name="testProcessItemActionNoActionObject with data set #2" class="App\Tests\Adventure\GameTest" classname="App.Tests.Adventure.GameTest" file="/Users/alex/dbwebb-kurser/mvc/me/report/tests/Adventure/GameTest.php" line="257" assertions="2" time="0.003717"/>
        </testsuite>
      </testsuite>
      <testsuite name="App\Tests\Adventure\HandleExamineTest" file="/Users/alex/dbwebb-kurser/mvc/me/report/tests/Adventure/HandleExamineTest.php" tests="3" assertions="9" errors="0" warnings="0" failures="0" skipped="0" time="0.017625">
        <testcase name="testProcessActionExamineItemOnlyInLocation" class="App\Tests\Adventure\HandleExamineTest" classname="App.Tests.Adventure.HandleExamineTest" file="/Users/alex/dbwebb-kurser/mvc/me/report/tests/Adventure/HandleExamineTest.php" line="30" assertions="3" time="0.006882"/>
        <testcase name="testProcessActionExamineItemOnlyInInventory" class="App\Tests\Adventure\HandleExamineTest" classname="App.Tests.Adventure.HandleExamineTest" file="/Users/alex/dbwebb-kurser/mvc/me/report/tests/Adventure/HandleExamineTest.php" line="71" assertions="3" time="0.003193"/>
        <testcase name="testProcessActionExamineItemDefaultResponse" class="App\Tests\Adventure\HandleExamineTest" classname="App.Tests.Adventure.HandleExamineTest" file="/Users/alex/dbwebb-kurser/mvc/me/report/tests/Adventure/HandleExamineTest.php" line="113" assertions="3" time="0.007550"/>
      </testsuite>
      <testsuite name="App\Tests\Adventure\HandleTakeTest" file="/Users/alex/dbwebb-kurser/mvc/me/report/tests/Adventure/HandleTakeTest.php" tests="2" assertions="6" errors="0" warnings="0" failures="0" skipped="0" time="0.012646">
        <testcase name="testProcessActionTakeItem" class="App\Tests\Adventure\HandleTakeTest" classname="App.Tests.Adventure.HandleTakeTest" file="/Users/alex/dbwebb-kurser/mvc/me/report/tests/Adventure/HandleTakeTest.php" line="30" assertions="3" time="0.009070"/>
        <testcase name="testProcessActionTakeItemAlreadyInInventory" class="App\Tests\Adventure\HandleTakeTest" classname="App.Tests.Adventure.HandleTakeTest" file="/Users/alex/dbwebb-kurser/mvc/me/report/tests/Adventure/HandleTakeTest.php" line="80" assertions="3" time="0.003576"/>
      </testsuite>
      <testsuite name="App\Tests\Adventure\HandleUseTest" file="/Users/alex/dbwebb-kurser/mvc/me/report/tests/Adventure/HandleUseTest.php" tests="2" assertions="8" errors="0" warnings="0" failures="0" skipped="0" time="0.015701">
        <testcase name="testProcessActionUseItemOnlyInInventory" class="App\Tests\Adventure\HandleUseTest" classname="App.Tests.Adventure.HandleUseTest" file="/Users/alex/dbwebb-kurser/mvc/me/report/tests/Adventure/HandleUseTest.php" line="31" assertions="5" time="0.012260"/>
        <testcase name="testProcessActionUseItemNotInInventory" class="App\Tests\Adventure\HandleUseTest" classname="App.Tests.Adventure.HandleUseTest" file="/Users/alex/dbwebb-kurser/mvc/me/report/tests/Adventure/HandleUseTest.php" line="92" assertions="3" time="0.003441"/>
      </testsuite>
      <testsuite name="InputActionTest" file="/Users/alex/dbwebb-kurser/mvc/me/report/tests/Adventure/InputActionTest.php" tests="4" assertions="6" errors="0" warnings="0" failures="0" skipped="0" time="0.008365">
        <testcase name="testGetName" class="InputActionTest" classname="InputActionTest" file="/Users/alex/dbwebb-kurser/mvc/me/report/tests/Adventure/InputActionTest.php" line="38" assertions="1" time="0.000852"/>
        <testcase name="testGetTextResponse" class="InputActionTest" classname="InputActionTest" file="/Users/alex/dbwebb-kurser/mvc/me/report/tests/Adventure/InputActionTest.php" line="47" assertions="1" time="0.001096"/>
        <testcase name="testSetAndGetLocationResponse" class="InputActionTest" classname="InputActionTest" file="/Users/alex/dbwebb-kurser/mvc/me/report/tests/Adventure/InputActionTest.php" line="56" assertions="2" time="0.004668"/>
        <testcase name="testSetAndGetRequiredLocation" class="InputActionTest" classname="InputActionTest" file="/Users/alex/dbwebb-kurser/mvc/me/report/tests/Adventure/InputActionTest.php" line="70" assertions="2" time="0.001749"/>
      </testsuite>
      <testsuite name="InventoryTest" file="/Users/alex/dbwebb-kurser/mvc/me/report/tests/Adventure/InventoryTest.php" tests="6" assertions="14" errors="0" warnings="0" failures="0" skipped="0" time="0.017508">
        <testcase name="testGetInventory" class="InventoryTest" classname="InventoryTest" file="/Users/alex/dbwebb-kurser/mvc/me/report/tests/Adventure/InventoryTest.php" line="15" assertions="2" time="0.002941"/>
        <testcase name="testLookInInventory" class="InventoryTest" classname="InventoryTest" file="/Users/alex/dbwebb-kurser/mvc/me/report/tests/Adventure/InventoryTest.php" line="35" assertions="2" time="0.001958"/>
        <testcase name="testGetItem" class="InventoryTest" classname="InventoryTest" file="/Users/alex/dbwebb-kurser/mvc/me/report/tests/Adventure/InventoryTest.php" line="55" assertions="2" time="0.004481"/>
        <testcase name="testHasItem" class="InventoryTest" classname="InventoryTest" file="/Users/alex/dbwebb-kurser/mvc/me/report/tests/Adventure/InventoryTest.php" line="69" assertions="2" time="0.001783"/>
        <testcase name="testAddItem" class="InventoryTest" classname="InventoryTest" file="/Users/alex/dbwebb-kurser/mvc/me/report/tests/Adventure/InventoryTest.php" line="83" assertions="3" time="0.001510"/>
        <testcase name="testRemoveItem" class="InventoryTest" classname="InventoryTest" file="/Users/alex/dbwebb-kurser/mvc/me/report/tests/Adventure/InventoryTest.php" line="100" assertions="3" time="0.004835"/>
      </testsuite>
      <testsuite name="ItemTest" file="/Users/alex/dbwebb-kurser/mvc/me/report/tests/Adventure/ItemTest.php" tests="5" assertions="8" errors="0" warnings="0" failures="0" skipped="0" time="0.013080">
        <testcase name="testGetName" class="ItemTest" classname="ItemTest" file="/Users/alex/dbwebb-kurser/mvc/me/report/tests/Adventure/ItemTest.php" line="30" assertions="1" time="0.001104"/>
        <testcase name="testGetDescription" class="ItemTest" classname="ItemTest" file="/Users/alex/dbwebb-kurser/mvc/me/report/tests/Adventure/ItemTest.php" line="38" assertions="1" time="0.000979"/>
        <testcase name="testAddAction" class="ItemTest" classname="ItemTest" file="/Users/alex/dbwebb-kurser/mvc/me/report/tests/Adventure/ItemTest.php" line="46" assertions="2" time="0.005797"/>
        <testcase name="testHasAction" class="ItemTest" classname="ItemTest" file="/Users/alex/dbwebb-kurser/mvc/me/report/tests/Adventure/ItemTest.php" line="61" assertions="2" time="0.002988"/>
        <testcase name="testGetAction" class="ItemTest" classname="ItemTest" file="/Users/alex/dbwebb-kurser/mvc/me/report/tests/Adventure/ItemTest.php" line="76" assertions="2" time="0.002212"/>
      </testsuite>
      <testsuite name="LocationResponseTest" file="/Users/alex/dbwebb-kurser/mvc/me/report/tests/Adventure/LocationResponseTest.php" tests="2" assertions="2" errors="0" warnings="0" failures="0" skipped="0" time="0.003524">
        <testcase name="testSwapLocationResponse" class="LocationResponseTest" classname="LocationResponseTest" file="/Users/alex/dbwebb-kurser/mvc/me/report/tests/Adventure/LocationResponseTest.php" line="16" assertions="1" time="0.002262"/>
        <testcase name="testMoveLocationResponse" class="LocationResponseTest" classname="LocationResponseTest" file="/Users/alex/dbwebb-kurser/mvc/me/report/tests/Adventure/LocationResponseTest.php" line="37" assertions="1" time="0.001263"/>
      </testsuite>
      <testsuite name="LocationTest" file="/Users/alex/dbwebb-kurser/mvc/me/report/tests/Adventure/LocationTest.php" tests="9" assertions="17" errors="0" warnings="0" failures="0" skipped="0" time="0.024180">
        <testcase name="testGetName" class="LocationTest" classname="LocationTest" file="/Users/alex/dbwebb-kurser/mvc/me/report/tests/Adventure/LocationTest.php" line="31" assertions="1" time="0.003567"/>
        <testcase name="testGetDescription" class="LocationTest" classname="LocationTest" file="/Users/alex/dbwebb-kurser/mvc/me/report/tests/Adventure/LocationTest.php" line="39" assertions="1" time="0.001056"/>
        <testcase name="testGetLocationDetails" class="LocationTest" classname="LocationTest" file="/Users/alex/dbwebb-kurser/mvc/me/report/tests/Adventure/LocationTest.php" line="47" assertions="1" time="0.001202"/>
        <testcase name="testConnectTo" class="LocationTest" classname="LocationTest" file="/Users/alex/dbwebb-kurser/mvc/me/report/tests/Adventure/LocationTest.php" line="55" assertions="3" time="0.003857"/>
        <testcase name="testConnectToThrowsException" class="LocationTest" classname="LocationTest" file="/Users/alex/dbwebb-kurser/mvc/me/report/tests/Adventure/LocationTest.php" line="70" assertions="2" time="0.001742"/>
        <testcase name="testDisconnectFrom" class="LocationTest" classname="LocationTest" file="/Users/alex/dbwebb-kurser/mvc/me/report/tests/Adventure/LocationTest.php" line="87" assertions="2" time="0.001665"/>
        <testcase name="testAddItemAndGetItems" class="LocationTest" classname="LocationTest" file="/Users/alex/dbwebb-kurser/mvc/me/report/tests/Adventure/LocationTest.php" line="102" assertions="2" time="0.002156"/>
        <testcase name="testAddItemAndGetItem" class="LocationTest" classname="LocationTest" file="/Users/alex/dbwebb-kurser/mvc/me/report/tests/Adventure/LocationTest.php" line="122" assertions="3" time="0.006415"/>
        <testcase name="testHasItem" class="LocationTest" classname="LocationTest" file="/Users/alex/dbwebb-kurser/mvc/me/report/tests/Adventure/LocationTest.php" line="143" assertions="2" time="0.002520"/>
      </testsuite>
      <testsuite name="LogTest" file="/Users/alex/dbwebb-kurser/mvc/me/report/tests/Adventure/LogTest.php" tests="3" assertions="4" errors="0" warnings="0" failures="0" skipped="0" time="0.007674">
        <testcase name="testAddEntryAndGetEntries" class="LogTest" classname="LogTest" file="/Users/alex/dbwebb-kurser/mvc/me/report/tests/Adventure/LogTest.php" line="14" assertions="2" time="0.004825"/>
        <testcase name="testAddBulkEntry" class="LogTest" classname="LogTest" file="/Users/alex/dbwebb-kurser/mvc/me/report/tests/Adventure/LogTest.php" line="34" assertions="1" time="0.001865"/>
        <testcase name="testDump" class="LogTest" classname="LogTest" file="/Users/alex/dbwebb-kurser/mvc/me/report/tests/Adventure/LogTest.php" line="49" assertions="1" time="0.000984"/>
      </testsuite>
      <testsuite name="App\Card\CardTest" file="/Users/alex/dbwebb-kurser/mvc/me/report/tests/Card/CardTest.php" tests="5" assertions="5" errors="0" warnings="0" failures="0" skipped="0" time="0.021178">
        <testcase name="testCreateCard" class="App\Card\CardTest" classname="App.Card.CardTest" file="/Users/alex/dbwebb-kurser/mvc/me/report/tests/Card/CardTest.php" line="16" assertions="1" time="0.011230"/>
        <testcase name="testGetRank" class="App\Card\CardTest" classname="App.Card.CardTest" file="/Users/alex/dbwebb-kurser/mvc/me/report/tests/Card/CardTest.php" line="28" assertions="1" time="0.001984"/>
        <testcase name="testGetSuit" class="App\Card\CardTest" classname="App.Card.CardTest" file="/Users/alex/dbwebb-kurser/mvc/me/report/tests/Card/CardTest.php" line="39" assertions="1" time="0.001771"/>
        <testcase name="testCardToString" class="App\Card\CardTest" classname="App.Card.CardTest" file="/Users/alex/dbwebb-kurser/mvc/me/report/tests/Card/CardTest.php" line="50" assertions="1" time="0.000927"/>
        <testcase name="testCardGraphicToString" class="App\Card\CardTest" classname="App.Card.CardTest" file="/Users/alex/dbwebb-kurser/mvc/me/report/tests/Card/CardTest.php" line="61" assertions="1" time="0.005266"/>
      </testsuite>
      <testsuite name="App\Card\DeckOfCardsTest" file="/Users/alex/dbwebb-kurser/mvc/me/report/tests/Card/DeckOfCardsTest.php" tests="11" assertions="14" errors="0" warnings="0" failures="0" skipped="0" time="0.036179">
        <testcase name="testCreateDeckNoArgument" class="App\Card\DeckOfCardsTest" classname="App.Card.DeckOfCardsTest" file="/Users/alex/dbwebb-kurser/mvc/me/report/tests/Card/DeckOfCardsTest.php" line="15" assertions="2" time="0.006860"/>
        <testcase name="testCreateDeckWithArgument" class="App\Card\DeckOfCardsTest" classname="App.Card.DeckOfCardsTest" file="/Users/alex/dbwebb-kurser/mvc/me/report/tests/Card/DeckOfCardsTest.php" line="27" assertions="1" time="0.001836"/>
        <testcase name="testCreateEmptyDeck" class="App\Card\DeckOfCardsTest" classname="App.Card.DeckOfCardsTest" file="/Users/alex/dbwebb-kurser/mvc/me/report/tests/Card/DeckOfCardsTest.php" line="42" assertions="1" time="0.001999"/>
        <testcase name="testAddCard" class="App\Card\DeckOfCardsTest" classname="App.Card.DeckOfCardsTest" file="/Users/alex/dbwebb-kurser/mvc/me/report/tests/Card/DeckOfCardsTest.php" line="52" assertions="1" time="0.001261"/>
        <testcase name="testGetCardsAsString" class="App\Card\DeckOfCardsTest" classname="App.Card.DeckOfCardsTest" file="/Users/alex/dbwebb-kurser/mvc/me/report/tests/Card/DeckOfCardsTest.php" line="71" assertions="1" time="0.003101"/>
        <testcase name="testGetCardValues" class="App\Card\DeckOfCardsTest" classname="App.Card.DeckOfCardsTest" file="/Users/alex/dbwebb-kurser/mvc/me/report/tests/Card/DeckOfCardsTest.php" line="90" assertions="1" time="0.001445"/>
        <testcase name="testGetCardCount" class="App\Card\DeckOfCardsTest" classname="App.Card.DeckOfCardsTest" file="/Users/alex/dbwebb-kurser/mvc/me/report/tests/Card/DeckOfCardsTest.php" line="108" assertions="1" time="0.002003"/>
        <testcase name="testDrawSingleCardIsSame" class="App\Card\DeckOfCardsTest" classname="App.Card.DeckOfCardsTest" file="/Users/alex/dbwebb-kurser/mvc/me/report/tests/Card/DeckOfCardsTest.php" line="121" assertions="2" time="0.002243"/>
        <testcase name="testDrawMultipleCardsCountOk" class="App\Card\DeckOfCardsTest" classname="App.Card.DeckOfCardsTest" file="/Users/alex/dbwebb-kurser/mvc/me/report/tests/Card/DeckOfCardsTest.php" line="134" assertions="2" time="0.001933"/>
        <testcase name="testDrawMultipleCardsOrderIsOk" class="App\Card\DeckOfCardsTest" classname="App.Card.DeckOfCardsTest" file="/Users/alex/dbwebb-kurser/mvc/me/report/tests/Card/DeckOfCardsTest.php" line="148" assertions="1" time="0.001711"/>
        <testcase name="testShuffleCards" class="App\Card\DeckOfCardsTest" classname="App.Card.DeckOfCardsTest" file="/Users/alex/dbwebb-kurser/mvc/me/report/tests/Card/DeckOfCardsTest.php" line="164" assertions="1" time="0.011787"/>
      </testsuite>
      <testsuite name="App\Tests\Command\ImportDataFromCsvCommandTest" file="/Users/alex/dbwebb-kurser/mvc/me/report/tests/Command/ImportDataFromCsvCommandTest.php" tests="4" assertions="10" errors="0" warnings="0" failures="0" skipped="0" time="1.461353">
        <testcase name="testExecute" class="App\Tests\Command\ImportDataFromCsvCommandTest" classname="App.Tests.Command.ImportDataFromCsvCommandTest" file="/Users/alex/dbwebb-kurser/mvc/me/report/tests/Command/ImportDataFromCsvCommandTest.php" line="35" assertions="4" time="1.434255"/>
        <testcase name="testExecuteWithNonExistentCsvFile" class="App\Tests\Command\ImportDataFromCsvCommandTest" classname="App.Tests.Command.ImportDataFromCsvCommandTest" file="/Users/alex/dbwebb-kurser/mvc/me/report/tests/Command/ImportDataFromCsvCommandTest.php" line="67" assertions="2" time="0.010634"/>
        <testcase name="testExecuteWithNonExistentEntityManager" class="App\Tests\Command\ImportDataFromCsvCommandTest" classname="App.Tests.Command.ImportDataFromCsvCommandTest" file="/Users/alex/dbwebb-kurser/mvc/me/report/tests/Command/ImportDataFromCsvCommandTest.php" line="92" assertions="2" time="0.007478"/>
        <testcase name="testExecuteWithNoEntityClassFound" class="App\Tests\Command\ImportDataFromCsvCommandTest" classname="App.Tests.Command.ImportDataFromCsvCommandTest" file="/Users/alex/dbwebb-kurser/mvc/me/report/tests/Command/ImportDataFromCsvCommandTest.php" line="114" assertions="2" time="0.008986"/>
      </testsuite>
      <testsuite name="App\Tests\Controller\AdventureControllerTest" file="/Users/alex/dbwebb-kurser/mvc/me/report/tests/Controller/AdventureControllerTest.php" tests="5" assertions="20" errors="0" warnings="0" failures="0" skipped="0" time="0.949804">
        <testcase name="testStart" class="App\Tests\Controller\AdventureControllerTest" classname="App.Tests.Controller.AdventureControllerTest" file="/Users/alex/dbwebb-kurser/mvc/me/report/tests/Controller/AdventureControllerTest.php" line="46" assertions="3" time="0.778330"/>
        <testcase name="testInit" class="App\Tests\Controller\AdventureControllerTest" classname="App.Tests.Controller.AdventureControllerTest" file="/Users/alex/dbwebb-kurser/mvc/me/report/tests/Controller/AdventureControllerTest.php" line="58" assertions="3" time="0.064816"/>
        <testcase name="testRenderLocation" class="App\Tests\Controller\AdventureControllerTest" classname="App.Tests.Controller.AdventureControllerTest" file="/Users/alex/dbwebb-kurser/mvc/me/report/tests/Controller/AdventureControllerTest.php" line="70" assertions="3" time="0.028714"/>
        <testcase name="testPerformAction" class="App\Tests\Controller\AdventureControllerTest" classname="App.Tests.Controller.AdventureControllerTest" file="/Users/alex/dbwebb-kurser/mvc/me/report/tests/Controller/AdventureControllerTest.php" line="96" assertions="8" time="0.056041"/>
        <testcase name="testActionRouteWithResetSessionRedirect" class="App\Tests\Controller\AdventureControllerTest" classname="App.Tests.Controller.AdventureControllerTest" file="/Users/alex/dbwebb-kurser/mvc/me/report/tests/Controller/AdventureControllerTest.php" line="134" assertions="3" time="0.021903"/>
      </testsuite>
      <testsuite name="ProjectControllerJsonTest" file="/Users/alex/dbwebb-kurser/mvc/me/report/tests/Controller/ProjectControllerJsonTest.php" tests="13" assertions="50" errors="0" warnings="0" failures="0" skipped="0" time="0.509714">
        <testcase name="testLocations" class="ProjectControllerJsonTest" classname="ProjectControllerJsonTest" file="/Users/alex/dbwebb-kurser/mvc/me/report/tests/Controller/ProjectControllerJsonTest.php" line="31" assertions="4" time="0.161711"/>
        <testcase name="testLocationsNotFound" class="ProjectControllerJsonTest" classname="ProjectControllerJsonTest" file="/Users/alex/dbwebb-kurser/mvc/me/report/tests/Controller/ProjectControllerJsonTest.php" line="50" assertions="4" time="0.021831"/>
        <testcase name="testLocationById" class="ProjectControllerJsonTest" classname="ProjectControllerJsonTest" file="/Users/alex/dbwebb-kurser/mvc/me/report/tests/Controller/ProjectControllerJsonTest.php" line="73" assertions="3" time="0.027181"/>
        <testcase name="testLocationByIdNotFound" class="ProjectControllerJsonTest" classname="ProjectControllerJsonTest" file="/Users/alex/dbwebb-kurser/mvc/me/report/tests/Controller/ProjectControllerJsonTest.php" line="98" assertions="4" time="0.023995"/>
        <testcase name="testItems" class="ProjectControllerJsonTest" classname="ProjectControllerJsonTest" file="/Users/alex/dbwebb-kurser/mvc/me/report/tests/Controller/ProjectControllerJsonTest.php" line="117" assertions="4" time="0.053517"/>
        <testcase name="testItemsNotFound" class="ProjectControllerJsonTest" classname="ProjectControllerJsonTest" file="/Users/alex/dbwebb-kurser/mvc/me/report/tests/Controller/ProjectControllerJsonTest.php" line="136" assertions="4" time="0.029273"/>
        <testcase name="testItemById" class="ProjectControllerJsonTest" classname="ProjectControllerJsonTest" file="/Users/alex/dbwebb-kurser/mvc/me/report/tests/Controller/ProjectControllerJsonTest.php" line="159" assertions="3" time="0.024419"/>
        <testcase name="testItemByIdNotFound" class="ProjectControllerJsonTest" classname="ProjectControllerJsonTest" file="/Users/alex/dbwebb-kurser/mvc/me/report/tests/Controller/ProjectControllerJsonTest.php" line="184" assertions="4" time="0.020126"/>
        <testcase name="testLog" class="ProjectControllerJsonTest" classname="ProjectControllerJsonTest" file="/Users/alex/dbwebb-kurser/mvc/me/report/tests/Controller/ProjectControllerJsonTest.php" line="200" assertions="4" time="0.025685"/>
        <testcase name="testLogNoEntriesFound" class="ProjectControllerJsonTest" classname="ProjectControllerJsonTest" file="/Users/alex/dbwebb-kurser/mvc/me/report/tests/Controller/ProjectControllerJsonTest.php" line="227" assertions="4" time="0.024747"/>
        <testcase name="testConnect" class="ProjectControllerJsonTest" classname="ProjectControllerJsonTest" file="/Users/alex/dbwebb-kurser/mvc/me/report/tests/Controller/ProjectControllerJsonTest.php" line="257" assertions="4" time="0.054394"/>
        <testcase name="testConnectSameLocation" class="ProjectControllerJsonTest" classname="ProjectControllerJsonTest" file="/Users/alex/dbwebb-kurser/mvc/me/report/tests/Controller/ProjectControllerJsonTest.php" line="280" assertions="4" time="0.021894"/>
        <testcase name="testConnectConnectionAlreadyExists" class="ProjectControllerJsonTest" classname="ProjectControllerJsonTest" file="/Users/alex/dbwebb-kurser/mvc/me/report/tests/Controller/ProjectControllerJsonTest.php" line="303" assertions="4" time="0.020941"/>
      </testsuite>
      <testsuite name="App\Tests\Controller\TwentyOneGameControllerTest" file="/Users/alex/dbwebb-kurser/mvc/me/report/tests/Controller/TwentyOneGameControllerTest.php" tests="9" assertions="8" errors="0" warnings="0" failures="0" skipped="5" time="0.131460">
        <testcase name="testIndex" class="App\Tests\Controller\TwentyOneGameControllerTest" classname="App.Tests.Controller.TwentyOneGameControllerTest" file="/Users/alex/dbwebb-kurser/mvc/me/report/tests/Controller/TwentyOneGameControllerTest.php" line="18" assertions="0" time="0.002582">
          <skipped/>
        </testcase>
        <testsuite name="App\Tests\Controller\TwentyOneGameControllerTest::testInitBankerSuccess" tests="3" assertions="0" errors="0" warnings="0" failures="0" skipped="3" time="0.003311">
          <testcase name="testInitBankerSuccess with data set &quot;Easy Banker&quot;" class="App\Tests\Controller\TwentyOneGameControllerTest" classname="App.Tests.Controller.TwentyOneGameControllerTest" file="/Users/alex/dbwebb-kurser/mvc/me/report/tests/Controller/TwentyOneGameControllerTest.php" line="50" assertions="0" time="0.001229">
            <skipped/>
          </testcase>
          <testcase name="testInitBankerSuccess with data set &quot;Medium Banker&quot;" class="App\Tests\Controller\TwentyOneGameControllerTest" classname="App.Tests.Controller.TwentyOneGameControllerTest" file="/Users/alex/dbwebb-kurser/mvc/me/report/tests/Controller/TwentyOneGameControllerTest.php" line="50" assertions="0" time="0.000956">
            <skipped/>
          </testcase>
          <testcase name="testInitBankerSuccess with data set &quot;Hard Banker&quot;" class="App\Tests\Controller\TwentyOneGameControllerTest" classname="App.Tests.Controller.TwentyOneGameControllerTest" file="/Users/alex/dbwebb-kurser/mvc/me/report/tests/Controller/TwentyOneGameControllerTest.php" line="50" assertions="0" time="0.001126">
            <skipped/>
          </testcase>
        </testsuite>
        <testcase name="testInitBankerFail" class="App\Tests\Controller\TwentyOneGameControllerTest" classname="App.Tests.Controller.TwentyOneGameControllerTest" file="/Users/alex/dbwebb-kurser/mvc/me/report/tests/Controller/TwentyOneGameControllerTest.php" line="71" assertions="0" time="0.001150">
          <skipped/>
        </testcase>
        <testsuite name="App\Tests\Controller\TwentyOneGameControllerTest::testStay" tests="2" assertions="4" errors="0" warnings="0" failures="0" skipped="0" time="0.069922">
          <testcase name="testStay with data set &quot;Banker wins&quot;" class="App\Tests\Controller\TwentyOneGameControllerTest" classname="App.Tests.Controller.TwentyOneGameControllerTest" file="/Users/alex/dbwebb-kurser/mvc/me/report/tests/Controller/TwentyOneGameControllerTest.php" line="105" assertions="2" time="0.036837"/>
          <testcase name="testStay with data set &quot;Player wins&quot;" class="App\Tests\Controller\TwentyOneGameControllerTest" classname="App.Tests.Controller.TwentyOneGameControllerTest" file="/Users/alex/dbwebb-kurser/mvc/me/report/tests/Controller/TwentyOneGameControllerTest.php" line="105" assertions="2" time="0.033085"/>
        </testsuite>
        <testsuite name="App\Tests\Controller\TwentyOneGameControllerTest::testHit" tests="2" assertions="4" errors="0" warnings="0" failures="0" skipped="0" time="0.054495">
          <testcase name="testHit with data set &quot;Banker wins&quot;" class="App\Tests\Controller\TwentyOneGameControllerTest" classname="App.Tests.Controller.TwentyOneGameControllerTest" file="/Users/alex/dbwebb-kurser/mvc/me/report/tests/Controller/TwentyOneGameControllerTest.php" line="152" assertions="2" time="0.027458"/>
          <testcase name="testHit with data set &quot;Player wins&quot;" class="App\Tests\Controller\TwentyOneGameControllerTest" classname="App.Tests.Controller.TwentyOneGameControllerTest" file="/Users/alex/dbwebb-kurser/mvc/me/report/tests/Controller/TwentyOneGameControllerTest.php" line="152" assertions="2" time="0.027037"/>
        </testsuite>
      </testsuite>
      <testsuite name="App\Game\BettingManagerTest" file="/Users/alex/dbwebb-kurser/mvc/me/report/tests/Game/BettingManagerTest.php" tests="7" assertions="11" errors="0" warnings="0" failures="0" skipped="0" time="0.006738">
        <testcase name="testCreateBettingManagerNoArguments" class="App\Game\BettingManagerTest" classname="App.Game.BettingManagerTest" file="/Users/alex/dbwebb-kurser/mvc/me/report/tests/Game/BettingManagerTest.php" line="15" assertions="3" time="0.001383"/>
        <testcase name="testCreateBettingManagerWithArgumentsOk" class="App\Game\BettingManagerTest" classname="App.Game.BettingManagerTest" file="/Users/alex/dbwebb-kurser/mvc/me/report/tests/Game/BettingManagerTest.php" line="27" assertions="3" time="0.000928"/>
        <testsuite name="App\Game\BettingManagerTest::testCreateBettingManagerWithArgumentsRaisesException" tests="3" assertions="3" errors="0" warnings="0" failures="0" skipped="0" time="0.002722">
          <testcase name="testCreateBettingManagerWithArgumentsRaisesException with data set &quot;step larger than max&quot;" class="App\Game\BettingManagerTest" classname="App.Game.BettingManagerTest" file="/Users/alex/dbwebb-kurser/mvc/me/report/tests/Game/BettingManagerTest.php" line="55" assertions="1" time="0.000967"/>
          <testcase name="testCreateBettingManagerWithArgumentsRaisesException with data set &quot;step smaller than 1&quot;" class="App\Game\BettingManagerTest" classname="App.Game.BettingManagerTest" file="/Users/alex/dbwebb-kurser/mvc/me/report/tests/Game/BettingManagerTest.php" line="55" assertions="1" time="0.000858"/>
          <testcase name="testCreateBettingManagerWithArgumentsRaisesException with data set &quot;max not divisible by step&quot;" class="App\Game\BettingManagerTest" classname="App.Game.BettingManagerTest" file="/Users/alex/dbwebb-kurser/mvc/me/report/tests/Game/BettingManagerTest.php" line="55" assertions="1" time="0.000896"/>
        </testsuite>
        <testcase name="testIsBettingFalse" class="App\Game\BettingManagerTest" classname="App.Game.BettingManagerTest" file="/Users/alex/dbwebb-kurser/mvc/me/report/tests/Game/BettingManagerTest.php" line="64" assertions="1" time="0.000883"/>
        <testcase name="testSetBettingTrue" class="App\Game\BettingManagerTest" classname="App.Game.BettingManagerTest" file="/Users/alex/dbwebb-kurser/mvc/me/report/tests/Game/BettingManagerTest.php" line="73" assertions="1" time="0.000822"/>
      </testsuite>
      <testsuite name="App\Game\EasyBankerTest" file="/Users/alex/dbwebb-kurser/mvc/me/report/tests/Game/EasyBankerTest.php" tests="3" assertions="3" errors="0" warnings="0" failures="0" skipped="0" time="0.032281">
        <testsuite name="App\Game\EasyBankerTest::testKeepHitting" tests="3" assertions="3" errors="0" warnings="0" failures="0" skipped="0" time="0.032281">
          <testcase name="testKeepHitting with data set &quot;add 5 and 7 (under 17)&quot;" class="App\Game\EasyBankerTest" classname="App.Game.EasyBankerTest" file="/Users/alex/dbwebb-kurser/mvc/me/report/tests/Game/EasyBankerTest.php" line="31" assertions="1" time="0.029105"/>
          <testcase name="testKeepHitting with data set &quot;add 10 and 7 (exactly 17)&quot;" class="App\Game\EasyBankerTest" classname="App.Game.EasyBankerTest" file="/Users/alex/dbwebb-kurser/mvc/me/report/tests/Game/EasyBankerTest.php" line="31" assertions="1" time="0.001499"/>
          <testcase name="testKeepHitting with data set &quot;add 10, 5 and 7 (over 17)&quot;" class="App\Game\EasyBankerTest" classname="App.Game.EasyBankerTest" file="/Users/alex/dbwebb-kurser/mvc/me/report/tests/Game/EasyBankerTest.php" line="31" assertions="1" time="0.001677"/>
        </testsuite>
      </testsuite>
      <testsuite name="App\Game\GameHasWonTest" file="/Users/alex/dbwebb-kurser/mvc/me/report/tests/Game/GameHasWonTest.php" tests="6" assertions="6" errors="0" warnings="0" failures="0" skipped="0" time="0.010938">
        <testsuite name="App\Game\GameHasWonTest::testCheckPlayerWon" tests="2" assertions="2" errors="0" warnings="0" failures="0" skipped="0" time="0.004675">
          <testcase name="testCheckPlayerWon with data set &quot;Player over 21 — Banker wins&quot;" class="App\Game\GameHasWonTest" classname="App.Game.GameHasWonTest" file="/Users/alex/dbwebb-kurser/mvc/me/report/tests/Game/GameHasWonTest.php" line="75" assertions="1" time="0.003218"/>
          <testcase name="testCheckPlayerWon with data set &quot;Player scores 21 — Player wins&quot;" class="App\Game\GameHasWonTest" classname="App.Game.GameHasWonTest" file="/Users/alex/dbwebb-kurser/mvc/me/report/tests/Game/GameHasWonTest.php" line="75" assertions="1" time="0.001457"/>
        </testsuite>
        <testsuite name="App\Game\GameHasWonTest::testCheckBankerWon" tests="4" assertions="4" errors="0" warnings="0" failures="0" skipped="0" time="0.006263">
          <testcase name="testCheckBankerWon with data set &quot;Banker over 21 — Player wins&quot;" class="App\Game\GameHasWonTest" classname="App.Game.GameHasWonTest" file="/Users/alex/dbwebb-kurser/mvc/me/report/tests/Game/GameHasWonTest.php" line="116" assertions="1" time="0.001464"/>
          <testcase name="testCheckBankerWon with data set &quot;Player over banker — Player wins&quot;" class="App\Game\GameHasWonTest" classname="App.Game.GameHasWonTest" file="/Users/alex/dbwebb-kurser/mvc/me/report/tests/Game/GameHasWonTest.php" line="116" assertions="1" time="0.001708"/>
          <testcase name="testCheckBankerWon with data set &quot;Banker over player — Banker wins&quot;" class="App\Game\GameHasWonTest" classname="App.Game.GameHasWonTest" file="/Users/alex/dbwebb-kurser/mvc/me/report/tests/Game/GameHasWonTest.php" line="116" assertions="1" time="0.001599"/>
          <testcase name="testCheckBankerWon with data set &quot;Banker equal player — Banker wins&quot;" class="App\Game\GameHasWonTest" classname="App.Game.GameHasWonTest" file="/Users/alex/dbwebb-kurser/mvc/me/report/tests/Game/GameHasWonTest.php" line="116" assertions="1" time="0.001492"/>
        </testsuite>
      </testsuite>
      <testsuite name="App\Game\GameManagerBankerTest" file="/Users/alex/dbwebb-kurser/mvc/me/report/tests/Game/GameManagerBankerTest.php" tests="1" assertions="3" errors="0" warnings="0" failures="0" skipped="0" time="0.001796">
        <testcase name="testDealBanker" class="App\Game\GameManagerBankerTest" classname="App.Game.GameManagerBankerTest" file="/Users/alex/dbwebb-kurser/mvc/me/report/tests/Game/GameManagerBankerTest.php" line="29" assertions="3" time="0.001796"/>
      </testsuite>
      <testsuite name="App\Game\GameManagerPlayerTest" file="/Users/alex/dbwebb-kurser/mvc/me/report/tests/Game/GameManagerPlayerTest.php" tests="8" assertions="15" errors="0" warnings="0" failures="0" skipped="0" time="0.021247">
        <testsuite name="App\Game\GameManagerPlayerTest::testDealPlayer" tests="3" assertions="9" errors="0" warnings="0" failures="0" skipped="0" time="0.009920">
          <testcase name="testDealPlayer with data set &quot;Deal 1 card (sum 13)&quot;" class="App\Game\GameManagerPlayerTest" classname="App.Game.GameManagerPlayerTest" file="/Users/alex/dbwebb-kurser/mvc/me/report/tests/Game/GameManagerPlayerTest.php" line="45" assertions="3" time="0.005332"/>
          <testcase name="testDealPlayer with data set &quot;Deal 2 cards (sum 25)&quot;" class="App\Game\GameManagerPlayerTest" classname="App.Game.GameManagerPlayerTest" file="/Users/alex/dbwebb-kurser/mvc/me/report/tests/Game/GameManagerPlayerTest.php" line="45" assertions="3" time="0.002404"/>
          <testcase name="testDealPlayer with data set &quot;Deal 3 cards (sum 36)&quot;" class="App\Game\GameManagerPlayerTest" classname="App.Game.GameManagerPlayerTest" file="/Users/alex/dbwebb-kurser/mvc/me/report/tests/Game/GameManagerPlayerTest.php" line="45" assertions="3" time="0.002184"/>
        </testsuite>
        <testsuite name="App\Game\GameManagerPlayerTest::testGetPlayerBurstRisk" tests="4" assertions="4" errors="0" warnings="0" failures="0" skipped="0" time="0.010085">
          <testcase name="testGetPlayerBurstRisk with data set &quot;No card will put the player over 21 — 0% risk&quot;" class="App\Game\GameManagerPlayerTest" classname="App.Game.GameManagerPlayerTest" file="/Users/alex/dbwebb-kurser/mvc/me/report/tests/Game/GameManagerPlayerTest.php" line="91" assertions="1" time="0.003608"/>
          <testcase name="testGetPlayerBurstRisk with data set &quot;1 of 4 cards will put player over 21 - 25% risk&quot;" class="App\Game\GameManagerPlayerTest" classname="App.Game.GameManagerPlayerTest" file="/Users/alex/dbwebb-kurser/mvc/me/report/tests/Game/GameManagerPlayerTest.php" line="91" assertions="1" time="0.001911"/>
          <testcase name="testGetPlayerBurstRisk with data set &quot;1 of 2 cards will put player over 21 - 50% risk&quot;" class="App\Game\GameManagerPlayerTest" classname="App.Game.GameManagerPlayerTest" file="/Users/alex/dbwebb-kurser/mvc/me/report/tests/Game/GameManagerPlayerTest.php" line="91" assertions="1" time="0.002183"/>
          <testcase name="testGetPlayerBurstRisk with data set &quot;All cards will put player over 21 - 100% risk&quot;" class="App\Game\GameManagerPlayerTest" classname="App.Game.GameManagerPlayerTest" file="/Users/alex/dbwebb-kurser/mvc/me/report/tests/Game/GameManagerPlayerTest.php" line="91" assertions="1" time="0.002382"/>
        </testsuite>
        <testcase name="testSetAssistanceMode" class="App\Game\GameManagerPlayerTest" classname="App.Game.GameManagerPlayerTest" file="/Users/alex/dbwebb-kurser/mvc/me/report/tests/Game/GameManagerPlayerTest.php" line="116" assertions="2" time="0.001242"/>
      </testsuite>
      <testsuite name="App\Game\HardBankerTest" file="/Users/alex/dbwebb-kurser/mvc/me/report/tests/Game/HardBankerTest.php" tests="3" assertions="3" errors="0" warnings="0" failures="0" skipped="0" time="0.010634">
        <testsuite name="App\Game\HardBankerTest::testKeepHitting" tests="3" assertions="3" errors="0" warnings="0" failures="0" skipped="0" time="0.010634">
          <testcase name="testKeepHitting with data set &quot;add 5 and 7 (less than player)&quot;" class="App\Game\HardBankerTest" classname="App.Game.HardBankerTest" file="/Users/alex/dbwebb-kurser/mvc/me/report/tests/Game/HardBankerTest.php" line="32" assertions="1" time="0.006132"/>
          <testcase name="testKeepHitting with data set &quot;add 10 and 8 (same as player)&quot;" class="App\Game\HardBankerTest" classname="App.Game.HardBankerTest" file="/Users/alex/dbwebb-kurser/mvc/me/report/tests/Game/HardBankerTest.php" line="32" assertions="1" time="0.001929"/>
          <testcase name="testKeepHitting with data set &quot;add 7, 3 and 6 (more than player)&quot;" class="App\Game\HardBankerTest" classname="App.Game.HardBankerTest" file="/Users/alex/dbwebb-kurser/mvc/me/report/tests/Game/HardBankerTest.php" line="32" assertions="1" time="0.002574"/>
        </testsuite>
      </testsuite>
      <testsuite name="App\Game\MediumBankerTest" file="/Users/alex/dbwebb-kurser/mvc/me/report/tests/Game/MediumBankerTest.php" tests="8" assertions="8" errors="0" warnings="0" failures="0" skipped="0" time="0.029344">
        <testsuite name="App\Game\MediumBankerTest::testKeepHitting" tests="6" assertions="6" errors="0" warnings="0" failures="0" skipped="0" time="0.020972">
          <testcase name="testKeepHitting with data set &quot;add 3 and 4 (no risk of bursting)&quot;" class="App\Game\MediumBankerTest" classname="App.Game.MediumBankerTest" file="/Users/alex/dbwebb-kurser/mvc/me/report/tests/Game/MediumBankerTest.php" line="34" assertions="1" time="0.005240"/>
          <testcase name="testKeepHitting with data set &quot;add 4, 4 and 3 (low (≈ 24%) risk of bursting)&quot;" class="App\Game\MediumBankerTest" classname="App.Game.MediumBankerTest" file="/Users/alex/dbwebb-kurser/mvc/me/report/tests/Game/MediumBankerTest.php" line="34" assertions="1" time="0.003810"/>
          <testcase name="testKeepHitting with data set &quot;add 5, 5, and 4 (≈ 49% risk of bursting)&quot;" class="App\Game\MediumBankerTest" classname="App.Game.MediumBankerTest" file="/Users/alex/dbwebb-kurser/mvc/me/report/tests/Game/MediumBankerTest.php" line="34" assertions="1" time="0.002530"/>
          <testcase name="testKeepHitting with data set &quot;add 2, 3, 4 and 5 (50% risk of bursting)&quot;" class="App\Game\MediumBankerTest" classname="App.Game.MediumBankerTest" file="/Users/alex/dbwebb-kurser/mvc/me/report/tests/Game/MediumBankerTest.php" line="34" assertions="1" time="0.002561"/>
          <testcase name="testKeepHitting with data set &quot;add 3, 3, 3, 4 and 1 (≈ 51% risk of bursting)&quot;" class="App\Game\MediumBankerTest" classname="App.Game.MediumBankerTest" file="/Users/alex/dbwebb-kurser/mvc/me/report/tests/Game/MediumBankerTest.php" line="34" assertions="1" time="0.004716"/>
          <testcase name="testKeepHitting with data set &quot;add 10 and 9 (high (84 %) risk of bursting)&quot;" class="App\Game\MediumBankerTest" classname="App.Game.MediumBankerTest" file="/Users/alex/dbwebb-kurser/mvc/me/report/tests/Game/MediumBankerTest.php" line="34" assertions="1" time="0.002115"/>
        </testsuite>
        <testsuite name="App\Game\MediumBankerTest::testKeepHittingCardsRemoved" tests="2" assertions="2" errors="0" warnings="0" failures="0" skipped="0" time="0.008372">
          <testcase name="testKeepHittingCardsRemoved with data set &quot;remove 10 and 5, add 6 and 8 (≈ 46% risk of bursting)&quot;" class="App\Game\MediumBankerTest" classname="App.Game.MediumBankerTest" file="/Users/alex/dbwebb-kurser/mvc/me/report/tests/Game/MediumBankerTest.php" line="69" assertions="1" time="0.003540"/>
          <testcase name="testKeepHittingCardsRemoved with data set &quot;remove 7, 8 and 9, add 4, 5 and 6 (≈ 54% risk of bursting)&quot;" class="App\Game\MediumBankerTest" classname="App.Game.MediumBankerTest" file="/Users/alex/dbwebb-kurser/mvc/me/report/tests/Game/MediumBankerTest.php" line="69" assertions="1" time="0.004832"/>
        </testsuite>
      </testsuite>
      <testsuite name="App\Game\PlaceBetTest" file="/Users/alex/dbwebb-kurser/mvc/me/report/tests/Game/PlaceBetTest.php" tests="6" assertions="12" errors="0" warnings="0" failures="0" skipped="0" time="0.008247">
        <testsuite name="App\Game\PlaceBetTest::testPlaceBet" tests="3" assertions="9" errors="0" warnings="0" failures="0" skipped="0" time="0.003074">
          <testcase name="testPlaceBet with data set &quot;bet ok&quot;" class="App\Game\PlaceBetTest" classname="App.Game.PlaceBetTest" file="/Users/alex/dbwebb-kurser/mvc/me/report/tests/Game/PlaceBetTest.php" line="33" assertions="3" time="0.001055"/>
          <testcase name="testPlaceBet with data set &quot;bet not ok — not enough coins&quot;" class="App\Game\PlaceBetTest" classname="App.Game.PlaceBetTest" file="/Users/alex/dbwebb-kurser/mvc/me/report/tests/Game/PlaceBetTest.php" line="33" assertions="3" time="0.001034"/>
          <testcase name="testPlaceBet with data set &quot;bet not ok — incorrect step&quot;" class="App\Game\PlaceBetTest" classname="App.Game.PlaceBetTest" file="/Users/alex/dbwebb-kurser/mvc/me/report/tests/Game/PlaceBetTest.php" line="33" assertions="3" time="0.000985"/>
        </testsuite>
        <testsuite name="App\Game\PlaceBetTest::testPlaceBetGetStake" tests="2" assertions="2" errors="0" warnings="0" failures="0" skipped="0" time="0.002250">
          <testcase name="testPlaceBetGetStake with data set &quot;bet ok - update stake &quot;" class="App\Game\PlaceBetTest" classname="App.Game.PlaceBetTest" file="/Users/alex/dbwebb-kurser/mvc/me/report/tests/Game/PlaceBetTest.php" line="64" assertions="1" time="0.001245"/>
          <testcase name="testPlaceBetGetStake with data set &quot;bet not ok — do not update stake&quot;" class="App\Game\PlaceBetTest" classname="App.Game.PlaceBetTest" file="/Users/alex/dbwebb-kurser/mvc/me/report/tests/Game/PlaceBetTest.php" line="64" assertions="1" time="0.001005"/>
        </testsuite>
        <testcase name="testBankerCannotMatchBet" class="App\Game\PlaceBetTest" classname="App.Game.PlaceBetTest" file="/Users/alex/dbwebb-kurser/mvc/me/report/tests/Game/PlaceBetTest.php" line="75" assertions="1" time="0.002923"/>
      </testsuite>
      <testsuite name="App\Game\ReceiverTest" file="/Users/alex/dbwebb-kurser/mvc/me/report/tests/Game/ReceiverTest.php" tests="5" assertions="8" errors="0" warnings="0" failures="0" skipped="0" time="0.015883">
        <testsuite name="App\Game\ReceiverTest::testReceiveCardsScoreOk" tests="3" assertions="3" errors="0" warnings="0" failures="0" skipped="0" time="0.006502">
          <testcase name="testReceiveCardsScoreOk with data set &quot;add 5, 2 and 3&quot;" class="App\Game\ReceiverTest" classname="App.Game.ReceiverTest" file="/Users/alex/dbwebb-kurser/mvc/me/report/tests/Game/ReceiverTest.php" line="31" assertions="1" time="0.002295"/>
          <testcase name="testReceiveCardsScoreOk with data set &quot;add 8 and Ace (worth 1)&quot;" class="App\Game\ReceiverTest" classname="App.Game.ReceiverTest" file="/Users/alex/dbwebb-kurser/mvc/me/report/tests/Game/ReceiverTest.php" line="31" assertions="1" time="0.002364"/>
          <testcase name="testReceiveCardsScoreOk with data set &quot;add 7 and Ace (worth 14)&quot;" class="App\Game\ReceiverTest" classname="App.Game.ReceiverTest" file="/Users/alex/dbwebb-kurser/mvc/me/report/tests/Game/ReceiverTest.php" line="31" assertions="1" time="0.001843"/>
        </testsuite>
        <testcase name="testGetCards" class="App\Game\ReceiverTest" classname="App.Game.ReceiverTest" file="/Users/alex/dbwebb-kurser/mvc/me/report/tests/Game/ReceiverTest.php" line="51" assertions="1" time="0.001440"/>
        <testcase name="testReset" class="App\Game\ReceiverTest" classname="App.Game.ReceiverTest" file="/Users/alex/dbwebb-kurser/mvc/me/report/tests/Game/ReceiverTest.php" line="64" assertions="4" time="0.007941"/>
      </testsuite>
      <testsuite name="App\Game\WinsStakeTest" file="/Users/alex/dbwebb-kurser/mvc/me/report/tests/Game/WinsStakeTest.php" tests="4" assertions="16" errors="0" warnings="0" failures="0" skipped="0" time="0.007883">
        <testsuite name="App\Game\WinsStakeTest::testPlayerWinsStake" tests="2" assertions="8" errors="0" warnings="0" failures="0" skipped="0" time="0.002298">
          <testcase name="testPlayerWinsStake with data set &quot;win — game not over&quot;" class="App\Game\WinsStakeTest" classname="App.Game.WinsStakeTest" file="/Users/alex/dbwebb-kurser/mvc/me/report/tests/Game/WinsStakeTest.php" line="31" assertions="4" time="0.001031"/>
          <testcase name="testPlayerWinsStake with data set &quot;win — game over&quot;" class="App\Game\WinsStakeTest" classname="App.Game.WinsStakeTest" file="/Users/alex/dbwebb-kurser/mvc/me/report/tests/Game/WinsStakeTest.php" line="31" assertions="4" time="0.001267"/>
        </testsuite>
        <testsuite name="App\Game\WinsStakeTest::testBankerWinsStake" tests="2" assertions="8" errors="0" warnings="0" failures="0" skipped="0" time="0.005585">
          <testcase name="testBankerWinsStake with data set &quot;win — game not over&quot;" class="App\Game\WinsStakeTest" classname="App.Game.WinsStakeTest" file="/Users/alex/dbwebb-kurser/mvc/me/report/tests/Game/WinsStakeTest.php" line="51" assertions="4" time="0.004129"/>
          <testcase name="testBankerWinsStake with data set &quot;win — game over&quot;" class="App\Game\WinsStakeTest" classname="App.Game.WinsStakeTest" file="/Users/alex/dbwebb-kurser/mvc/me/report/tests/Game/WinsStakeTest.php" line="51" assertions="4" time="0.001456"/>
        </testsuite>
      </testsuite>
    </testsuite>
  </testsuite>
</testsuites>
